[22:21:11] [ClientServer/ClientMain/KERNEL]: 0.开始建立网络连接…………
[22:21:12] [ClientServer/ClientMain/KERNEL]: 1.网络连接成功!
[22:21:12] [ClientServer/ClientMain/KERNEL]: 2.发送0000包，确认对方是否为服务器Gate端
[22:21:12] [ClientSever/LoginBox/serverState/INFO]: Receive a package 0001(回应连接请求)
[22:21:12] [ClientSever/LoginBox/serverState/INFO]: package 0001: 1
[22:21:12] [ClientServer/ClientMain/KERNEL]: 3.收到0001包，确认对方为服务器Gate端
[22:21:12] [ClientServer/ClientMain/KERNEL]: 4.初始化loginBox登陆界面
[22:21:14] [ClientServer/LoginBox/onLoginResponse/INFO]: Receive a package 0003(登陆反馈)
[22:21:14] [ClientServer/LoginBox/onLoginResponse/INFO]: package 0003: true
[22:21:15] [ClientSever/LoginBox/addCharacter/INFO]: Receive a package 0006(角色预加载)
[22:21:15] [ClientSever/LoginBox/addCharacter/INFO]: Receive a package 0006(角色预加载)
[22:21:15] [ClientServer/LoginBox/noMorePackage/INFO]: Receive a package 0006(角色预加载: 这是最后一个空包
[22:21:15] [ClientServer/LoginBox/onCreatResponse/INFO]: Receive a package 0009(角色创建结果)
[22:21:18] [ClientSever/LoginBox/addCharacter/INFO]: Receive a package 0006(角色预加载)
[22:21:18] [ClientServer/ClientMain/KERNEL]: 5.登陆结束
[22:21:18] [ClientServer/ClientMain/KERNEL]: 6.开始游戏，启动gameBox
[22:21:18] [ClientServer/GameBox/startGame/KERNEL]: 接收主角详细信息(000A):关闭加载窗口,开始游戏!
[22:21:18] [Client/GameBox/updateTarget/INFO]: receive Package 000C(角色目标)
[22:21:18] [Client/GameBox/updateTarget/INFO]: targetX: 10000/targetY 20000
[22:21:20] [Client/GameBox/updateTarget/INFO]: receive Package 000C(角色目标)
[22:21:20] [Client/GameBox/updateTarget/INFO]: targetX: 398/targetY 224
[22:21:20] [Client/GameBox/sendTargetPos/INFO]: package 000B(角色移动意图) send!
[22:21:20] [Client/GameBox/sendTargetPos/INFO]: targetX: 398.0/targetY: 224.0
[22:21:35] [Client/GameBox/updateTarget/INFO]: receive Package 000C(角色目标)
[22:21:35] [Client/GameBox/updateTarget/INFO]: targetX: 820/targetY 156
[22:21:35] [Client/GameBox/sendTargetPos/INFO]: package 000B(角色移动意图) send!
[22:21:35] [Client/GameBox/sendTargetPos/INFO]: targetX: 820.0/targetY: 156.0
[22:21:35] [AioModule/Write/Failed/WARNING]: Failed to send to sessionnull. java.nio.channels.ClosedChannelException
[22:21:51] [Client/GameBox/updateTarget/INFO]: receive Package 000C(角色目标)
[22:21:51] [Client/GameBox/updateTarget/INFO]: targetX: 509/targetY 165
[22:21:51] [Client/GameBox/sendTargetPos/INFO]: package 000B(角色移动意图) send!
[22:21:51] [Client/GameBox/sendTargetPos/INFO]: targetX: 509.0/targetY: 165.0
