[14:55:37] [ClientServer/ClientMain/KERNEL]: 0.开始建立网络连接…………
[14:55:37] [ClientServer/ClientMain/KERNEL]: 1.网络连接成功!
[14:55:37] [ClientServer/ClientMain/KERNEL]: 2.发送0000包，确认对方是否为服务器Gate端
[14:55:37] [ClientSever/LoginBox/serverState/INFO]: Receive a package 0001(回应连接请求)
[14:55:37] [ClientSever/LoginBox/serverState/INFO]: package 0001: 1
[14:55:37] [ClientServer/ClientMain/KERNEL]: 3.收到0001包，确认对方为服务器Gate端
[14:55:37] [ClientServer/ClientMain/KERNEL]: 4.初始化loginBox登陆界面
[14:55:37] [ClientServer/LoginBox/onLoginResponse/INFO]: Receive a package 0003(登陆反馈)
[14:55:37] [ClientServer/LoginBox/onLoginResponse/INFO]: package 0003: true
[14:55:38] [ClientSever/LoginBox/addCharacter/INFO]: Receive a package 0006(角色预加载)
[14:55:38] [ClientSever/LoginBox/addCharacter/INFO]: Receive a package 0006(角色预加载)
[14:55:38] [ClientServer/LoginBox/noMorePackage/INFO]: Receive a package 0006(角色预加载: 这是最后一个空包
[14:55:38] [ClientServer/LoginBox/onCreatResponse/INFO]: Receive a package 0009(角色创建结果)
[14:55:40] [ClientSever/LoginBox/addCharacter/INFO]: Receive a package 0006(角色预加载)
[14:55:40] [ClientServer/ClientMain/KERNEL]: 5.登陆结束
[14:55:40] [ClientServer/ClientMain/KERNEL]: 6.开始游戏，启动gameBox
[14:55:40] [ClientServer/GameBox/startGame/KERNEL]: 接收主角详细信息(000A):关闭加载窗口,开始游戏!
[14:55:40] [Client/GameBox/updateTarget/INFO]: receive Package 000C(角色目标)
[14:55:40] [Client/GameBox/updateTarget/INFO]: targetX: 10000/targetY 20000
[14:55:42] [Client/GameBox/updateTarget/INFO]: receive Package 000C(角色目标)
[14:55:42] [Client/GameBox/updateTarget/INFO]: targetX: 464/targetY 202
[14:55:42] [Client/GameBox/sendTargetPos/INFO]: package 000B(角色移动意图) send!
[14:55:42] [Client/GameBox/sendTargetPos/INFO]: targetX: 464.0/targetY: 202.0
[14:55:44] [Client/GameBox/updateTarget/INFO]: receive Package 000C(角色目标)
[14:55:44] [Client/GameBox/updateTarget/INFO]: targetX: 265/targetY 383
[14:55:44] [Client/GameBox/sendTargetPos/INFO]: package 000B(角色移动意图) send!
[14:55:44] [Client/GameBox/sendTargetPos/INFO]: targetX: 265.0/targetY: 383.0
[14:55:45] [Client/GameBox/updateTarget/INFO]: receive Package 000C(角色目标)
[14:55:45] [Client/GameBox/updateTarget/INFO]: targetX: 321/targetY 551
[14:55:45] [Client/GameBox/sendTargetPos/INFO]: package 000B(角色移动意图) send!
[14:55:45] [Client/GameBox/sendTargetPos/INFO]: targetX: 321.0/targetY: 551.0
[14:55:50] [Client/GameBox/updateTarget/INFO]: receive Package 000C(角色目标)
[14:55:50] [Client/GameBox/updateTarget/INFO]: targetX: 556/targetY 869
[14:55:50] [Client/GameBox/sendTargetPos/INFO]: package 000B(角色移动意图) send!
[14:55:50] [Client/GameBox/sendTargetPos/INFO]: targetX: 556.0/targetY: 869.0
[14:55:50] [AioModule/Write/Failed/WARNING]: Failed to send to sessionnull. java.nio.channels.ClosedChannelException
