[20:03:01] [ClientServer/ClientMain/KERNEL]: 0.开始建立网络连接…………
[20:03:01] [ClientServer/ClientMain/KERNEL]: 1.网络连接成功!
[20:03:01] [ClientServer/ClientMain/KERNEL]: 2.发送0000包，确认对方是否为服务器Gate端
[20:03:01] [ClientSever/LoginBox/serverState/INFO]: Receive a package 0001(回应连接请求)
[20:03:01] [ClientSever/LoginBox/serverState/INFO]: package 0001: 1
[20:03:01] [ClientServer/ClientMain/KERNEL]: 3.收到0001包，确认对方为服务器Gate端
[20:03:01] [ClientServer/ClientMain/KERNEL]: 4.初始化loginBox登陆界面
[20:03:01] [ClientServer/LoginBox/onLoginResponse/INFO]: Receive a package 0003(登陆反馈)
[20:03:01] [ClientServer/LoginBox/onLoginResponse/INFO]: package 0003: true
[20:03:02] [ClientSever/LoginBox/addCharacter/INFO]: Receive a package 0006(角色预加载)
[20:03:02] [ClientSever/LoginBox/addCharacter/INFO]: Receive a package 0006(角色预加载)
[20:03:02] [ClientServer/LoginBox/noMorePackage/INFO]: Receive a package 0006(角色预加载: 这是最后一个空包
[20:03:03] [ClientServer/LoginBox/onCreatResponse/INFO]: Receive a package 0009(角色创建结果)
[20:03:04] [ClientSever/LoginBox/addCharacter/INFO]: Receive a package 0006(角色预加载)
[20:03:04] [ClientServer/ClientMain/KERNEL]: 5.登陆结束
[20:03:04] [ClientServer/ClientMain/KERNEL]: 6.开始游戏，启动gameBox
[20:03:04] [ClientServer/GameBox/startGame/KERNEL]: 接收主角详细信息(000A):关闭加载窗口,开始游戏!
[20:03:04] [Client/GameBox/updateTarget/INFO]: receive Package 000C(角色目标)
[20:03:04] [Client/GameBox/updateTarget/INFO]: targetX: 10000/targetY 20000
[20:03:05] [Client/GameBox/updateTarget/INFO]: receive Package 000C(角色目标)
[20:03:05] [Client/GameBox/updateTarget/INFO]: targetX: 263/targetY 137
[20:03:05] [Client/GameBox/sendTargetPos/INFO]: package 000B(角色移动意图) send!
[20:03:05] [Client/GameBox/sendTargetPos/INFO]: targetX: 263.0/targetY: 137.0
[20:03:06] [Client/GameBox/updateTarget/INFO]: receive Package 000C(角色目标)
[20:03:06] [Client/GameBox/updateTarget/INFO]: targetX: 603/targetY 269
[20:03:06] [Client/GameBox/sendTargetPos/INFO]: package 000B(角色移动意图) send!
[20:03:06] [Client/GameBox/sendTargetPos/INFO]: targetX: 603.0/targetY: 269.0
