[20:19:59] [ClientServer/ClientMain/KERNEL]: 0.开始建立网络连接…………
[20:19:59] [ClientServer/ClientMain/KERNEL]: 1.网络连接成功!
[20:19:59] [ClientServer/ClientMain/KERNEL]: 2.发送0000包，确认对方是否为服务器Gate端
[20:19:59] [ClientSever/LoginBox/serverState/INFO]: Receive a package 0001(回应连接请求)
[20:19:59] [ClientSever/LoginBox/serverState/INFO]: package 0001: 1
[20:19:59] [ClientServer/ClientMain/KERNEL]: 3.收到0001包，确认对方为服务器Gate端
[20:19:59] [ClientServer/ClientMain/KERNEL]: 4.初始化loginBox登陆界面
[20:19:59] [ClientServer/LoginBox/onLoginResponse/INFO]: Receive a package 0003(登陆反馈)
[20:19:59] [ClientServer/LoginBox/onLoginResponse/INFO]: package 0003: true
[20:20:00] [ClientSever/LoginBox/addCharacter/INFO]: Receive a package 0006(角色预加载)
[20:20:00] [ClientSever/LoginBox/addCharacter/INFO]: Receive a package 0006(角色预加载)
[20:20:00] [ClientServer/LoginBox/noMorePackage/INFO]: Receive a package 0006(角色预加载: 这是最后一个空包
[20:20:00] [ClientServer/LoginBox/onCreatResponse/INFO]: Receive a package 0009(角色创建结果)
[20:20:01] [ClientSever/LoginBox/addCharacter/INFO]: Receive a package 0006(角色预加载)
[20:20:01] [ClientServer/ClientMain/KERNEL]: 5.登陆结束
[20:20:01] [ClientServer/ClientMain/KERNEL]: 6.开始游戏，启动gameBox
[20:20:02] [ClientServer/GameBox/startGame/KERNEL]: 接收主角详细信息(000A):关闭加载窗口,开始游戏!
[20:20:02] [Client/GameBox/updateTarget/INFO]: receive Package 000C(角色目标)
[20:20:02] [Client/GameBox/updateTarget/INFO]: targetX: 10000/targetY 20000
[20:20:02] [Client/GameBox/updateTarget/INFO]: receive Package 000C(角色目标)
[20:20:02] [Client/GameBox/updateTarget/INFO]: targetX: 401/targetY 149
[20:20:02] [Client/GameBox/sendTargetPos/INFO]: package 000B(角色移动意图) send!
[20:20:03] [Client/GameBox/sendTargetPos/INFO]: targetX: 401.0/targetY: 149.0
[20:20:04] [Client/GameBox/updateTarget/INFO]: receive Package 000C(角色目标)
[20:20:04] [Client/GameBox/updateTarget/INFO]: targetX: 707/targetY 281
[20:20:04] [Client/GameBox/sendTargetPos/INFO]: package 000B(角色移动意图) send!
[20:20:04] [Client/GameBox/sendTargetPos/INFO]: targetX: 707.0/targetY: 281.0
[20:20:05] [Client/GameBox/updateTarget/INFO]: receive Package 000C(角色目标)
[20:20:05] [Client/GameBox/updateTarget/INFO]: targetX: 850/targetY 120
[20:20:05] [Client/GameBox/sendTargetPos/INFO]: package 000B(角色移动意图) send!
[20:20:05] [Client/GameBox/sendTargetPos/INFO]: targetX: 850.0/targetY: 120.0
[20:20:06] [Client/GameBox/updateTarget/INFO]: receive Package 000C(角色目标)
[20:20:06] [Client/GameBox/updateTarget/INFO]: targetX: 540/targetY 134
[20:20:06] [Client/GameBox/sendTargetPos/INFO]: package 000B(角色移动意图) send!
[20:20:06] [Client/GameBox/sendTargetPos/INFO]: targetX: 540.0/targetY: 134.0
[20:20:08] [Client/GameBox/updateTarget/INFO]: receive Package 000C(角色目标)
[20:20:09] [Client/GameBox/updateTarget/INFO]: targetX: 608/targetY 332
[20:20:09] [Client/GameBox/sendTargetPos/INFO]: package 000B(角色移动意图) send!
[20:20:09] [Client/GameBox/sendTargetPos/INFO]: targetX: 608.0/targetY: 332.0
[20:20:09] [Client/GameBox/updateTarget/INFO]: receive Package 000C(角色目标)
[20:20:09] [Client/GameBox/updateTarget/INFO]: targetX: 247/targetY 288
[20:20:09] [Client/GameBox/sendTargetPos/INFO]: package 000B(角色移动意图) send!
[20:20:10] [Client/GameBox/sendTargetPos/INFO]: targetX: 247.0/targetY: 288.0
[20:20:10] [AioModule/Write/Failed/WARNING]: Failed to send to sessionnull. java.nio.channels.ClosedChannelException
[20:20:10] [Client/GameBox/updateTarget/INFO]: receive Package 000C(角色目标)
[20:20:11] [Client/GameBox/updateTarget/INFO]: targetX: 552/targetY 497
[20:20:11] [Client/GameBox/sendTargetPos/INFO]: package 000B(角色移动意图) send!
[20:20:11] [Client/GameBox/sendTargetPos/INFO]: targetX: 552.0/targetY: 497.0
