[03:31:31] [ClientServer/ClientMain/KERNEL]: 0.开始建立网络连接…………
[03:31:31] [ClientServer/ClientMain/KERNEL]: 1.网络连接成功!
[03:31:31] [ClientServer/ClientMain/KERNEL]: 2.发送0000包，确认对方是否为服务器Gate端
[03:31:32] [ClientSever/LoginBox/serverState/INFO]: Receive a package 0001(回应连接请求)
[03:31:32] [ClientSever/LoginBox/serverState/INFO]: package 0001: 1
[03:31:32] [ClientServer/ClientMain/KERNEL]: 3.收到0001包，确认对方为服务器Gate端
[03:31:32] [ClientServer/ClientMain/KERNEL]: 4.初始化loginBox登陆界面
[03:31:37] [ClientServer/LoginBox/onLoginResponse/INFO]: Receive a package 0003(登陆反馈)
[03:31:37] [ClientServer/LoginBox/onLoginResponse/INFO]: package 0003: true
[03:31:38] [ClientSever/LoginBox/addCharacter/INFO]: Receive a package 0006(角色预加载)
[03:31:38] [ClientSever/LoginBox/addCharacter/INFO]: Receive a package 0006(角色预加载)
[03:31:38] [ClientServer/LoginBox/noMorePackage/INFO]: Receive a package 0006(角色预加载: 这是最后一个空包
[03:31:40] [ClientServer/LoginBox/onCreatResponse/INFO]: Receive a package 0009(角色创建结果)
[03:31:49] [ClientSever/LoginBox/addCharacter/INFO]: Receive a package 0006(角色预加载)
[03:31:49] [ClientServer/ClientMain/KERNEL]: 5.登陆结束
[03:31:49] [ClientServer/ClientMain/KERNEL]: 6.开始游戏，启动gameBox
[03:31:50] [ClientServer/GameBox/startGame/KERNEL]: 接收主角详细信息(000A):关闭加载窗口,开始游戏!
[03:31:50] [Client/GameBox/updateTarget/INFO]: receive Package 000C(角色目标)
[03:31:50] [Client/GameBox/updateTarget/INFO]: targetX: 2000/targetY 2000
[03:31:50] [Client/GameBox/updateTarget/INFO]: receive Package 000C(角色目标)
[03:31:50] [Client/GameBox/updateTarget/INFO]: targetX: 20000/targetY 20000
