[19:19:19] [ClientServer/ClientMain/KERNEL]: 1.开始建立网络连接…………
[19:19:19] [ClientServer/ClientMain/KERNEL]: 2.网络连接成功！启动loginBox
[19:19:20] [AioModule/Write/Completed/DEBUG]: Sent 14 bytes to session/162.105.38.69:8438
[19:19:20] [ClientServer/ClientMain/KERNEL]: 2.同时发送0000包，确认对方是否为网关
[19:19:20] [AioModule/Write/Completed/DEBUG]: Sent contents(14bytes): ff ff 00 00 00 0e 00 00 00 00 30 39 20 db 
[19:19:20] [AioModule/Read/Completed/DEBUG]: Received 11 bytes from session/162.105.38.69:8438
[19:19:20] [AioModule/Read/Completed/DEBUG]: Received contents(11bytes): ff ff 00 00 00 0b 00 01 01 2a 46 
[19:19:20] [ClientServer/ClientDecoder/INFO]: Receive a package 0001(回应连接请求)
[19:19:20] [ClientServer/ClientDecoder/INFO]: package 0001: 1
[19:19:20] [ClientSever/LoginBox/serverState/INFO]: Receive a package 0001(回应连接请求)
[19:19:20] [ClientSever/LoginBox/serverState/INFO]: package 0001: 1
[19:19:25] [ClientServer/LoginBox/INFO]: package 0002(登陆信息) send!
[19:19:25] [AioModule/Write/Completed/DEBUG]: Sent 45 bytes to session/162.105.38.69:8438
[19:19:25] [AioModule/Write/Completed/DEBUG]: Sent contents(45bytes): ff ff 00 00 00 2d 00 02 39 00 34 35 43 34 38 43 43 45 32 45 32 44 37 46 42 44 45 41 31 41 46 43 35 31 43 37 43 36 41 44 32 36 00 35 f4 
[19:19:25] [AioModule/Read/Completed/DEBUG]: Received 11 bytes from session/162.105.38.69:8438
[19:19:25] [AioModule/Read/Completed/DEBUG]: Received contents(11bytes): ff ff 00 00 00 0b 00 03 01 2a 58 
[19:19:25] [ClientServer/ClientDecoder/INFO]: Receive a package 0003(登陆反馈)
[19:19:25] [ClientServer/ClientDecoder/INFO]: package 0003: true
[19:19:25] [ClientServer/LoginBox/onLoginResponse/INFO]: Receive a package 0003(登陆反馈)
[19:19:25] [ClientServer/LoginBox/onLoginResponse/INFO]: package 0003: true
[19:19:26] [AioModule/Read/Completed/DEBUG]: Received 10 bytes from session/162.105.38.69:8438
[19:19:26] [AioModule/Read/Completed/DEBUG]: Received contents(10bytes): ff ff 00 00 00 0a 00 06 45 71 
[19:19:26] [ClientServer/ClientDecoder/INFO]: Receive a package 0006(角色预加载)
[19:19:26] [ClientServer/ClientDecoder/INFO]: package 0006: 这是最后一个空包
[19:19:26] [ClientServer/LoginBox/noMorePackage/INFO]: Receive a package 0006(角色预加载)
[19:19:26] [ClientServer/LoginBox/noMorePackage/INFO]: package 0006: 这是最后一个空包
[19:19:33] [ClientServer/ClientMain/KERNEL]: 3.登陆结束
[19:19:33] [ClientServer/ClientMain/KERNEL]: 登陆失败，退出主程序
