[20:08:31] [ClientServer/ClientMain/KERNEL]: 0.开始建立网络连接…………
[20:08:31] [ClientServer/ClientMain/KERNEL]: 1.网络连接成功!
[20:08:31] [ClientServer/ClientMain/KERNEL]: 2.发送0000包，确认对方是否为服务器Gate端
[20:08:31] [ClientSever/LoginBox/serverState/INFO]: Receive a package 0001(回应连接请求)
[20:08:31] [ClientSever/LoginBox/serverState/INFO]: package 0001: 1
[20:08:31] [ClientServer/ClientMain/KERNEL]: 3.收到0001包，确认对方为服务器Gate端
[20:08:31] [ClientServer/ClientMain/KERNEL]: 4.初始化loginBox登陆界面
[20:08:31] [ClientServer/LoginBox/onLoginResponse/INFO]: Receive a package 0003(登陆反馈)
[20:08:31] [ClientServer/LoginBox/onLoginResponse/INFO]: package 0003: true
[20:08:32] [ClientSever/LoginBox/addCharacter/INFO]: Receive a package 0006(角色预加载)
[20:08:32] [ClientSever/LoginBox/addCharacter/INFO]: Receive a package 0006(角色预加载)
[20:08:32] [ClientServer/LoginBox/noMorePackage/INFO]: Receive a package 0006(角色预加载: 这是最后一个空包
[20:08:33] [ClientServer/LoginBox/onCreatResponse/INFO]: Receive a package 0009(角色创建结果)
[20:08:34] [ClientSever/LoginBox/addCharacter/INFO]: Receive a package 0006(角色预加载)
[20:08:34] [ClientServer/ClientMain/KERNEL]: 5.登陆结束
[20:08:34] [ClientServer/ClientMain/KERNEL]: 6.开始游戏，启动gameBox
[20:08:34] [ClientServer/GameBox/startGame/KERNEL]: 接收主角详细信息(000A):关闭加载窗口,开始游戏!
[20:08:34] [Client/GameBox/updateTarget/INFO]: receive Package 000C(角色目标)
[20:08:34] [Client/GameBox/updateTarget/INFO]: targetX: 10000/targetY 20000
[20:08:46] [Client/GameBox/updateTarget/INFO]: receive Package 000C(角色目标)
[20:08:46] [Client/GameBox/updateTarget/INFO]: targetX: -589/targetY 282
[20:08:46] [Client/GameBox/sendTargetPos/INFO]: package 000B(角色移动意图) send!
[20:08:46] [AioModule/Write/Failed/WARNING]: Failed to send to sessionnull. java.nio.channels.ClosedChannelException
[20:08:46] [Client/GameBox/sendTargetPos/INFO]: targetX: -589.0/targetY: 282.0
[20:08:47] [Client/GameBox/updateTarget/INFO]: receive Package 000C(角色目标)
[20:08:47] [Client/GameBox/updateTarget/INFO]: targetX: -122/targetY 287
[20:08:47] [Client/GameBox/sendTargetPos/INFO]: package 000B(角色移动意图) send!
[20:08:47] [Client/GameBox/sendTargetPos/INFO]: targetX: -122.0/targetY: 287.0
[20:08:48] [Client/GameBox/updateTarget/INFO]: receive Package 000C(角色目标)
[20:08:48] [Client/GameBox/updateTarget/INFO]: targetX: 339/targetY 431
[20:08:48] [Client/GameBox/sendTargetPos/INFO]: package 000B(角色移动意图) send!
[20:08:48] [Client/GameBox/sendTargetPos/INFO]: targetX: 339.0/targetY: 431.0
