[13:36:17] [ClientServer/ClientMain/KERNEL]: 0.开始建立网络连接…………
[13:36:17] [ClientServer/ClientMain/KERNEL]: 1.网络连接成功!
[13:36:17] [ClientServer/ClientMain/KERNEL]: 2.发送0000包，确认对方是否为服务器Gate端
[13:36:18] [ClientSever/LoginBox/serverState/INFO]: Receive a package 0001(回应连接请求)
[13:36:18] [ClientSever/LoginBox/serverState/INFO]: package 0001: 1
[13:36:18] [ClientServer/ClientMain/KERNEL]: 3.收到0001包，确认对方为服务器Gate端
[13:36:18] [ClientServer/ClientMain/KERNEL]: 4.初始化loginBox登陆界面
[13:36:20] [ClientServer/LoginBox/onLoginResponse/INFO]: Receive a package 0003(登陆反馈)
[13:36:20] [ClientServer/LoginBox/onLoginResponse/INFO]: package 0003: true
[13:36:22] [ClientSever/LoginBox/addCharacter/INFO]: Receive a package 0006(角色预加载)
[13:36:22] [ClientSever/LoginBox/addCharacter/INFO]: Receive a package 0006(角色预加载)
[13:36:22] [ClientServer/LoginBox/noMorePackage/INFO]: Receive a package 0006(角色预加载: 这是最后一个空包
[13:36:24] [ClientServer/LoginBox/onCreatResponse/INFO]: Receive a package 0009(角色创建结果)
[13:36:25] [ClientSever/LoginBox/addCharacter/INFO]: Receive a package 0006(角色预加载)
[13:36:25] [ClientServer/ClientMain/KERNEL]: 5.登陆结束
[13:36:25] [ClientServer/ClientMain/KERNEL]: 6.开始游戏，启动gameBox
[13:36:25] [ClientServer/GameBox/startGame/KERNEL]: 接收主角详细信息(000A):关闭加载窗口,开始游戏!
[13:36:25] [Client/GameBox/updateTarget/INFO]: receive Package 000C(角色目标)
[13:36:25] [Client/GameBox/updateTarget/INFO]: targetX: 2000/targetY 5000
[13:36:25] [Client/GameBox/updateTarget/INFO]: receive Package 000C(角色目标)
[13:36:25] [Client/GameBox/updateTarget/INFO]: targetX: 10000/targetY 20000
