[16:40:43] [ClientServer/ClientMain/KERNEL]: 1.¿ªÊ¼½¨Á¢ÍøÂçÁ¬½Ó¡­¡­¡­¡­
[16:40:43] [ClientServer/ClientMain/KERNEL]: 2.ÍøÂçÁ¬½Ó³É¹¦£¡Æô¶¯loginBox
[16:40:44] [ClientServer/ClientMain/KERNEL]: 2.Í¬Ê±·¢ËÍ0000°ü£¬È·ÈÏ¶Ô·½ÊÇ·ñÎªÍø¹Ø
[16:40:44] [AioModule/Write/Completed/DEBUG]: Sent 14 bytes to session/162.105.38.69:8438
[16:40:44] [AioModule/Write/Completed/DEBUG]: Sent contents(14bytes): ff ff 00 00 00 0e 00 00 00 00 30 39 20 db 
[16:40:44] [AioModule/Read/Completed/DEBUG]: Received 11 bytes from session/162.105.38.69:8438
[16:40:44] [AioModule/Read/Completed/DEBUG]: Received contents(11bytes): ff ff 00 00 00 0b 00 01 01 2a 46 
[16:40:44] [ClientServer/ClientDecoder/INFO]: Receive a package 0001(»ØÓ¦Á¬½ÓÇëÇó)
[16:40:44] [ClientServer/ClientDecoder/INFO]: package 0001: 1
[16:40:44] [ClientSever/LoginBox/serverState/INFO]: Receive a package 0001(»ØÓ¦Á¬½ÓÇëÇó)
[16:40:44] [ClientSever/LoginBox/serverState/INFO]: package 0001: 1
[16:40:56] [ClientServer/LoginBox/INFO]: package 0002(µÇÂ½ÐÅÏ¢) send!
[16:40:56] [AioModule/Write/Completed/DEBUG]: Sent 47 bytes to session/162.105.38.69:8438
[16:40:56] [AioModule/Write/Completed/DEBUG]: Sent contents(47bytes): ff ff 00 00 00 2f 00 02 32 33 33 00 42 43 42 45 33 33 36 35 45 36 41 43 39 35 45 41 32 43 30 33 34 33 41 32 33 39 35 38 33 34 44 44 00 3e cb 
[16:40:57] [AioModule/Read/Completed/DEBUG]: Received 11 bytes from session/162.105.38.69:8438
[16:40:57] [AioModule/Read/Completed/DEBUG]: Received contents(11bytes): ff ff 00 00 00 0b 00 03 01 2a 58 
[16:40:57] [ClientServer/ClientDecoder/INFO]: Receive a package 0003(µÇÂ½·´À¡)
[16:40:57] [ClientServer/ClientDecoder/INFO]: package 0003: true
[16:40:57] [ClientServer/LoginBox/onLoginResponse/INFO]: Receive a package 0003(µÇÂ½·´À¡)
[16:40:57] [ClientServer/LoginBox/onLoginResponse/INFO]: package 0003: true
[16:40:58] [AioModule/Read/Completed/DEBUG]: Received 22 bytes from session/162.105.38.69:8438
[16:40:58] [AioModule/Read/Completed/DEBUG]: Received contents(22bytes): ff ff 00 00 00 0b 00 03 01 2a 58 ff ff 00 00 00 0b 00 03 01 2a 58 
[16:40:58] [ClientServer/ClientDecoder/INFO]: Receive a package 0003(µÇÂ½·´À¡)
[16:40:58] [ClientServer/ClientDecoder/INFO]: package 0003: true
[16:40:58] [ClientServer/LoginBox/onLoginResponse/INFO]: Receive a package 0003(µÇÂ½·´À¡)
[16:40:58] [ClientServer/LoginBox/onLoginResponse/INFO]: package 0003: true
[16:40:58] [AioModule/Read/Completed/DEBUG]: Received 11 bytes from session/162.105.38.69:8438
[16:40:58] [AioModule/Read/Completed/DEBUG]: Received contents(22bytes): ff ff 00 00 00 0b 00 03 01 2a 58 ff ff 00 00 00 0b 00 03 01 2a 58 
[16:40:58] [ClientServer/ClientDecoder/INFO]: Receive a package 0003(µÇÂ½·´À¡)
[16:40:58] [ClientServer/ClientDecoder/INFO]: package 0003: true
[16:40:58] [ClientServer/LoginBox/onLoginResponse/INFO]: Receive a package 0003(µÇÂ½·´À¡)
[16:40:58] [ClientServer/LoginBox/onLoginResponse/INFO]: package 0003: true
[16:40:59] [AioModule/Read/Completed/DEBUG]: Received 22 bytes from session/162.105.38.69:8438
[16:40:59] [AioModule/Read/Completed/DEBUG]: Received contents(33bytes): ff ff 00 00 00 0b 00 03 01 2a 58 ff ff 00 00 00 0b 00 03 01 2a 58 ff ff 00 00 00 0b 00 03 01 2a 58 
[16:40:59] [ClientServer/ClientDecoder/INFO]: Receive a package 0003(µÇÂ½·´À¡)
[16:40:59] [ClientServer/ClientDecoder/INFO]: package 0003: true
[16:40:59] [ClientServer/LoginBox/onLoginResponse/INFO]: Receive a package 0003(µÇÂ½·´À¡)
[16:40:59] [ClientServer/LoginBox/onLoginResponse/INFO]: package 0003: true
[16:40:59] [AioModule/Read/Completed/DEBUG]: Received 22 bytes from session/162.105.38.69:8438
[16:40:59] [AioModule/Read/Completed/DEBUG]: Received contents(44bytes): ff ff 00 00 00 0b 00 03 01 2a 58 ff ff 00 00 00 0b 00 03 01 2a 58 ff ff 00 00 00 0b 00 03 01 2a 58 ff ff 00 00 00 0b 00 03 01 2a 58 
[16:40:59] [ClientServer/ClientDecoder/INFO]: Receive a package 0003(µÇÂ½·´À¡)
[16:40:59] [ClientServer/ClientDecoder/INFO]: package 0003: true
[16:40:59] [ClientServer/LoginBox/onLoginResponse/INFO]: Receive a package 0003(µÇÂ½·´À¡)
[16:40:59] [ClientServer/LoginBox/onLoginResponse/INFO]: package 0003: true
[16:41:00] [AioModule/Read/Completed/DEBUG]: Received 33 bytes from session/162.105.38.69:8438
[16:41:00] [AioModule/Read/Completed/DEBUG]: Received contents(66bytes): ff ff 00 00 00 0b 00 03 01 2a 58 ff ff 00 00 00 0b 00 03 01 2a 58 ff ff 00 00 00 0b 00 03 01 2a 58 ff ff 00 00 00 0b 00 03 01 2a 58 ff ff 00 00 00 0b 00 03 01 2a 58 ff ff 00 00 00 0b 00 03 01 2a 58 
[16:41:00] [ClientServer/ClientDecoder/INFO]: Receive a package 0003(µÇÂ½·´À¡)
[16:41:00] [ClientServer/ClientDecoder/INFO]: package 0003: true
[16:41:00] [ClientServer/LoginBox/onLoginResponse/INFO]: Receive a package 0003(µÇÂ½·´À¡)
[16:41:00] [ClientServer/LoginBox/onLoginResponse/INFO]: package 0003: true
[16:41:00] [AioModule/Read/Completed/DEBUG]: Received 22 bytes from session/162.105.38.69:8438
[16:41:00] [AioModule/Read/Completed/DEBUG]: Received contents(77bytes): ff ff 00 00 00 0b 00 03 01 2a 58 ff ff 00 00 00 0b 00 03 01 2a 58 ff ff 00 00 00 0b 00 03 01 2a 58 ff ff 00 00 00 0b 00 03 01 2a 58 ff ff 00 00 00 0b 00 03 01 2a 58 ff ff 00 00 00 0b 00 03 01 2a 58 ff ff 00 00 00 0b 00 03 01 2a 58 
[16:41:00] [ClientServer/ClientDecoder/INFO]: Receive a package 0003(µÇÂ½·´À¡)
[16:41:00] [ClientServer/ClientDecoder/INFO]: package 0003: true
[16:41:00] [ClientServer/LoginBox/onLoginResponse/INFO]: Receive a package 0003(µÇÂ½·´À¡)
[16:41:00] [ClientServer/LoginBox/onLoginResponse/INFO]: package 0003: true
[16:41:01] [AioModule/Read/Completed/DEBUG]: Received 22 bytes from session/162.105.38.69:8438
[16:41:01] [AioModule/Read/Completed/DEBUG]: Received contents(88bytes): ff ff 00 00 00 0b 00 03 01 2a 58 ff ff 00 00 00 0b 00 03 01 2a 58 ff ff 00 00 00 0b 00 03 01 2a 58 ff ff 00 00 00 0b 00 03 01 2a 58 ff ff 00 00 00 0b 00 03 01 2a 58 ff ff 00 00 00 0b 00 03 01 2a 58 ff ff 00 00 00 0b 00 03 01 2a 58 ff ff 00 00 00 0b 00 03 01 2a 58 
[16:41:01] [ClientServer/ClientDecoder/INFO]: Receive a package 0003(µÇÂ½·´À¡)
[16:41:01] [ClientServer/ClientDecoder/INFO]: package 0003: true
[16:41:01] [ClientServer/LoginBox/onLoginResponse/INFO]: Receive a package 0003(µÇÂ½·´À¡)
[16:41:01] [ClientServer/LoginBox/onLoginResponse/INFO]: package 0003: true
[16:41:01] [AioModule/Read/Completed/DEBUG]: Received 22 bytes from session/162.105.38.69:8438
[16:41:01] [AioModule/Read/Completed/DEBUG]: Received contents(99bytes): ff ff 00 00 00 0b 00 03 01 2a 58 ff ff 00 00 00 0b 00 03 01 2a 58 ff ff 00 00 00 0b 00 03 01 2a 58 ff ff 00 00 00 0b 00 03 01 2a 58 ff ff 00 00 00 0b 00 03 01 2a 58 ff ff 00 00 00 0b 00 03 01 2a 58 ff ff 00 00 00 0b 00 03 01 2a 58 ff ff 00 00 00 0b 00 03 01 2a 58 ff ff 00 00 00 0b 00 03 01 2a 58 
[16:41:01] [ClientServer/ClientDecoder/INFO]: Receive a package 0003(µÇÂ½·´À¡)
[16:41:01] [ClientServer/ClientDecoder/INFO]: package 0003: true
[16:41:01] [ClientServer/LoginBox/onLoginResponse/INFO]: Receive a package 0003(µÇÂ½·´À¡)
[16:41:01] [ClientServer/LoginBox/onLoginResponse/INFO]: package 0003: true
[16:41:02] [AioModule/Read/Completed/DEBUG]: Received 22 bytes from session/162.105.38.69:8438
[16:41:02] [AioModule/Read/Completed/DEBUG]: Received contents(110bytes): ff ff 00 00 00 0b 00 03 01 2a 58 ff ff 00 00 00 0b 00 03 01 2a 58 ff ff 00 00 00 0b 00 03 01 2a 58 ff ff 00 00 00 0b 00 03 01 2a 58 ff ff 00 00 00 0b 00 03 01 2a 58 ff ff 00 00 00 0b 00 03 01 2a 58 ff ff 00 00 00 0b 00 03 01 2a 58 ff ff 00 00 00 0b 00 03 01 2a 58 ff ff 00 00 00 0b 00 03 01 2a 58 ff ff 00 00 00 0b 00 03 01 2a 58 
[16:41:02] [ClientServer/ClientDecoder/INFO]: Receive a package 0003(µÇÂ½·´À¡)
[16:41:02] [ClientServer/ClientDecoder/INFO]: package 0003: true
[16:41:02] [ClientServer/LoginBox/onLoginResponse/INFO]: Receive a package 0003(µÇÂ½·´À¡)
[16:41:02] [ClientServer/LoginBox/onLoginResponse/INFO]: package 0003: true
[16:41:03] [AioModule/Read/Completed/DEBUG]: Received 11 bytes from session/162.105.38.69:8438
[16:41:03] [AioModule/Read/Completed/DEBUG]: Received contents(110bytes): ff ff 00 00 00 0b 00 03 01 2a 58 ff ff 00 00 00 0b 00 03 01 2a 58 ff ff 00 00 00 0b 00 03 01 2a 58 ff ff 00 00 00 0b 00 03 01 2a 58 ff ff 00 00 00 0b 00 03 01 2a 58 ff ff 00 00 00 0b 00 03 01 2a 58 ff ff 00 00 00 0b 00 03 01 2a 58 ff ff 00 00 00 0b 00 03 01 2a 58 ff ff 00 00 00 0b 00 03 01 2a 58 ff ff 00 00 00 0b 00 03 01 2a 58 
[16:41:03] [ClientServer/ClientDecoder/INFO]: Receive a package 0003(µÇÂ½·´À¡)
[16:41:03] [ClientServer/ClientDecoder/INFO]: package 0003: true
[16:41:03] [ClientServer/LoginBox/onLoginResponse/INFO]: Receive a package 0003(µÇÂ½·´À¡)
[16:41:03] [ClientServer/LoginBox/onLoginResponse/INFO]: package 0003: true
[16:41:03] [AioModule/Read/Completed/DEBUG]: Received 22 bytes from session/162.105.38.69:8438
[16:41:03] [AioModule/Read/Completed/DEBUG]: Received contents(121bytes): ff ff 00 00 00 0b 00 03 01 2a 58 ff ff 00 00 00 0b 00 03 01 2a 58 ff ff 00 00 00 0b 00 03 01 2a 58 ff ff 00 00 00 0b 00 03 01 2a 58 ff ff 00 00 00 0b 00 03 01 2a 58 ff ff 00 00 00 0b 00 03 01 2a 58 ff ff 00 00 00 0b 00 03 01 2a 58 ff ff 00 00 00 0b 00 03 01 2a 58 ff ff 00 00 00 0b 00 03 01 2a 58 ff ff 00 00 00 0b 00 03 01 2a 58 ff ff 00 00 00 0b 00 03 01 2a 58 
[16:41:03] [ClientServer/ClientDecoder/INFO]: Receive a package 0003(µÇÂ½·´À¡)
[16:41:03] [ClientServer/ClientDecoder/INFO]: package 0003: true
[16:41:03] [ClientServer/LoginBox/onLoginResponse/INFO]: Receive a package 0003(µÇÂ½·´À¡)
[16:41:03] [ClientServer/LoginBox/onLoginResponse/INFO]: package 0003: true
[16:41:04] [AioModule/Read/Completed/DEBUG]: Received 11 bytes from session/162.105.38.69:8438
[16:41:04] [AioModule/Read/Completed/DEBUG]: Received contents(121bytes): ff ff 00 00 00 0b 00 03 01 2a 58 ff ff 00 00 00 0b 00 03 01 2a 58 ff ff 00 00 00 0b 00 03 01 2a 58 ff ff 00 00 00 0b 00 03 01 2a 58 ff ff 00 00 00 0b 00 03 01 2a 58 ff ff 00 00 00 0b 00 03 01 2a 58 ff ff 00 00 00 0b 00 03 01 2a 58 ff ff 00 00 00 0b 00 03 01 2a 58 ff ff 00 00 00 0b 00 03 01 2a 58 ff ff 00 00 00 0b 00 03 01 2a 58 ff ff 00 00 00 0b 00 03 01 2a 58 
[16:41:04] [ClientServer/ClientDecoder/INFO]: Receive a package 0003(µÇÂ½·´À¡)
[16:41:04] [ClientServer/ClientDecoder/INFO]: package 0003: true
[16:41:04] [ClientServer/LoginBox/onLoginResponse/INFO]: Receive a package 0003(µÇÂ½·´À¡)
[16:41:04] [ClientServer/LoginBox/onLoginResponse/INFO]: package 0003: true
[16:41:04] [AioModule/Read/Completed/DEBUG]: Received 11 bytes from session/162.105.38.69:8438
[16:41:04] [AioModule/Read/Completed/DEBUG]: Received contents(121bytes): ff ff 00 00 00 0b 00 03 01 2a 58 ff ff 00 00 00 0b 00 03 01 2a 58 ff ff 00 00 00 0b 00 03 01 2a 58 ff ff 00 00 00 0b 00 03 01 2a 58 ff ff 00 00 00 0b 00 03 01 2a 58 ff ff 00 00 00 0b 00 03 01 2a 58 ff ff 00 00 00 0b 00 03 01 2a 58 ff ff 00 00 00 0b 00 03 01 2a 58 ff ff 00 00 00 0b 00 03 01 2a 58 ff ff 00 00 00 0b 00 03 01 2a 58 ff ff 00 00 00 0b 00 03 01 2a 58 
[16:41:04] [ClientServer/ClientDecoder/INFO]: Receive a package 0003(µÇÂ½·´À¡)
[16:41:04] [ClientServer/ClientDecoder/INFO]: package 0003: true
[16:41:04] [ClientServer/LoginBox/onLoginResponse/INFO]: Receive a package 0003(µÇÂ½·´À¡)
[16:41:04] [ClientServer/LoginBox/onLoginResponse/INFO]: package 0003: true
[16:41:05] [AioModule/Read/Completed/DEBUG]: Received 18 bytes from session/162.105.38.69:8438
[16:41:05] [AioModule/Read/Completed/DEBUG]: Received contents(128bytes): ff ff 00 00 00 0b 00 03 01 2a 58 ff ff 00 00 00 0b 00 03 01 2a 58 ff ff 00 00 00 0b 00 03 01 2a 58 ff ff 00 00 00 0b 00 03 01 2a 58 ff ff 00 00 00 0b 00 03 01 2a 58 ff ff 00 00 00 0b 00 03 01 2a 58 ff ff 00 00 00 0b 00 03 01 2a 58 ff ff 00 00 00 0b 00 03 01 2a 58 ff ff 00 00 00 0b 00 03 01 2a 58 ff ff 00 00 00 0b 00 03 01 2a 58 ff ff 00 00 00 0b 00 03 01 2a 58 ff ff 00 00 00 0b 00 
[16:41:05] [ClientServer/ClientDecoder/INFO]: Receive a package 0003(µÇÂ½·´À¡)
[16:41:05] [ClientServer/ClientDecoder/INFO]: package 0003: true
[16:41:05] [ClientServer/LoginBox/onLoginResponse/INFO]: Receive a package 0003(µÇÂ½·´À¡)
[16:41:05] [ClientServer/LoginBox/onLoginResponse/INFO]: package 0003: true
[16:41:05] [AioModule/Read/Completed/DEBUG]: Received 11 bytes from session/162.105.38.69:8438
[16:41:05] [AioModule/Read/Completed/DEBUG]: Received contents(128bytes): ff ff 00 00 00 0b 00 03 01 2a 58 ff ff 00 00 00 0b 00 03 01 2a 58 ff ff 00 00 00 0b 00 03 01 2a 58 ff ff 00 00 00 0b 00 03 01 2a 58 ff ff 00 00 00 0b 00 03 01 2a 58 ff ff 00 00 00 0b 00 03 01 2a 58 ff ff 00 00 00 0b 00 03 01 2a 58 ff ff 00 00 00 0b 00 03 01 2a 58 ff ff 00 00 00 0b 00 03 01 2a 58 ff ff 00 00 00 0b 00 03 01 2a 58 ff ff 00 00 00 0b 00 03 01 2a 58 ff ff 00 00 00 0b 00 
[16:41:05] [ClientServer/ClientDecoder/INFO]: Receive a package 0003(µÇÂ½·´À¡)
[16:41:05] [ClientServer/ClientDecoder/INFO]: package 0003: true
[16:41:05] [ClientServer/LoginBox/onLoginResponse/INFO]: Receive a package 0003(µÇÂ½·´À¡)
[16:41:05] [ClientServer/LoginBox/onLoginResponse/INFO]: package 0003: true
[16:41:06] [AioModule/Read/Completed/DEBUG]: Received 11 bytes from session/162.105.38.69:8438
[16:41:06] [AioModule/Read/Completed/DEBUG]: Received contents(128bytes): ff ff 00 00 00 0b 00 03 01 2a 58 ff ff 00 00 00 0b 00 03 01 2a 58 ff ff 00 00 00 0b 00 03 01 2a 58 ff ff 00 00 00 0b 00 03 01 2a 58 ff ff 00 00 00 0b 00 03 01 2a 58 ff ff 00 00 00 0b 00 03 01 2a 58 ff ff 00 00 00 0b 00 03 01 2a 58 ff ff 00 00 00 0b 00 03 01 2a 58 ff ff 00 00 00 0b 00 03 01 2a 58 ff ff 00 00 00 0b 00 03 01 2a 58 ff ff 00 00 00 0b 00 03 01 2a 58 ff ff 00 00 00 0b 00 
[16:41:06] [ClientServer/ClientDecoder/INFO]: Receive a package 0003(µÇÂ½·´À¡)
[16:41:06] [ClientServer/ClientDecoder/INFO]: package 0003: true
[16:41:06] [ClientServer/LoginBox/onLoginResponse/INFO]: Receive a package 0003(µÇÂ½·´À¡)
[16:41:06] [ClientServer/LoginBox/onLoginResponse/INFO]: package 0003: true
[16:41:07] [AioModule/Read/Completed/DEBUG]: Received 11 bytes from session/162.105.38.69:8438
[16:41:07] [AioModule/Read/Completed/DEBUG]: Received contents(128bytes): ff ff 00 00 00 0b 00 03 01 2a 58 ff ff 00 00 00 0b 00 03 01 2a 58 ff ff 00 00 00 0b 00 03 01 2a 58 ff ff 00 00 00 0b 00 03 01 2a 58 ff ff 00 00 00 0b 00 03 01 2a 58 ff ff 00 00 00 0b 00 03 01 2a 58 ff ff 00 00 00 0b 00 03 01 2a 58 ff ff 00 00 00 0b 00 03 01 2a 58 ff ff 00 00 00 0b 00 03 01 2a 58 ff ff 00 00 00 0b 00 03 01 2a 58 ff ff 00 00 00 0b 00 03 01 2a 58 ff ff 00 00 00 0b 00 
[16:41:07] [ClientServer/ClientDecoder/INFO]: Receive a package 0003(µÇÂ½·´À¡)
[16:41:07] [ClientServer/ClientDecoder/INFO]: package 0003: true
[16:41:07] [ClientServer/LoginBox/onLoginResponse/INFO]: Receive a package 0003(µÇÂ½·´À¡)
[16:41:07] [ClientServer/LoginBox/onLoginResponse/INFO]: package 0003: true
[16:41:07] [AioModule/Read/Completed/DEBUG]: Received 11 bytes from session/162.105.38.69:8438
[16:41:07] [AioModule/Read/Completed/DEBUG]: Received contents(128bytes): ff ff 00 00 00 0b 00 03 01 2a 58 ff ff 00 00 00 0b 00 03 01 2a 58 ff ff 00 00 00 0b 00 03 01 2a 58 ff ff 00 00 00 0b 00 03 01 2a 58 ff ff 00 00 00 0b 00 03 01 2a 58 ff ff 00 00 00 0b 00 03 01 2a 58 ff ff 00 00 00 0b 00 03 01 2a 58 ff ff 00 00 00 0b 00 03 01 2a 58 ff ff 00 00 00 0b 00 03 01 2a 58 ff ff 00 00 00 0b 00 03 01 2a 58 ff ff 00 00 00 0b 00 03 01 2a 58 ff ff 00 00 00 0b 00 
[16:41:07] [ClientServer/ClientDecoder/INFO]: Receive a package 0003(µÇÂ½·´À¡)
[16:41:07] [ClientServer/ClientDecoder/INFO]: package 0003: true
[16:41:07] [ClientServer/LoginBox/onLoginResponse/INFO]: Receive a package 0003(µÇÂ½·´À¡)
[16:41:07] [ClientServer/LoginBox/onLoginResponse/INFO]: package 0003: true
[16:41:08] [AioModule/Read/Completed/DEBUG]: Received 11 bytes from session/162.105.38.69:8438
[16:41:08] [AioModule/Read/Completed/DEBUG]: Received contents(128bytes): ff ff 00 00 00 0b 00 03 01 2a 58 ff ff 00 00 00 0b 00 03 01 2a 58 ff ff 00 00 00 0b 00 03 01 2a 58 ff ff 00 00 00 0b 00 03 01 2a 58 ff ff 00 00 00 0b 00 03 01 2a 58 ff ff 00 00 00 0b 00 03 01 2a 58 ff ff 00 00 00 0b 00 03 01 2a 58 ff ff 00 00 00 0b 00 03 01 2a 58 ff ff 00 00 00 0b 00 03 01 2a 58 ff ff 00 00 00 0b 00 03 01 2a 58 ff ff 00 00 00 0b 00 03 01 2a 58 ff ff 00 00 00 0b 00 
[16:41:08] [ClientServer/ClientDecoder/INFO]: Receive a package 0003(µÇÂ½·´À¡)
[16:41:08] [ClientServer/ClientDecoder/INFO]: package 0003: true
[16:41:08] [ClientServer/LoginBox/onLoginResponse/INFO]: Receive a package 0003(µÇÂ½·´À¡)
[16:41:08] [ClientServer/LoginBox/onLoginResponse/INFO]: package 0003: true
[16:41:08] [AioModule/Read/Completed/DEBUG]: Received 11 bytes from session/162.105.38.69:8438
[16:41:08] [AioModule/Read/Completed/DEBUG]: Received contents(128bytes): ff ff 00 00 00 0b 00 03 01 2a 58 ff ff 00 00 00 0b 00 03 01 2a 58 ff ff 00 00 00 0b 00 03 01 2a 58 ff ff 00 00 00 0b 00 03 01 2a 58 ff ff 00 00 00 0b 00 03 01 2a 58 ff ff 00 00 00 0b 00 03 01 2a 58 ff ff 00 00 00 0b 00 03 01 2a 58 ff ff 00 00 00 0b 00 03 01 2a 58 ff ff 00 00 00 0b 00 03 01 2a 58 ff ff 00 00 00 0b 00 03 01 2a 58 ff ff 00 00 00 0b 00 03 01 2a 58 ff ff 00 00 00 0b 00 
[16:41:08] [ClientServer/ClientDecoder/INFO]: Receive a package 0003(µÇÂ½·´À¡)
[16:41:08] [ClientServer/ClientDecoder/INFO]: package 0003: true
[16:41:08] [ClientServer/LoginBox/onLoginResponse/INFO]: Receive a package 0003(µÇÂ½·´À¡)
[16:41:08] [ClientServer/LoginBox/onLoginResponse/INFO]: package 0003: true
[16:41:09] [AioModule/Read/Completed/DEBUG]: Received 11 bytes from session/162.105.38.69:8438
[16:41:09] [AioModule/Read/Completed/DEBUG]: Received contents(128bytes): ff ff 00 00 00 0b 00 03 01 2a 58 ff ff 00 00 00 0b 00 03 01 2a 58 ff ff 00 00 00 0b 00 03 01 2a 58 ff ff 00 00 00 0b 00 03 01 2a 58 ff ff 00 00 00 0b 00 03 01 2a 58 ff ff 00 00 00 0b 00 03 01 2a 58 ff ff 00 00 00 0b 00 03 01 2a 58 ff ff 00 00 00 0b 00 03 01 2a 58 ff ff 00 00 00 0b 00 03 01 2a 58 ff ff 00 00 00 0b 00 03 01 2a 58 ff ff 00 00 00 0b 00 03 01 2a 58 ff ff 00 00 00 0b 00 
[16:41:09] [ClientServer/ClientDecoder/INFO]: Receive a package 0003(µÇÂ½·´À¡)
[16:41:09] [ClientServer/ClientDecoder/INFO]: package 0003: true
[16:41:09] [ClientServer/LoginBox/onLoginResponse/INFO]: Receive a package 0003(µÇÂ½·´À¡)
[16:41:09] [ClientServer/LoginBox/onLoginResponse/INFO]: package 0003: true
[16:41:09] [AioModule/Read/Completed/DEBUG]: Received 11 bytes from session/162.105.38.69:8438
[16:41:09] [AioModule/Read/Completed/DEBUG]: Received contents(128bytes): ff ff 00 00 00 0b 00 03 01 2a 58 ff ff 00 00 00 0b 00 03 01 2a 58 ff ff 00 00 00 0b 00 03 01 2a 58 ff ff 00 00 00 0b 00 03 01 2a 58 ff ff 00 00 00 0b 00 03 01 2a 58 ff ff 00 00 00 0b 00 03 01 2a 58 ff ff 00 00 00 0b 00 03 01 2a 58 ff ff 00 00 00 0b 00 03 01 2a 58 ff ff 00 00 00 0b 00 03 01 2a 58 ff ff 00 00 00 0b 00 03 01 2a 58 ff ff 00 00 00 0b 00 03 01 2a 58 ff ff 00 00 00 0b 00 
[16:41:09] [ClientServer/ClientDecoder/INFO]: Receive a package 0003(µÇÂ½·´À¡)
[16:41:09] [ClientServer/ClientDecoder/INFO]: package 0003: true
[16:41:09] [ClientServer/LoginBox/onLoginResponse/INFO]: Receive a package 0003(µÇÂ½·´À¡)
[16:41:09] [ClientServer/LoginBox/onLoginResponse/INFO]: package 0003: true
[16:41:10] [AioModule/Read/Completed/DEBUG]: Received 11 bytes from session/162.105.38.69:8438
[16:41:10] [AioModule/Read/Completed/DEBUG]: Received contents(128bytes): ff ff 00 00 00 0b 00 03 01 2a 58 ff ff 00 00 00 0b 00 03 01 2a 58 ff ff 00 00 00 0b 00 03 01 2a 58 ff ff 00 00 00 0b 00 03 01 2a 58 ff ff 00 00 00 0b 00 03 01 2a 58 ff ff 00 00 00 0b 00 03 01 2a 58 ff ff 00 00 00 0b 00 03 01 2a 58 ff ff 00 00 00 0b 00 03 01 2a 58 ff ff 00 00 00 0b 00 03 01 2a 58 ff ff 00 00 00 0b 00 03 01 2a 58 ff ff 00 00 00 0b 00 03 01 2a 58 ff ff 00 00 00 0b 00 
[16:41:10] [ClientServer/ClientDecoder/INFO]: Receive a package 0003(µÇÂ½·´À¡)
[16:41:10] [ClientServer/ClientDecoder/INFO]: package 0003: true
[16:41:10] [ClientServer/LoginBox/onLoginResponse/INFO]: Receive a package 0003(µÇÂ½·´À¡)
[16:41:10] [ClientServer/LoginBox/onLoginResponse/INFO]: package 0003: true
[16:41:10] [AioModule/Read/Completed/DEBUG]: Received 11 bytes from session/162.105.38.69:8438
[16:41:10] [AioModule/Read/Completed/DEBUG]: Received contents(128bytes): ff ff 00 00 00 0b 00 03 01 2a 58 ff ff 00 00 00 0b 00 03 01 2a 58 ff ff 00 00 00 0b 00 03 01 2a 58 ff ff 00 00 00 0b 00 03 01 2a 58 ff ff 00 00 00 0b 00 03 01 2a 58 ff ff 00 00 00 0b 00 03 01 2a 58 ff ff 00 00 00 0b 00 03 01 2a 58 ff ff 00 00 00 0b 00 03 01 2a 58 ff ff 00 00 00 0b 00 03 01 2a 58 ff ff 00 00 00 0b 00 03 01 2a 58 ff ff 00 00 00 0b 00 03 01 2a 58 ff ff 00 00 00 0b 00 
[16:41:10] [ClientServer/ClientDecoder/INFO]: Receive a package 0003(µÇÂ½·´À¡)
[16:41:10] [ClientServer/ClientDecoder/INFO]: package 0003: true
[16:41:10] [ClientServer/LoginBox/onLoginResponse/INFO]: Receive a package 0003(µÇÂ½·´À¡)
[16:41:10] [ClientServer/LoginBox/onLoginResponse/INFO]: package 0003: true
[16:41:11] [AioModule/Read/Completed/DEBUG]: Received 11 bytes from session/162.105.38.69:8438
[16:41:11] [AioModule/Read/Completed/DEBUG]: Received contents(128bytes): ff ff 00 00 00 0b 00 03 01 2a 58 ff ff 00 00 00 0b 00 03 01 2a 58 ff ff 00 00 00 0b 00 03 01 2a 58 ff ff 00 00 00 0b 00 03 01 2a 58 ff ff 00 00 00 0b 00 03 01 2a 58 ff ff 00 00 00 0b 00 03 01 2a 58 ff ff 00 00 00 0b 00 03 01 2a 58 ff ff 00 00 00 0b 00 03 01 2a 58 ff ff 00 00 00 0b 00 03 01 2a 58 ff ff 00 00 00 0b 00 03 01 2a 58 ff ff 00 00 00 0b 00 03 01 2a 58 ff ff 00 00 00 0b 00 
[16:41:11] [ClientServer/ClientDecoder/INFO]: Receive a package 0003(µÇÂ½·´À¡)
[16:41:11] [ClientServer/ClientDecoder/INFO]: package 0003: true
[16:41:11] [ClientServer/LoginBox/onLoginResponse/INFO]: Receive a package 0003(µÇÂ½·´À¡)
[16:41:11] [ClientServer/LoginBox/onLoginResponse/INFO]: package 0003: true
[16:41:11] [AioModule/Read/Completed/DEBUG]: Received 11 bytes from session/162.105.38.69:8438
[16:41:11] [AioModule/Read/Completed/DEBUG]: Received contents(128bytes): ff ff 00 00 00 0b 00 03 01 2a 58 ff ff 00 00 00 0b 00 03 01 2a 58 ff ff 00 00 00 0b 00 03 01 2a 58 ff ff 00 00 00 0b 00 03 01 2a 58 ff ff 00 00 00 0b 00 03 01 2a 58 ff ff 00 00 00 0b 00 03 01 2a 58 ff ff 00 00 00 0b 00 03 01 2a 58 ff ff 00 00 00 0b 00 03 01 2a 58 ff ff 00 00 00 0b 00 03 01 2a 58 ff ff 00 00 00 0b 00 03 01 2a 58 ff ff 00 00 00 0b 00 03 01 2a 58 ff ff 00 00 00 0b 00 
[16:41:11] [ClientServer/ClientDecoder/INFO]: Receive a package 0003(µÇÂ½·´À¡)
[16:41:11] [ClientServer/ClientDecoder/INFO]: package 0003: true
[16:41:11] [ClientServer/LoginBox/onLoginResponse/INFO]: Receive a package 0003(µÇÂ½·´À¡)
[16:41:11] [ClientServer/LoginBox/onLoginResponse/INFO]: package 0003: true
[16:41:12] [AioModule/Read/Completed/DEBUG]: Received 11 bytes from session/162.105.38.69:8438
[16:41:12] [AioModule/Read/Completed/DEBUG]: Received contents(128bytes): ff ff 00 00 00 0b 00 03 01 2a 58 ff ff 00 00 00 0b 00 03 01 2a 58 ff ff 00 00 00 0b 00 03 01 2a 58 ff ff 00 00 00 0b 00 03 01 2a 58 ff ff 00 00 00 0b 00 03 01 2a 58 ff ff 00 00 00 0b 00 03 01 2a 58 ff ff 00 00 00 0b 00 03 01 2a 58 ff ff 00 00 00 0b 00 03 01 2a 58 ff ff 00 00 00 0b 00 03 01 2a 58 ff ff 00 00 00 0b 00 03 01 2a 58 ff ff 00 00 00 0b 00 03 01 2a 58 ff ff 00 00 00 0b 00 
[16:41:12] [ClientServer/ClientDecoder/INFO]: Receive a package 0003(µÇÂ½·´À¡)
[16:41:12] [ClientServer/ClientDecoder/INFO]: package 0003: true
[16:41:12] [ClientServer/LoginBox/onLoginResponse/INFO]: Receive a package 0003(µÇÂ½·´À¡)
[16:41:12] [ClientServer/LoginBox/onLoginResponse/INFO]: package 0003: true
[16:41:12] [AioModule/Read/Completed/DEBUG]: Received 11 bytes from session/162.105.38.69:8438
[16:41:13] [AioModule/Read/Completed/DEBUG]: Received contents(128bytes): ff ff 00 00 00 0b 00 03 01 2a 58 ff ff 00 00 00 0b 00 03 01 2a 58 ff ff 00 00 00 0b 00 03 01 2a 58 ff ff 00 00 00 0b 00 03 01 2a 58 ff ff 00 00 00 0b 00 03 01 2a 58 ff ff 00 00 00 0b 00 03 01 2a 58 ff ff 00 00 00 0b 00 03 01 2a 58 ff ff 00 00 00 0b 00 03 01 2a 58 ff ff 00 00 00 0b 00 03 01 2a 58 ff ff 00 00 00 0b 00 03 01 2a 58 ff ff 00 00 00 0b 00 03 01 2a 58 ff ff 00 00 00 0b 00 
[16:41:13] [ClientServer/ClientDecoder/INFO]: Receive a package 0003(µÇÂ½·´À¡)
[16:41:13] [ClientServer/ClientDecoder/INFO]: package 0003: true
[16:41:13] [ClientServer/LoginBox/onLoginResponse/INFO]: Receive a package 0003(µÇÂ½·´À¡)
[16:41:13] [ClientServer/LoginBox/onLoginResponse/INFO]: package 0003: true
[16:41:13] [AioModule/Read/Completed/DEBUG]: Received 11 bytes from session/162.105.38.69:8438
[16:41:13] [AioModule/Read/Completed/DEBUG]: Received contents(128bytes): ff ff 00 00 00 0b 00 03 01 2a 58 ff ff 00 00 00 0b 00 03 01 2a 58 ff ff 00 00 00 0b 00 03 01 2a 58 ff ff 00 00 00 0b 00 03 01 2a 58 ff ff 00 00 00 0b 00 03 01 2a 58 ff ff 00 00 00 0b 00 03 01 2a 58 ff ff 00 00 00 0b 00 03 01 2a 58 ff ff 00 00 00 0b 00 03 01 2a 58 ff ff 00 00 00 0b 00 03 01 2a 58 ff ff 00 00 00 0b 00 03 01 2a 58 ff ff 00 00 00 0b 00 03 01 2a 58 ff ff 00 00 00 0b 00 
[16:41:13] [ClientServer/ClientDecoder/INFO]: Receive a package 0003(µÇÂ½·´À¡)
[16:41:13] [ClientServer/ClientDecoder/INFO]: package 0003: true
[16:41:13] [ClientServer/LoginBox/onLoginResponse/INFO]: Receive a package 0003(µÇÂ½·´À¡)
[16:41:13] [ClientServer/LoginBox/onLoginResponse/INFO]: package 0003: true
[16:41:14] [AioModule/Read/Completed/DEBUG]: Received 11 bytes from session/162.105.38.69:8438
[16:41:14] [AioModule/Read/Completed/DEBUG]: Received contents(128bytes): ff ff 00 00 00 0b 00 03 01 2a 58 ff ff 00 00 00 0b 00 03 01 2a 58 ff ff 00 00 00 0b 00 03 01 2a 58 ff ff 00 00 00 0b 00 03 01 2a 58 ff ff 00 00 00 0b 00 03 01 2a 58 ff ff 00 00 00 0b 00 03 01 2a 58 ff ff 00 00 00 0b 00 03 01 2a 58 ff ff 00 00 00 0b 00 03 01 2a 58 ff ff 00 00 00 0b 00 03 01 2a 58 ff ff 00 00 00 0b 00 03 01 2a 58 ff ff 00 00 00 0b 00 03 01 2a 58 ff ff 00 00 00 0b 00 
[16:41:14] [ClientServer/ClientDecoder/INFO]: Receive a package 0003(µÇÂ½·´À¡)
[16:41:14] [ClientServer/ClientDecoder/INFO]: package 0003: true
[16:41:14] [ClientServer/LoginBox/onLoginResponse/INFO]: Receive a package 0003(µÇÂ½·´À¡)
[16:41:14] [ClientServer/LoginBox/onLoginResponse/INFO]: package 0003: true
[16:41:14] [AioModule/Read/Completed/DEBUG]: Received 11 bytes from session/162.105.38.69:8438
[16:41:14] [AioModule/Read/Completed/DEBUG]: Received contents(128bytes): ff ff 00 00 00 0b 00 03 01 2a 58 ff ff 00 00 00 0b 00 03 01 2a 58 ff ff 00 00 00 0b 00 03 01 2a 58 ff ff 00 00 00 0b 00 03 01 2a 58 ff ff 00 00 00 0b 00 03 01 2a 58 ff ff 00 00 00 0b 00 03 01 2a 58 ff ff 00 00 00 0b 00 03 01 2a 58 ff ff 00 00 00 0b 00 03 01 2a 58 ff ff 00 00 00 0b 00 03 01 2a 58 ff ff 00 00 00 0b 00 03 01 2a 58 ff ff 00 00 00 0b 00 03 01 2a 58 ff ff 00 00 00 0b 00 
[16:41:14] [ClientServer/ClientDecoder/INFO]: Receive a package 0003(µÇÂ½·´À¡)
[16:41:14] [ClientServer/ClientDecoder/INFO]: package 0003: true
[16:41:14] [ClientServer/LoginBox/onLoginResponse/INFO]: Receive a package 0003(µÇÂ½·´À¡)
[16:41:14] [ClientServer/LoginBox/onLoginResponse/INFO]: package 0003: true
[16:41:15] [AioModule/Read/Completed/DEBUG]: Received 11 bytes from session/162.105.38.69:8438
[16:41:15] [AioModule/Read/Completed/DEBUG]: Received contents(128bytes): ff ff 00 00 00 0b 00 03 01 2a 58 ff ff 00 00 00 0b 00 03 01 2a 58 ff ff 00 00 00 0b 00 03 01 2a 58 ff ff 00 00 00 0b 00 03 01 2a 58 ff ff 00 00 00 0b 00 03 01 2a 58 ff ff 00 00 00 0b 00 03 01 2a 58 ff ff 00 00 00 0b 00 03 01 2a 58 ff ff 00 00 00 0b 00 03 01 2a 58 ff ff 00 00 00 0b 00 03 01 2a 58 ff ff 00 00 00 0b 00 03 01 2a 58 ff ff 00 00 00 0b 00 03 01 2a 58 ff ff 00 00 00 0b 00 
[16:41:15] [ClientServer/ClientDecoder/INFO]: Receive a package 0003(µÇÂ½·´À¡)
[16:41:15] [ClientServer/ClientDecoder/INFO]: package 0003: true
[16:41:15] [ClientServer/LoginBox/onLoginResponse/INFO]: Receive a package 0003(µÇÂ½·´À¡)
[16:41:15] [ClientServer/LoginBox/onLoginResponse/INFO]: package 0003: true
[16:41:15] [AioModule/Read/Completed/DEBUG]: Received 11 bytes from session/162.105.38.69:8438
[16:41:15] [AioModule/Read/Completed/DEBUG]: Received contents(128bytes): ff ff 00 00 00 0b 00 03 01 2a 58 ff ff 00 00 00 0b 00 03 01 2a 58 ff ff 00 00 00 0b 00 03 01 2a 58 ff ff 00 00 00 0b 00 03 01 2a 58 ff ff 00 00 00 0b 00 03 01 2a 58 ff ff 00 00 00 0b 00 03 01 2a 58 ff ff 00 00 00 0b 00 03 01 2a 58 ff ff 00 00 00 0b 00 03 01 2a 58 ff ff 00 00 00 0b 00 03 01 2a 58 ff ff 00 00 00 0b 00 03 01 2a 58 ff ff 00 00 00 0b 00 03 01 2a 58 ff ff 00 00 00 0b 00 
[16:41:15] [ClientServer/ClientDecoder/INFO]: Receive a package 0003(µÇÂ½·´À¡)
[16:41:15] [ClientServer/ClientDecoder/INFO]: package 0003: true
[16:41:15] [ClientServer/LoginBox/onLoginResponse/INFO]: Receive a package 0003(µÇÂ½·´À¡)
[16:41:15] [ClientServer/LoginBox/onLoginResponse/INFO]: package 0003: true
[16:41:16] [AioModule/Read/Completed/DEBUG]: Received 11 bytes from session/162.105.38.69:8438
[16:41:16] [AioModule/Read/Completed/DEBUG]: Received contents(128bytes): ff ff 00 00 00 0b 00 03 01 2a 58 ff ff 00 00 00 0b 00 03 01 2a 58 ff ff 00 00 00 0b 00 03 01 2a 58 ff ff 00 00 00 0b 00 03 01 2a 58 ff ff 00 00 00 0b 00 03 01 2a 58 ff ff 00 00 00 0b 00 03 01 2a 58 ff ff 00 00 00 0b 00 03 01 2a 58 ff ff 00 00 00 0b 00 03 01 2a 58 ff ff 00 00 00 0b 00 03 01 2a 58 ff ff 00 00 00 0b 00 03 01 2a 58 ff ff 00 00 00 0b 00 03 01 2a 58 ff ff 00 00 00 0b 00 
[16:41:16] [ClientServer/ClientDecoder/INFO]: Receive a package 0003(µÇÂ½·´À¡)
[16:41:16] [ClientServer/ClientDecoder/INFO]: package 0003: true
[16:41:16] [ClientServer/LoginBox/onLoginResponse/INFO]: Receive a package 0003(µÇÂ½·´À¡)
[16:41:16] [ClientServer/LoginBox/onLoginResponse/INFO]: package 0003: true
[16:41:16] [AioModule/Read/Completed/DEBUG]: Received 11 bytes from session/162.105.38.69:8438
[16:41:16] [AioModule/Read/Completed/DEBUG]: Received contents(128bytes): ff ff 00 00 00 0b 00 03 01 2a 58 ff ff 00 00 00 0b 00 03 01 2a 58 ff ff 00 00 00 0b 00 03 01 2a 58 ff ff 00 00 00 0b 00 03 01 2a 58 ff ff 00 00 00 0b 00 03 01 2a 58 ff ff 00 00 00 0b 00 03 01 2a 58 ff ff 00 00 00 0b 00 03 01 2a 58 ff ff 00 00 00 0b 00 03 01 2a 58 ff ff 00 00 00 0b 00 03 01 2a 58 ff ff 00 00 00 0b 00 03 01 2a 58 ff ff 00 00 00 0b 00 03 01 2a 58 ff ff 00 00 00 0b 00 
[16:41:16] [ClientServer/ClientDecoder/INFO]: Receive a package 0003(µÇÂ½·´À¡)
[16:41:16] [ClientServer/ClientDecoder/INFO]: package 0003: true
[16:41:16] [ClientServer/LoginBox/onLoginResponse/INFO]: Receive a package 0003(µÇÂ½·´À¡)
[16:41:16] [ClientServer/LoginBox/onLoginResponse/INFO]: package 0003: true
[16:41:17] [AioModule/Read/Completed/DEBUG]: Received 11 bytes from session/162.105.38.69:8438
[16:41:17] [AioModule/Read/Completed/DEBUG]: Received contents(128bytes): ff ff 00 00 00 0b 00 03 01 2a 58 ff ff 00 00 00 0b 00 03 01 2a 58 ff ff 00 00 00 0b 00 03 01 2a 58 ff ff 00 00 00 0b 00 03 01 2a 58 ff ff 00 00 00 0b 00 03 01 2a 58 ff ff 00 00 00 0b 00 03 01 2a 58 ff ff 00 00 00 0b 00 03 01 2a 58 ff ff 00 00 00 0b 00 03 01 2a 58 ff ff 00 00 00 0b 00 03 01 2a 58 ff ff 00 00 00 0b 00 03 01 2a 58 ff ff 00 00 00 0b 00 03 01 2a 58 ff ff 00 00 00 0b 00 
[16:41:17] [ClientServer/ClientDecoder/INFO]: Receive a package 0003(µÇÂ½·´À¡)
[16:41:17] [ClientServer/ClientDecoder/INFO]: package 0003: true
[16:41:17] [ClientServer/LoginBox/onLoginResponse/INFO]: Receive a package 0003(µÇÂ½·´À¡)
[16:41:17] [ClientServer/LoginBox/onLoginResponse/INFO]: package 0003: true
[16:41:17] [AioModule/Read/Completed/DEBUG]: Received 11 bytes from session/162.105.38.69:8438
[16:41:17] [AioModule/Read/Completed/DEBUG]: Received contents(128bytes): ff ff 00 00 00 0b 00 03 01 2a 58 ff ff 00 00 00 0b 00 03 01 2a 58 ff ff 00 00 00 0b 00 03 01 2a 58 ff ff 00 00 00 0b 00 03 01 2a 58 ff ff 00 00 00 0b 00 03 01 2a 58 ff ff 00 00 00 0b 00 03 01 2a 58 ff ff 00 00 00 0b 00 03 01 2a 58 ff ff 00 00 00 0b 00 03 01 2a 58 ff ff 00 00 00 0b 00 03 01 2a 58 ff ff 00 00 00 0b 00 03 01 2a 58 ff ff 00 00 00 0b 00 03 01 2a 58 ff ff 00 00 00 0b 00 
[16:41:17] [ClientServer/ClientDecoder/INFO]: Receive a package 0003(µÇÂ½·´À¡)
[16:41:17] [ClientServer/ClientDecoder/INFO]: package 0003: true
[16:41:17] [ClientServer/LoginBox/onLoginResponse/INFO]: Receive a package 0003(µÇÂ½·´À¡)
[16:41:17] [ClientServer/LoginBox/onLoginResponse/INFO]: package 0003: true
[16:41:18] [AioModule/Read/Completed/DEBUG]: Received 11 bytes from session/162.105.38.69:8438
[16:41:18] [AioModule/Read/Completed/DEBUG]: Received contents(128bytes): ff ff 00 00 00 0b 00 03 01 2a 58 ff ff 00 00 00 0b 00 03 01 2a 58 ff ff 00 00 00 0b 00 03 01 2a 58 ff ff 00 00 00 0b 00 03 01 2a 58 ff ff 00 00 00 0b 00 03 01 2a 58 ff ff 00 00 00 0b 00 03 01 2a 58 ff ff 00 00 00 0b 00 03 01 2a 58 ff ff 00 00 00 0b 00 03 01 2a 58 ff ff 00 00 00 0b 00 03 01 2a 58 ff ff 00 00 00 0b 00 03 01 2a 58 ff ff 00 00 00 0b 00 03 01 2a 58 ff ff 00 00 00 0b 00 
[16:41:18] [ClientServer/ClientDecoder/INFO]: Receive a package 0003(µÇÂ½·´À¡)
[16:41:18] [ClientServer/ClientDecoder/INFO]: package 0003: true
[16:41:18] [ClientServer/LoginBox/onLoginResponse/INFO]: Receive a package 0003(µÇÂ½·´À¡)
[16:41:18] [ClientServer/LoginBox/onLoginResponse/INFO]: package 0003: true
[16:41:18] [AioModule/Read/Completed/DEBUG]: Received 11 bytes from session/162.105.38.69:8438
[16:41:18] [AioModule/Read/Completed/DEBUG]: Received contents(128bytes): ff ff 00 00 00 0b 00 03 01 2a 58 ff ff 00 00 00 0b 00 03 01 2a 58 ff ff 00 00 00 0b 00 03 01 2a 58 ff ff 00 00 00 0b 00 03 01 2a 58 ff ff 00 00 00 0b 00 03 01 2a 58 ff ff 00 00 00 0b 00 03 01 2a 58 ff ff 00 00 00 0b 00 03 01 2a 58 ff ff 00 00 00 0b 00 03 01 2a 58 ff ff 00 00 00 0b 00 03 01 2a 58 ff ff 00 00 00 0b 00 03 01 2a 58 ff ff 00 00 00 0b 00 03 01 2a 58 ff ff 00 00 00 0b 00 
[16:41:18] [ClientServer/ClientDecoder/INFO]: Receive a package 0003(µÇÂ½·´À¡)
[16:41:18] [ClientServer/ClientDecoder/INFO]: package 0003: true
[16:41:18] [ClientServer/LoginBox/onLoginResponse/INFO]: Receive a package 0003(µÇÂ½·´À¡)
[16:41:18] [ClientServer/LoginBox/onLoginResponse/INFO]: package 0003: true
[16:41:19] [AioModule/Read/Completed/DEBUG]: Received 11 bytes from session/162.105.38.69:8438
[16:41:19] [AioModule/Read/Completed/DEBUG]: Received contents(128bytes): ff ff 00 00 00 0b 00 03 01 2a 58 ff ff 00 00 00 0b 00 03 01 2a 58 ff ff 00 00 00 0b 00 03 01 2a 58 ff ff 00 00 00 0b 00 03 01 2a 58 ff ff 00 00 00 0b 00 03 01 2a 58 ff ff 00 00 00 0b 00 03 01 2a 58 ff ff 00 00 00 0b 00 03 01 2a 58 ff ff 00 00 00 0b 00 03 01 2a 58 ff ff 00 00 00 0b 00 03 01 2a 58 ff ff 00 00 00 0b 00 03 01 2a 58 ff ff 00 00 00 0b 00 03 01 2a 58 ff ff 00 00 00 0b 00 
[16:41:19] [ClientServer/ClientDecoder/INFO]: Receive a package 0003(µÇÂ½·´À¡)
[16:41:19] [ClientServer/ClientDecoder/INFO]: package 0003: true
[16:41:19] [ClientServer/LoginBox/onLoginResponse/INFO]: Receive a package 0003(µÇÂ½·´À¡)
[16:41:19] [ClientServer/LoginBox/onLoginResponse/INFO]: package 0003: true
[16:41:19] [AioModule/Read/Completed/DEBUG]: Received 11 bytes from session/162.105.38.69:8438
[16:41:19] [AioModule/Read/Completed/DEBUG]: Received contents(128bytes): ff ff 00 00 00 0b 00 03 01 2a 58 ff ff 00 00 00 0b 00 03 01 2a 58 ff ff 00 00 00 0b 00 03 01 2a 58 ff ff 00 00 00 0b 00 03 01 2a 58 ff ff 00 00 00 0b 00 03 01 2a 58 ff ff 00 00 00 0b 00 03 01 2a 58 ff ff 00 00 00 0b 00 03 01 2a 58 ff ff 00 00 00 0b 00 03 01 2a 58 ff ff 00 00 00 0b 00 03 01 2a 58 ff ff 00 00 00 0b 00 03 01 2a 58 ff ff 00 00 00 0b 00 03 01 2a 58 ff ff 00 00 00 0b 00 
[16:41:19] [ClientServer/ClientDecoder/INFO]: Receive a package 0003(µÇÂ½·´À¡)
[16:41:19] [ClientServer/ClientDecoder/INFO]: package 0003: true
[16:41:19] [ClientServer/LoginBox/onLoginResponse/INFO]: Receive a package 0003(µÇÂ½·´À¡)
[16:41:19] [ClientServer/LoginBox/onLoginResponse/INFO]: package 0003: true
[16:41:20] [AioModule/Read/Completed/DEBUG]: Received 11 bytes from session/162.105.38.69:8438
[16:41:20] [AioModule/Read/Completed/DEBUG]: Received contents(128bytes): ff ff 00 00 00 0b 00 03 01 2a 58 ff ff 00 00 00 0b 00 03 01 2a 58 ff ff 00 00 00 0b 00 03 01 2a 58 ff ff 00 00 00 0b 00 03 01 2a 58 ff ff 00 00 00 0b 00 03 01 2a 58 ff ff 00 00 00 0b 00 03 01 2a 58 ff ff 00 00 00 0b 00 03 01 2a 58 ff ff 00 00 00 0b 00 03 01 2a 58 ff ff 00 00 00 0b 00 03 01 2a 58 ff ff 00 00 00 0b 00 03 01 2a 58 ff ff 00 00 00 0b 00 03 01 2a 58 ff ff 00 00 00 0b 00 
[16:41:20] [ClientServer/ClientDecoder/INFO]: Receive a package 0003(µÇÂ½·´À¡)
[16:41:20] [ClientServer/ClientDecoder/INFO]: package 0003: true
[16:41:20] [ClientServer/LoginBox/onLoginResponse/INFO]: Receive a package 0003(µÇÂ½·´À¡)
[16:41:20] [ClientServer/LoginBox/onLoginResponse/INFO]: package 0003: true
[16:41:20] [AioModule/Read/Completed/DEBUG]: Received 11 bytes from session/162.105.38.69:8438
[16:41:21] [AioModule/Read/Completed/DEBUG]: Received contents(128bytes): ff ff 00 00 00 0b 00 03 01 2a 58 ff ff 00 00 00 0b 00 03 01 2a 58 ff ff 00 00 00 0b 00 03 01 2a 58 ff ff 00 00 00 0b 00 03 01 2a 58 ff ff 00 00 00 0b 00 03 01 2a 58 ff ff 00 00 00 0b 00 03 01 2a 58 ff ff 00 00 00 0b 00 03 01 2a 58 ff ff 00 00 00 0b 00 03 01 2a 58 ff ff 00 00 00 0b 00 03 01 2a 58 ff ff 00 00 00 0b 00 03 01 2a 58 ff ff 00 00 00 0b 00 03 01 2a 58 ff ff 00 00 00 0b 00 
[16:41:21] [ClientServer/ClientDecoder/INFO]: Receive a package 0003(µÇÂ½·´À¡)
[16:41:21] [ClientServer/ClientDecoder/INFO]: package 0003: true
[16:41:21] [ClientServer/LoginBox/onLoginResponse/INFO]: Receive a package 0003(µÇÂ½·´À¡)
[16:41:21] [ClientServer/LoginBox/onLoginResponse/INFO]: package 0003: true
[16:41:21] [AioModule/Read/Completed/DEBUG]: Received 11 bytes from session/162.105.38.69:8438
[16:41:21] [AioModule/Read/Completed/DEBUG]: Received contents(128bytes): ff ff 00 00 00 0b 00 03 01 2a 58 ff ff 00 00 00 0b 00 03 01 2a 58 ff ff 00 00 00 0b 00 03 01 2a 58 ff ff 00 00 00 0b 00 03 01 2a 58 ff ff 00 00 00 0b 00 03 01 2a 58 ff ff 00 00 00 0b 00 03 01 2a 58 ff ff 00 00 00 0b 00 03 01 2a 58 ff ff 00 00 00 0b 00 03 01 2a 58 ff ff 00 00 00 0b 00 03 01 2a 58 ff ff 00 00 00 0b 00 03 01 2a 58 ff ff 00 00 00 0b 00 03 01 2a 58 ff ff 00 00 00 0b 00 
[16:41:21] [ClientServer/ClientDecoder/INFO]: Receive a package 0003(µÇÂ½·´À¡)
[16:41:21] [ClientServer/ClientDecoder/INFO]: package 0003: true
[16:41:21] [ClientServer/LoginBox/onLoginResponse/INFO]: Receive a package 0003(µÇÂ½·´À¡)
[16:41:21] [ClientServer/LoginBox/onLoginResponse/INFO]: package 0003: true
[16:41:22] [AioModule/Read/Completed/DEBUG]: Received 11 bytes from session/162.105.38.69:8438
[16:41:22] [AioModule/Read/Completed/DEBUG]: Received contents(128bytes): ff ff 00 00 00 0b 00 03 01 2a 58 ff ff 00 00 00 0b 00 03 01 2a 58 ff ff 00 00 00 0b 00 03 01 2a 58 ff ff 00 00 00 0b 00 03 01 2a 58 ff ff 00 00 00 0b 00 03 01 2a 58 ff ff 00 00 00 0b 00 03 01 2a 58 ff ff 00 00 00 0b 00 03 01 2a 58 ff ff 00 00 00 0b 00 03 01 2a 58 ff ff 00 00 00 0b 00 03 01 2a 58 ff ff 00 00 00 0b 00 03 01 2a 58 ff ff 00 00 00 0b 00 03 01 2a 58 ff ff 00 00 00 0b 00 
[16:41:22] [ClientServer/ClientDecoder/INFO]: Receive a package 0003(µÇÂ½·´À¡)
[16:41:22] [ClientServer/ClientDecoder/INFO]: package 0003: true
[16:41:22] [ClientServer/LoginBox/onLoginResponse/INFO]: Receive a package 0003(µÇÂ½·´À¡)
[16:41:22] [ClientServer/LoginBox/onLoginResponse/INFO]: package 0003: true
[16:41:22] [AioModule/Read/Completed/DEBUG]: Received 11 bytes from session/162.105.38.69:8438
[16:41:22] [AioModule/Read/Completed/DEBUG]: Received contents(128bytes): ff ff 00 00 00 0b 00 03 01 2a 58 ff ff 00 00 00 0b 00 03 01 2a 58 ff ff 00 00 00 0b 00 03 01 2a 58 ff ff 00 00 00 0b 00 03 01 2a 58 ff ff 00 00 00 0b 00 03 01 2a 58 ff ff 00 00 00 0b 00 03 01 2a 58 ff ff 00 00 00 0b 00 03 01 2a 58 ff ff 00 00 00 0b 00 03 01 2a 58 ff ff 00 00 00 0b 00 03 01 2a 58 ff ff 00 00 00 0b 00 03 01 2a 58 ff ff 00 00 00 0b 00 03 01 2a 58 ff ff 00 00 00 0b 00 
[16:41:22] [ClientServer/ClientDecoder/INFO]: Receive a package 0003(µÇÂ½·´À¡)
[16:41:22] [ClientServer/ClientDecoder/INFO]: package 0003: true
[16:41:22] [ClientServer/LoginBox/onLoginResponse/INFO]: Receive a package 0003(µÇÂ½·´À¡)
[16:41:22] [ClientServer/LoginBox/onLoginResponse/INFO]: package 0003: true
[16:41:23] [AioModule/Read/Completed/DEBUG]: Received 11 bytes from session/162.105.38.69:8438
[16:41:23] [AioModule/Read/Completed/DEBUG]: Received contents(128bytes): ff ff 00 00 00 0b 00 03 01 2a 58 ff ff 00 00 00 0b 00 03 01 2a 58 ff ff 00 00 00 0b 00 03 01 2a 58 ff ff 00 00 00 0b 00 03 01 2a 58 ff ff 00 00 00 0b 00 03 01 2a 58 ff ff 00 00 00 0b 00 03 01 2a 58 ff ff 00 00 00 0b 00 03 01 2a 58 ff ff 00 00 00 0b 00 03 01 2a 58 ff ff 00 00 00 0b 00 03 01 2a 58 ff ff 00 00 00 0b 00 03 01 2a 58 ff ff 00 00 00 0b 00 03 01 2a 58 ff ff 00 00 00 0b 00 
[16:41:23] [ClientServer/ClientDecoder/INFO]: Receive a package 0003(µÇÂ½·´À¡)
[16:41:23] [ClientServer/ClientDecoder/INFO]: package 0003: true
[16:41:23] [ClientServer/LoginBox/onLoginResponse/INFO]: Receive a package 0003(µÇÂ½·´À¡)
[16:41:23] [ClientServer/LoginBox/onLoginResponse/INFO]: package 0003: true
