[19:55:40] [ClientServer/ClientMain/KERNEL]: 0.开始建立网络连接…………
[19:55:40] [ClientServer/ClientMain/KERNEL]: 1.网络连接成功!
[19:55:40] [ClientServer/ClientMain/KERNEL]: 2.发送0000包，确认对方是否为服务器Gate端
[19:55:40] [ClientSever/LoginBox/serverState/INFO]: Receive a package 0001(回应连接请求)
[19:55:41] [ClientSever/LoginBox/serverState/INFO]: package 0001: 1
[19:55:41] [ClientServer/ClientMain/KERNEL]: 3.收到0001包，确认对方为服务器Gate端
[19:55:41] [ClientServer/ClientMain/KERNEL]: 4.初始化loginBox登陆界面
[19:56:01] [ClientServer/LoginBox/onLoginResponse/INFO]: Receive a package 0003(登陆反馈)
[19:56:01] [ClientServer/LoginBox/onLoginResponse/INFO]: package 0003: true
[19:56:01] [ClientSever/LoginBox/addCharacter/INFO]: Receive a package 0006(角色预加载)
[19:56:01] [ClientSever/LoginBox/addCharacter/INFO]: Receive a package 0006(角色预加载)
[19:56:01] [ClientServer/LoginBox/noMorePackage/INFO]: Receive a package 0006(角色预加载: 这是最后一个空包
[19:56:02] [ClientServer/LoginBox/onCreatResponse/INFO]: Receive a package 0009(角色创建结果)
[19:56:02] [AioModule/Write/Failed/WARNING]: Failed to send to sessionnull. java.nio.channels.ClosedChannelException
[19:56:03] [ClientSever/LoginBox/addCharacter/INFO]: Receive a package 0006(角色预加载)
[19:56:04] [ClientServer/ClientMain/KERNEL]: 5.登陆结束
[19:56:04] [ClientServer/ClientMain/KERNEL]: 6.开始游戏，启动gameBox
[19:56:04] [ClientServer/GameBox/startGame/KERNEL]: 接收主角详细信息(000A):关闭加载窗口,开始游戏!
[19:56:04] [Client/GameBox/updateTarget/INFO]: receive Package 000C(角色目标)
[19:56:04] [Client/GameBox/updateTarget/INFO]: targetX: 10000/targetY 20000
[19:56:05] [Client/GameBox/updateTarget/INFO]: receive Package 000C(角色目标)
[19:56:05] [Client/GameBox/updateTarget/INFO]: targetX: 334/targetY 244
[19:56:05] [Client/GameBox/sendTargetPos/INFO]: package 000B(角色移动意图) send!
[19:56:05] [Client/GameBox/sendTargetPos/INFO]: targetX: 334.0/targetY: 244.0
[19:56:06] [Client/GameBox/updateTarget/INFO]: receive Package 000C(角色目标)
[19:56:06] [Client/GameBox/updateTarget/INFO]: targetX: 471/targetY 415
[19:56:06] [Client/GameBox/sendTargetPos/INFO]: package 000B(角色移动意图) send!
[19:56:06] [Client/GameBox/sendTargetPos/INFO]: targetX: 471.0/targetY: 415.0
[19:56:07] [Client/GameBox/updateTarget/INFO]: receive Package 000C(角色目标)
[19:56:07] [Client/GameBox/updateTarget/INFO]: targetX: 613/targetY 637
[19:56:07] [Client/GameBox/sendTargetPos/INFO]: package 000B(角色移动意图) send!
[19:56:07] [Client/GameBox/sendTargetPos/INFO]: targetX: 613.0/targetY: 637.0
[19:56:08] [Client/GameBox/updateTarget/INFO]: receive Package 000C(角色目标)
[19:56:08] [Client/GameBox/updateTarget/INFO]: targetX: 955/targetY 663
[19:56:08] [Client/GameBox/sendTargetPos/INFO]: package 000B(角色移动意图) send!
[19:56:08] [Client/GameBox/sendTargetPos/INFO]: targetX: 955.0/targetY: 663.0
[19:56:09] [Client/GameBox/updateTarget/INFO]: receive Package 000C(角色目标)
[19:56:09] [Client/GameBox/updateTarget/INFO]: targetX: 1171/targetY 534
[19:56:09] [Client/GameBox/sendTargetPos/INFO]: package 000B(角色移动意图) send!
[19:56:09] [Client/GameBox/sendTargetPos/INFO]: targetX: 1171.0/targetY: 534.0
[19:56:09] [Client/GameBox/updateTarget/INFO]: receive Package 000C(角色目标)
[19:56:09] [Client/GameBox/updateTarget/INFO]: targetX: 1412/targetY 382
[19:56:09] [Client/GameBox/sendTargetPos/INFO]: package 000B(角色移动意图) send!
[19:56:10] [Client/GameBox/sendTargetPos/INFO]: targetX: 1412.0/targetY: 382.0
[19:56:10] [Client/GameBox/updateTarget/INFO]: receive Package 000C(角色目标)
[19:56:11] [Client/GameBox/updateTarget/INFO]: targetX: 1654/targetY 263
[19:56:11] [Client/GameBox/sendTargetPos/INFO]: package 000B(角色移动意图) send!
[19:56:11] [Client/GameBox/sendTargetPos/INFO]: targetX: 1654.0/targetY: 263.0
[19:56:12] [Client/GameBox/updateTarget/INFO]: receive Package 000C(角色目标)
[19:56:13] [Client/GameBox/updateTarget/INFO]: targetX: 1965/targetY 588
[19:56:13] [Client/GameBox/sendTargetPos/INFO]: package 000B(角色移动意图) send!
[19:56:13] [Client/GameBox/sendTargetPos/INFO]: targetX: 1965.0/targetY: 588.0
[19:56:15] [Client/GameBox/updateTarget/INFO]: receive Package 000C(角色目标)
[19:56:15] [Client/GameBox/updateTarget/INFO]: targetX: 1609/targetY 725
[19:56:15] [Client/GameBox/sendTargetPos/INFO]: package 000B(角色移动意图) send!
[19:56:15] [Client/GameBox/sendTargetPos/INFO]: targetX: 1609.0/targetY: 725.0
[19:56:17] [Client/GameBox/updateTarget/INFO]: receive Package 000C(角色目标)
[19:56:17] [Client/GameBox/updateTarget/INFO]: targetX: 1130/targetY 836
[19:56:17] [Client/GameBox/sendTargetPos/INFO]: package 000B(角色移动意图) send!
[19:56:17] [Client/GameBox/sendTargetPos/INFO]: targetX: 1130.0/targetY: 836.0
[19:56:19] [Client/GameBox/updateTarget/INFO]: receive Package 000C(角色目标)
[19:56:19] [Client/GameBox/updateTarget/INFO]: targetX: 635/targetY 877
[19:56:19] [Client/GameBox/sendTargetPos/INFO]: package 000B(角色移动意图) send!
[19:56:19] [Client/GameBox/sendTargetPos/INFO]: targetX: 635.0/targetY: 877.0
[19:56:22] [Client/GameBox/updateTarget/INFO]: receive Package 000C(角色目标)
[19:56:22] [Client/GameBox/updateTarget/INFO]: targetX: 1111/targetY 1166
[19:56:22] [Client/GameBox/sendTargetPos/INFO]: package 000B(角色移动意图) send!
[19:56:22] [Client/GameBox/sendTargetPos/INFO]: targetX: 1111.0/targetY: 1166.0
[19:56:24] [Client/GameBox/updateTarget/INFO]: receive Package 000C(角色目标)
[19:56:24] [Client/GameBox/updateTarget/INFO]: targetX: 807/targetY 874
[19:56:24] [Client/GameBox/sendTargetPos/INFO]: package 000B(角色移动意图) send!
[19:56:24] [Client/GameBox/sendTargetPos/INFO]: targetX: 807.0/targetY: 874.0
[19:56:27] [Client/GameBox/updateTarget/INFO]: receive Package 000C(角色目标)
[19:56:27] [Client/GameBox/updateTarget/INFO]: targetX: 1336/targetY 707
[19:56:27] [Client/GameBox/sendTargetPos/INFO]: package 000B(角色移动意图) send!
[19:56:27] [Client/GameBox/sendTargetPos/INFO]: targetX: 1336.0/targetY: 707.0
[19:56:27] [Client/GameBox/updateTarget/INFO]: receive Package 000C(角色目标)
[19:56:28] [Client/GameBox/updateTarget/INFO]: targetX: 502/targetY 990
[19:56:28] [Client/GameBox/sendTargetPos/INFO]: package 000B(角色移动意图) send!
[19:56:28] [Client/GameBox/sendTargetPos/INFO]: targetX: 502.0/targetY: 990.0
[19:56:29] [Client/GameBox/updateTarget/INFO]: receive Package 000C(角色目标)
[19:56:29] [Client/GameBox/updateTarget/INFO]: targetX: 1267/targetY 706
[19:56:29] [Client/GameBox/sendTargetPos/INFO]: package 000B(角色移动意图) send!
[19:56:29] [Client/GameBox/sendTargetPos/INFO]: targetX: 1267.0/targetY: 706.0
[19:56:30] [Client/GameBox/updateTarget/INFO]: receive Package 000C(角色目标)
[19:56:30] [Client/GameBox/updateTarget/INFO]: targetX: 635/targetY 644
[19:56:30] [Client/GameBox/sendTargetPos/INFO]: package 000B(角色移动意图) send!
[19:56:30] [Client/GameBox/sendTargetPos/INFO]: targetX: 635.0/targetY: 644.0
[19:56:31] [Client/GameBox/updateTarget/INFO]: receive Package 000C(角色目标)
[19:56:31] [Client/GameBox/updateTarget/INFO]: targetX: 977/targetY 991
[19:56:31] [Client/GameBox/sendTargetPos/INFO]: package 000B(角色移动意图) send!
[19:56:31] [Client/GameBox/sendTargetPos/INFO]: targetX: 977.0/targetY: 991.0
[19:56:32] [Client/GameBox/updateTarget/INFO]: receive Package 000C(角色目标)
[19:56:32] [Client/GameBox/updateTarget/INFO]: targetX: 407/targetY 953
[19:56:32] [Client/GameBox/sendTargetPos/INFO]: package 000B(角色移动意图) send!
[19:56:32] [Client/GameBox/sendTargetPos/INFO]: targetX: 407.0/targetY: 953.0
[19:56:33] [Client/GameBox/updateTarget/INFO]: receive Package 000C(角色目标)
[19:56:33] [Client/GameBox/updateTarget/INFO]: targetX: 1154/targetY 757
[19:56:33] [Client/GameBox/sendTargetPos/INFO]: package 000B(角色移动意图) send!
[19:56:33] [Client/GameBox/sendTargetPos/INFO]: targetX: 1154.0/targetY: 757.0
[19:56:34] [Client/GameBox/updateTarget/INFO]: receive Package 000C(角色目标)
[19:56:34] [Client/GameBox/updateTarget/INFO]: targetX: 993/targetY 1104
[19:56:34] [Client/GameBox/sendTargetPos/INFO]: package 000B(角色移动意图) send!
[19:56:34] [Client/GameBox/sendTargetPos/INFO]: targetX: 993.0/targetY: 1104.0
[19:56:35] [Client/GameBox/updateTarget/INFO]: receive Package 000C(角色目标)
[19:56:35] [Client/GameBox/updateTarget/INFO]: targetX: 487/targetY 1161
[19:56:35] [Client/GameBox/sendTargetPos/INFO]: package 000B(角色移动意图) send!
[19:56:35] [Client/GameBox/sendTargetPos/INFO]: targetX: 487.0/targetY: 1161.0
[19:56:36] [Client/GameBox/updateTarget/INFO]: receive Package 000C(角色目标)
[19:56:36] [Client/GameBox/updateTarget/INFO]: targetX: 586/targetY 855
[19:56:36] [Client/GameBox/sendTargetPos/INFO]: package 000B(角色移动意图) send!
[19:56:36] [Client/GameBox/sendTargetPos/INFO]: targetX: 586.0/targetY: 855.0
[19:56:38] [Client/GameBox/updateTarget/INFO]: receive Package 000C(角色目标)
[19:56:38] [Client/GameBox/updateTarget/INFO]: targetX: 1053/targetY 719
[19:56:38] [Client/GameBox/sendTargetPos/INFO]: package 000B(角色移动意图) send!
[19:56:38] [Client/GameBox/sendTargetPos/INFO]: targetX: 1053.0/targetY: 719.0
[19:56:40] [Client/GameBox/updateTarget/INFO]: receive Package 000C(角色目标)
[19:56:40] [Client/GameBox/updateTarget/INFO]: targetX: 1397/targetY 1008
[19:56:40] [Client/GameBox/sendTargetPos/INFO]: package 000B(角色移动意图) send!
[19:56:40] [Client/GameBox/sendTargetPos/INFO]: targetX: 1397.0/targetY: 1008.0
[19:56:42] [Client/GameBox/updateTarget/INFO]: receive Package 000C(角色目标)
[19:56:42] [Client/GameBox/updateTarget/INFO]: targetX: 1721/targetY 1304
[19:56:42] [Client/GameBox/sendTargetPos/INFO]: package 000B(角色移动意图) send!
[19:56:42] [Client/GameBox/sendTargetPos/INFO]: targetX: 1721.0/targetY: 1304.0
[19:56:43] [Client/GameBox/updateTarget/INFO]: receive Package 000C(角色目标)
[19:56:43] [Client/GameBox/updateTarget/INFO]: targetX: 1009/targetY 1344
[19:56:43] [Client/GameBox/sendTargetPos/INFO]: package 000B(角色移动意图) send!
[19:56:43] [Client/GameBox/sendTargetPos/INFO]: targetX: 1009.0/targetY: 1344.0
[19:56:45] [Client/GameBox/updateTarget/INFO]: receive Package 000C(角色目标)
[19:56:45] [Client/GameBox/updateTarget/INFO]: targetX: 577/targetY 1422
[19:56:45] [Client/GameBox/sendTargetPos/INFO]: package 000B(角色移动意图) send!
[19:56:45] [Client/GameBox/sendTargetPos/INFO]: targetX: 577.0/targetY: 1422.0
[19:56:48] [Client/GameBox/updateTarget/INFO]: receive Package 000C(角色目标)
[19:56:48] [Client/GameBox/updateTarget/INFO]: targetX: 728/targetY 1237
[19:56:48] [Client/GameBox/sendTargetPos/INFO]: package 000B(角色移动意图) send!
[19:56:48] [Client/GameBox/sendTargetPos/INFO]: targetX: 728.0/targetY: 1237.0
[19:56:49] [Client/GameBox/updateTarget/INFO]: receive Package 000C(角色目标)
[19:56:49] [Client/GameBox/updateTarget/INFO]: targetX: 850/targetY 1410
[19:56:49] [Client/GameBox/sendTargetPos/INFO]: package 000B(角色移动意图) send!
[19:56:49] [Client/GameBox/sendTargetPos/INFO]: targetX: 850.0/targetY: 1410.0
[19:56:51] [Client/GameBox/updateTarget/INFO]: receive Package 000C(角色目标)
[19:56:51] [Client/GameBox/updateTarget/INFO]: targetX: 1038/targetY 1656
[19:56:51] [Client/GameBox/sendTargetPos/INFO]: package 000B(角色移动意图) send!
[19:56:51] [Client/GameBox/sendTargetPos/INFO]: targetX: 1038.0/targetY: 1656.0
[19:56:52] [Client/GameBox/updateTarget/INFO]: receive Package 000C(角色目标)
[19:56:52] [Client/GameBox/updateTarget/INFO]: targetX: 647/targetY 1752
[19:56:52] [Client/GameBox/sendTargetPos/INFO]: package 000B(角色移动意图) send!
[19:56:52] [Client/GameBox/sendTargetPos/INFO]: targetX: 647.0/targetY: 1752.0
[19:56:53] [Client/GameBox/updateTarget/INFO]: receive Package 000C(角色目标)
[19:56:54] [Client/GameBox/updateTarget/INFO]: targetX: 393/targetY 1739
[19:56:54] [Client/GameBox/sendTargetPos/INFO]: package 000B(角色移动意图) send!
[19:56:54] [Client/GameBox/sendTargetPos/INFO]: targetX: 393.0/targetY: 1739.0
[19:56:55] [Client/GameBox/updateTarget/INFO]: receive Package 000C(角色目标)
[19:56:55] [Client/GameBox/updateTarget/INFO]: targetX: 201/targetY 1720
[19:56:55] [Client/GameBox/sendTargetPos/INFO]: package 000B(角色移动意图) send!
[19:56:55] [Client/GameBox/sendTargetPos/INFO]: targetX: 201.0/targetY: 1720.0
[19:56:57] [Client/GameBox/updateTarget/INFO]: receive Package 000C(角色目标)
[19:56:57] [Client/GameBox/updateTarget/INFO]: targetX: 135/targetY 1476
[19:56:57] [Client/GameBox/sendTargetPos/INFO]: package 000B(角色移动意图) send!
[19:56:57] [Client/GameBox/sendTargetPos/INFO]: targetX: 135.0/targetY: 1476.0
[19:56:58] [Client/GameBox/updateTarget/INFO]: receive Package 000C(角色目标)
[19:56:58] [Client/GameBox/updateTarget/INFO]: targetX: -9/targetY 1233
[19:56:58] [Client/GameBox/sendTargetPos/INFO]: package 000B(角色移动意图) send!
[19:56:58] [Client/GameBox/sendTargetPos/INFO]: targetX: -9.0/targetY: 1233.0
[19:57:01] [Client/GameBox/updateTarget/INFO]: receive Package 000C(角色目标)
[19:57:01] [Client/GameBox/updateTarget/INFO]: targetX: 60/targetY 1001
[19:57:01] [Client/GameBox/sendTargetPos/INFO]: package 000B(角色移动意图) send!
[19:57:01] [Client/GameBox/sendTargetPos/INFO]: targetX: 60.0/targetY: 1001.0
[19:57:02] [Client/GameBox/updateTarget/INFO]: receive Package 000C(角色目标)
[19:57:02] [Client/GameBox/updateTarget/INFO]: targetX: 424/targetY 859
[19:57:02] [Client/GameBox/sendTargetPos/INFO]: package 000B(角色移动意图) send!
[19:57:02] [Client/GameBox/sendTargetPos/INFO]: targetX: 424.0/targetY: 859.0
[19:57:03] [Client/GameBox/updateTarget/INFO]: receive Package 000C(角色目标)
[19:57:03] [Client/GameBox/updateTarget/INFO]: targetX: -10/targetY 863
[19:57:03] [Client/GameBox/sendTargetPos/INFO]: package 000B(角色移动意图) send!
[19:57:04] [Client/GameBox/sendTargetPos/INFO]: targetX: -10.0/targetY: 863.0
[19:57:04] [Client/GameBox/updateTarget/INFO]: receive Package 000C(角色目标)
[19:57:04] [Client/GameBox/updateTarget/INFO]: targetX: -297/targetY 887
[19:57:04] [Client/GameBox/sendTargetPos/INFO]: package 000B(角色移动意图) send!
[19:57:04] [Client/GameBox/sendTargetPos/INFO]: targetX: -297.0/targetY: 887.0
[19:57:06] [Client/GameBox/updateTarget/INFO]: receive Package 000C(角色目标)
[19:57:06] [Client/GameBox/updateTarget/INFO]: targetX: -102/targetY 1207
[19:57:06] [Client/GameBox/sendTargetPos/INFO]: package 000B(角色移动意图) send!
[19:57:06] [Client/GameBox/sendTargetPos/INFO]: targetX: -102.0/targetY: 1207.0
[19:57:07] [Client/GameBox/updateTarget/INFO]: receive Package 000C(角色目标)
[19:57:07] [Client/GameBox/updateTarget/INFO]: targetX: -121/targetY 1373
[19:57:07] [Client/GameBox/sendTargetPos/INFO]: package 000B(角色移动意图) send!
[19:57:07] [Client/GameBox/sendTargetPos/INFO]: targetX: -121.0/targetY: 1373.0
[19:57:08] [Client/GameBox/updateTarget/INFO]: receive Package 000C(角色目标)
[19:57:08] [Client/GameBox/updateTarget/INFO]: targetX: 183/targetY 1535
[19:57:08] [Client/GameBox/sendTargetPos/INFO]: package 000B(角色移动意图) send!
[19:57:08] [Client/GameBox/sendTargetPos/INFO]: targetX: 183.0/targetY: 1535.0
[19:57:08] [Client/GameBox/updateTarget/INFO]: receive Package 000C(角色目标)
[19:57:08] [Client/GameBox/updateTarget/INFO]: targetX: 464/targetY 1365
[19:57:09] [Client/GameBox/sendTargetPos/INFO]: package 000B(角色移动意图) send!
[19:57:09] [Client/GameBox/sendTargetPos/INFO]: targetX: 464.0/targetY: 1365.0
[19:57:09] [Client/GameBox/updateTarget/INFO]: receive Package 000C(角色目标)
[19:57:09] [Client/GameBox/updateTarget/INFO]: targetX: 669/targetY 1206
[19:57:09] [Client/GameBox/sendTargetPos/INFO]: package 000B(角色移动意图) send!
[19:57:09] [Client/GameBox/sendTargetPos/INFO]: targetX: 669.0/targetY: 1206.0
[19:57:10] [Client/GameBox/updateTarget/INFO]: receive Package 000C(角色目标)
[19:57:10] [Client/GameBox/updateTarget/INFO]: targetX: 981/targetY 1048
[19:57:10] [Client/GameBox/sendTargetPos/INFO]: package 000B(角色移动意图) send!
[19:57:10] [Client/GameBox/sendTargetPos/INFO]: targetX: 981.0/targetY: 1048.0
[19:57:11] [Client/GameBox/updateTarget/INFO]: receive Package 000C(角色目标)
[19:57:11] [Client/GameBox/updateTarget/INFO]: targetX: 1211/targetY 973
[19:57:11] [Client/GameBox/sendTargetPos/INFO]: package 000B(角色移动意图) send!
[19:57:12] [Client/GameBox/sendTargetPos/INFO]: targetX: 1211.0/targetY: 973.0
[19:57:12] [Client/GameBox/updateTarget/INFO]: receive Package 000C(角色目标)
[19:57:12] [Client/GameBox/updateTarget/INFO]: targetX: 1465/targetY 1184
[19:57:13] [Client/GameBox/sendTargetPos/INFO]: package 000B(角色移动意图) send!
[19:57:13] [Client/GameBox/sendTargetPos/INFO]: targetX: 1465.0/targetY: 1184.0
[19:57:13] [Client/GameBox/updateTarget/INFO]: receive Package 000C(角色目标)
[19:57:13] [Client/GameBox/updateTarget/INFO]: targetX: 1418/targetY 1385
[19:57:13] [Client/GameBox/sendTargetPos/INFO]: package 000B(角色移动意图) send!
[19:57:13] [Client/GameBox/sendTargetPos/INFO]: targetX: 1418.0/targetY: 1385.0
[19:57:14] [Client/GameBox/updateTarget/INFO]: receive Package 000C(角色目标)
[19:57:14] [Client/GameBox/updateTarget/INFO]: targetX: 1420/targetY 1526
[19:57:14] [Client/GameBox/sendTargetPos/INFO]: package 000B(角色移动意图) send!
[19:57:14] [Client/GameBox/sendTargetPos/INFO]: targetX: 1420.0/targetY: 1526.0
[19:57:14] [Client/GameBox/updateTarget/INFO]: receive Package 000C(角色目标)
[19:57:14] [Client/GameBox/updateTarget/INFO]: targetX: 1473/targetY 1655
[19:57:14] [Client/GameBox/sendTargetPos/INFO]: package 000B(角色移动意图) send!
[19:57:14] [Client/GameBox/sendTargetPos/INFO]: targetX: 1473.0/targetY: 1655.0
[19:57:15] [Client/GameBox/updateTarget/INFO]: receive Package 000C(角色目标)
[19:57:15] [Client/GameBox/updateTarget/INFO]: targetX: 1708/targetY 1797
[19:57:15] [Client/GameBox/sendTargetPos/INFO]: package 000B(角色移动意图) send!
[19:57:15] [Client/GameBox/sendTargetPos/INFO]: targetX: 1708.0/targetY: 1797.0
[19:57:16] [Client/GameBox/updateTarget/INFO]: receive Package 000C(角色目标)
[19:57:16] [Client/GameBox/updateTarget/INFO]: targetX: 1847/targetY 1970
[19:57:16] [Client/GameBox/sendTargetPos/INFO]: package 000B(角色移动意图) send!
[19:57:16] [Client/GameBox/sendTargetPos/INFO]: targetX: 1847.0/targetY: 1970.0
[19:57:35] [Client/GameBox/updateTarget/INFO]: receive Package 000C(角色目标)
[19:57:35] [Client/GameBox/updateTarget/INFO]: targetX: 1909/targetY 1758
[19:57:35] [Client/GameBox/sendTargetPos/INFO]: package 000B(角色移动意图) send!
[19:57:35] [Client/GameBox/sendTargetPos/INFO]: targetX: 1909.0/targetY: 1758.0
[19:57:36] [Client/GameBox/updateTarget/INFO]: receive Package 000C(角色目标)
[19:57:36] [Client/GameBox/updateTarget/INFO]: targetX: 1909/targetY 1474
[19:57:36] [Client/GameBox/sendTargetPos/INFO]: package 000B(角色移动意图) send!
[19:57:36] [Client/GameBox/sendTargetPos/INFO]: targetX: 1909.0/targetY: 1474.0
[19:57:38] [Client/GameBox/updateTarget/INFO]: receive Package 000C(角色目标)
[19:57:38] [Client/GameBox/updateTarget/INFO]: targetX: 1920/targetY 1245
[19:57:38] [Client/GameBox/sendTargetPos/INFO]: package 000B(角色移动意图) send!
[19:57:38] [Client/GameBox/sendTargetPos/INFO]: targetX: 1920.0/targetY: 1245.0
[19:57:46] [Client/GameBox/updateTarget/INFO]: receive Package 000C(角色目标)
[19:57:46] [Client/GameBox/updateTarget/INFO]: targetX: 1740/targetY 1128
[19:57:46] [Client/GameBox/sendTargetPos/INFO]: package 000B(角色移动意图) send!
[19:57:46] [Client/GameBox/sendTargetPos/INFO]: targetX: 1740.0/targetY: 1128.0
[19:57:46] [Client/GameBox/updateTarget/INFO]: receive Package 000C(角色目标)
[19:57:46] [Client/GameBox/updateTarget/INFO]: targetX: 1561/targetY 1034
[19:57:46] [Client/GameBox/sendTargetPos/INFO]: package 000B(角色移动意图) send!
[19:57:46] [Client/GameBox/sendTargetPos/INFO]: targetX: 1561.0/targetY: 1034.0
[19:57:47] [Client/GameBox/updateTarget/INFO]: receive Package 000C(角色目标)
[19:57:47] [Client/GameBox/updateTarget/INFO]: targetX: 1530/targetY 971
[19:57:47] [Client/GameBox/sendTargetPos/INFO]: package 000B(角色移动意图) send!
[19:57:47] [Client/GameBox/sendTargetPos/INFO]: targetX: 1530.0/targetY: 971.0
[19:57:47] [Client/GameBox/updateTarget/INFO]: receive Package 000C(角色目标)
[19:57:47] [Client/GameBox/updateTarget/INFO]: targetX: 1506/targetY 920
[19:57:47] [Client/GameBox/sendTargetPos/INFO]: package 000B(角色移动意图) send!
[19:57:47] [Client/GameBox/sendTargetPos/INFO]: targetX: 1506.0/targetY: 920.0
[19:57:49] [Client/GameBox/updateTarget/INFO]: receive Package 000C(角色目标)
[19:57:49] [Client/GameBox/updateTarget/INFO]: targetX: 1736/targetY 941
[19:57:49] [Client/GameBox/sendTargetPos/INFO]: package 000B(角色移动意图) send!
[19:57:49] [Client/GameBox/sendTargetPos/INFO]: targetX: 1736.0/targetY: 941.0
[19:57:50] [Client/GameBox/updateTarget/INFO]: receive Package 000C(角色目标)
[19:57:50] [Client/GameBox/updateTarget/INFO]: targetX: 1338/targetY 840
[19:57:50] [Client/GameBox/sendTargetPos/INFO]: package 000B(角色移动意图) send!
[19:57:51] [Client/GameBox/sendTargetPos/INFO]: targetX: 1338.0/targetY: 840.0
[19:57:52] [Client/GameBox/updateTarget/INFO]: receive Package 000C(角色目标)
[19:57:52] [Client/GameBox/updateTarget/INFO]: targetX: 1686/targetY 847
[19:57:52] [Client/GameBox/sendTargetPos/INFO]: package 000B(角色移动意图) send!
[19:57:52] [Client/GameBox/sendTargetPos/INFO]: targetX: 1686.0/targetY: 847.0
[19:57:53] [Client/GameBox/updateTarget/INFO]: receive Package 000C(角色目标)
[19:57:53] [Client/GameBox/updateTarget/INFO]: targetX: 1725/targetY 1095
[19:57:53] [Client/GameBox/sendTargetPos/INFO]: package 000B(角色移动意图) send!
[19:57:53] [Client/GameBox/sendTargetPos/INFO]: targetX: 1725.0/targetY: 1095.0
[19:57:53] [Client/GameBox/updateTarget/INFO]: receive Package 000C(角色目标)
[19:57:53] [Client/GameBox/updateTarget/INFO]: targetX: 1761/targetY 1181
[19:57:53] [Client/GameBox/sendTargetPos/INFO]: package 000B(角色移动意图) send!
[19:57:53] [Client/GameBox/sendTargetPos/INFO]: targetX: 1761.0/targetY: 1181.0
[19:57:53] [Client/GameBox/updateTarget/INFO]: receive Package 000C(角色目标)
[19:57:53] [Client/GameBox/updateTarget/INFO]: targetX: 1798/targetY 1252
[19:57:53] [Client/GameBox/sendTargetPos/INFO]: package 000B(角色移动意图) send!
[19:57:53] [Client/GameBox/sendTargetPos/INFO]: targetX: 1798.0/targetY: 1252.0
[19:57:54] [Client/GameBox/updateTarget/INFO]: receive Package 000C(角色目标)
[19:57:54] [Client/GameBox/updateTarget/INFO]: targetX: 1493/targetY 1269
[19:57:54] [Client/GameBox/sendTargetPos/INFO]: package 000B(角色移动意图) send!
[19:57:54] [Client/GameBox/sendTargetPos/INFO]: targetX: 1493.0/targetY: 1269.0
[19:57:55] [Client/GameBox/updateTarget/INFO]: receive Package 000C(角色目标)
[19:57:55] [Client/GameBox/updateTarget/INFO]: targetX: 1447/targetY 1269
[19:57:55] [Client/GameBox/sendTargetPos/INFO]: package 000B(角色移动意图) send!
[19:57:55] [Client/GameBox/sendTargetPos/INFO]: targetX: 1447.0/targetY: 1269.0
[19:57:55] [Client/GameBox/updateTarget/INFO]: receive Package 000C(角色目标)
[19:57:55] [Client/GameBox/updateTarget/INFO]: targetX: 1412/targetY 1271
[19:57:55] [Client/GameBox/sendTargetPos/INFO]: package 000B(角色移动意图) send!
[19:57:55] [Client/GameBox/sendTargetPos/INFO]: targetX: 1412.0/targetY: 1271.0
[19:57:55] [Client/GameBox/updateTarget/INFO]: receive Package 000C(角色目标)
[19:57:55] [Client/GameBox/updateTarget/INFO]: targetX: 1382/targetY 1272
[19:57:55] [Client/GameBox/sendTargetPos/INFO]: package 000B(角色移动意图) send!
[19:57:55] [Client/GameBox/sendTargetPos/INFO]: targetX: 1382.0/targetY: 1272.0
[19:57:55] [Client/GameBox/updateTarget/INFO]: receive Package 000C(角色目标)
[19:57:55] [Client/GameBox/updateTarget/INFO]: targetX: 1347/targetY 1275
[19:57:55] [Client/GameBox/sendTargetPos/INFO]: package 000B(角色移动意图) send!
[19:57:55] [Client/GameBox/sendTargetPos/INFO]: targetX: 1347.0/targetY: 1275.0
[19:57:55] [Client/GameBox/updateTarget/INFO]: receive Package 000C(角色目标)
[19:57:55] [Client/GameBox/updateTarget/INFO]: targetX: 1312/targetY 1277
[19:57:55] [Client/GameBox/sendTargetPos/INFO]: package 000B(角色移动意图) send!
[19:57:55] [Client/GameBox/sendTargetPos/INFO]: targetX: 1312.0/targetY: 1277.0
[19:57:55] [Client/GameBox/updateTarget/INFO]: receive Package 000C(角色目标)
[19:57:55] [Client/GameBox/updateTarget/INFO]: targetX: 1277/targetY 1279
[19:57:55] [Client/GameBox/sendTargetPos/INFO]: package 000B(角色移动意图) send!
[19:57:55] [Client/GameBox/sendTargetPos/INFO]: targetX: 1277.0/targetY: 1279.0
[19:57:55] [Client/GameBox/updateTarget/INFO]: receive Package 000C(角色目标)
[19:57:55] [Client/GameBox/updateTarget/INFO]: targetX: 1247/targetY 1281
[19:57:55] [Client/GameBox/sendTargetPos/INFO]: package 000B(角色移动意图) send!
[19:57:55] [Client/GameBox/sendTargetPos/INFO]: targetX: 1247.0/targetY: 1281.0
[19:57:55] [Client/GameBox/updateTarget/INFO]: receive Package 000C(角色目标)
[19:57:56] [Client/GameBox/updateTarget/INFO]: targetX: 1207/targetY 1283
[19:57:56] [Client/GameBox/sendTargetPos/INFO]: package 000B(角色移动意图) send!
[19:57:56] [Client/GameBox/sendTargetPos/INFO]: targetX: 1207.0/targetY: 1283.0
[19:57:56] [Client/GameBox/updateTarget/INFO]: receive Package 000C(角色目标)
[19:57:56] [Client/GameBox/updateTarget/INFO]: targetX: 1177/targetY 1285
[19:57:56] [Client/GameBox/sendTargetPos/INFO]: package 000B(角色移动意图) send!
[19:57:56] [Client/GameBox/sendTargetPos/INFO]: targetX: 1177.0/targetY: 1285.0
[19:57:57] [Client/GameBox/updateTarget/INFO]: receive Package 000C(角色目标)
[19:57:58] [Client/GameBox/updateTarget/INFO]: targetX: 1479/targetY 1346
[19:57:58] [Client/GameBox/sendTargetPos/INFO]: package 000B(角色移动意图) send!
[19:57:58] [Client/GameBox/sendTargetPos/INFO]: targetX: 1479.0/targetY: 1346.0
[19:57:58] [Client/GameBox/updateTarget/INFO]: receive Package 000C(角色目标)
[19:57:58] [Client/GameBox/updateTarget/INFO]: targetX: 1552/targetY 1360
[19:57:58] [Client/GameBox/sendTargetPos/INFO]: package 000B(角色移动意图) send!
[19:57:58] [Client/GameBox/sendTargetPos/INFO]: targetX: 1552.0/targetY: 1360.0
[19:57:59] [Client/GameBox/updateTarget/INFO]: receive Package 000C(角色目标)
[19:57:59] [Client/GameBox/updateTarget/INFO]: targetX: 1709/targetY 1245
[19:57:59] [Client/GameBox/sendTargetPos/INFO]: package 000B(角色移动意图) send!
[19:57:59] [Client/GameBox/sendTargetPos/INFO]: targetX: 1709.0/targetY: 1245.0
[19:58:00] [Client/GameBox/updateTarget/INFO]: receive Package 000C(角色目标)
[19:58:00] [Client/GameBox/updateTarget/INFO]: targetX: 1922/targetY 1284
[19:58:00] [Client/GameBox/sendTargetPos/INFO]: package 000B(角色移动意图) send!
[19:58:00] [Client/GameBox/sendTargetPos/INFO]: targetX: 1922.0/targetY: 1284.0
[19:58:01] [Client/GameBox/updateTarget/INFO]: receive Package 000C(角色目标)
[19:58:01] [Client/GameBox/updateTarget/INFO]: targetX: 2207/targetY 1200
[19:58:01] [Client/GameBox/sendTargetPos/INFO]: package 000B(角色移动意图) send!
[19:58:01] [Client/GameBox/sendTargetPos/INFO]: targetX: 2207.0/targetY: 1200.0
[19:58:02] [Client/GameBox/updateTarget/INFO]: receive Package 000C(角色目标)
[19:58:02] [Client/GameBox/updateTarget/INFO]: targetX: 2131/targetY 1119
[19:58:02] [Client/GameBox/sendTargetPos/INFO]: package 000B(角色移动意图) send!
[19:58:02] [Client/GameBox/sendTargetPos/INFO]: targetX: 2131.0/targetY: 1119.0
[19:58:02] [Client/GameBox/updateTarget/INFO]: receive Package 000C(角色目标)
[19:58:02] [Client/GameBox/updateTarget/INFO]: targetX: 2071/targetY 961
[19:58:02] [Client/GameBox/sendTargetPos/INFO]: package 000B(角色移动意图) send!
[19:58:02] [Client/GameBox/sendTargetPos/INFO]: targetX: 2071.0/targetY: 961.0
[19:58:03] [Client/GameBox/updateTarget/INFO]: receive Package 000C(角色目标)
[19:58:03] [Client/GameBox/updateTarget/INFO]: targetX: 2465/targetY 739
[19:58:03] [Client/GameBox/sendTargetPos/INFO]: package 000B(角色移动意图) send!
[19:58:03] [Client/GameBox/sendTargetPos/INFO]: targetX: 2465.0/targetY: 739.0
[19:58:04] [Client/GameBox/updateTarget/INFO]: receive Package 000C(角色目标)
[19:58:04] [Client/GameBox/updateTarget/INFO]: targetX: 2690/targetY 897
[19:58:04] [Client/GameBox/sendTargetPos/INFO]: package 000B(角色移动意图) send!
[19:58:04] [Client/GameBox/sendTargetPos/INFO]: targetX: 2690.0/targetY: 897.0
[19:58:04] [Client/GameBox/updateTarget/INFO]: receive Package 000C(角色目标)
[19:58:04] [Client/GameBox/updateTarget/INFO]: targetX: 2701/targetY 1038
[19:58:04] [Client/GameBox/sendTargetPos/INFO]: package 000B(角色移动意图) send!
[19:58:04] [Client/GameBox/sendTargetPos/INFO]: targetX: 2701.0/targetY: 1038.0
[19:58:07] [Client/GameBox/updateTarget/INFO]: receive Package 000C(角色目标)
[19:58:07] [Client/GameBox/updateTarget/INFO]: targetX: 2236/targetY 1089
[19:58:07] [Client/GameBox/sendTargetPos/INFO]: package 000B(角色移动意图) send!
[19:58:07] [Client/GameBox/sendTargetPos/INFO]: targetX: 2236.0/targetY: 1089.0
[19:58:07] [Client/GameBox/updateTarget/INFO]: receive Package 000C(角色目标)
[19:58:07] [Client/GameBox/updateTarget/INFO]: targetX: 2189/targetY 1093
[19:58:07] [Client/GameBox/sendTargetPos/INFO]: package 000B(角色移动意图) send!
[19:58:07] [Client/GameBox/sendTargetPos/INFO]: targetX: 2189.0/targetY: 1093.0
[19:58:07] [Client/GameBox/updateTarget/INFO]: receive Package 000C(角色目标)
[19:58:07] [Client/GameBox/updateTarget/INFO]: targetX: 2154/targetY 1097
[19:58:07] [Client/GameBox/sendTargetPos/INFO]: package 000B(角色移动意图) send!
[19:58:07] [Client/GameBox/sendTargetPos/INFO]: targetX: 2154.0/targetY: 1097.0
[19:58:07] [Client/GameBox/updateTarget/INFO]: receive Package 000C(角色目标)
[19:58:07] [Client/GameBox/updateTarget/INFO]: targetX: 2084/targetY 1105
[19:58:07] [Client/GameBox/sendTargetPos/INFO]: package 000B(角色移动意图) send!
[19:58:07] [Client/GameBox/sendTargetPos/INFO]: targetX: 2084.0/targetY: 1105.0
[19:58:08] [Client/GameBox/updateTarget/INFO]: receive Package 000C(角色目标)
[19:58:08] [Client/GameBox/updateTarget/INFO]: targetX: 2644/targetY 913
[19:58:08] [Client/GameBox/sendTargetPos/INFO]: package 000B(角色移动意图) send!
[19:58:08] [Client/GameBox/sendTargetPos/INFO]: targetX: 2644.0/targetY: 913.0
[19:58:10] [Client/GameBox/updateTarget/INFO]: receive Package 000C(角色目标)
[19:58:10] [Client/GameBox/updateTarget/INFO]: targetX: 2289/targetY 983
[19:58:10] [Client/GameBox/sendTargetPos/INFO]: package 000B(角色移动意图) send!
[19:58:10] [Client/GameBox/sendTargetPos/INFO]: targetX: 2289.0/targetY: 983.0
[19:58:10] [Client/GameBox/updateTarget/INFO]: receive Package 000C(角色目标)
[19:58:10] [Client/GameBox/updateTarget/INFO]: targetX: 2234/targetY 994
[19:58:10] [Client/GameBox/sendTargetPos/INFO]: package 000B(角色移动意图) send!
[19:58:10] [Client/GameBox/sendTargetPos/INFO]: targetX: 2234.0/targetY: 994.0
[19:58:12] [Client/GameBox/updateTarget/INFO]: receive Package 000C(角色目标)
[19:58:12] [Client/GameBox/updateTarget/INFO]: targetX: 1787/targetY 1087
[19:58:12] [Client/GameBox/sendTargetPos/INFO]: package 000B(角色移动意图) send!
[19:58:12] [Client/GameBox/sendTargetPos/INFO]: targetX: 1787.0/targetY: 1087.0
[19:58:24] [Client/GameBox/updateTarget/INFO]: receive Package 000C(角色目标)
[19:58:24] [Client/GameBox/updateTarget/INFO]: targetX: 1862/targetY 1217
[19:58:24] [Client/GameBox/sendTargetPos/INFO]: package 000B(角色移动意图) send!
[19:58:24] [Client/GameBox/sendTargetPos/INFO]: targetX: 1862.0/targetY: 1217.0
[19:58:27] [Client/GameBox/updateTarget/INFO]: receive Package 000C(角色目标)
[19:58:27] [Client/GameBox/updateTarget/INFO]: targetX: 1671/targetY 1210
[19:58:27] [Client/GameBox/sendTargetPos/INFO]: package 000B(角色移动意图) send!
[19:58:27] [Client/GameBox/sendTargetPos/INFO]: targetX: 1671.0/targetY: 1210.0
[19:58:28] [Client/GameBox/updateTarget/INFO]: receive Package 000C(角色目标)
[19:58:28] [Client/GameBox/updateTarget/INFO]: targetX: 1427/targetY 1115
[19:58:28] [Client/GameBox/sendTargetPos/INFO]: package 000B(角色移动意图) send!
[19:58:28] [Client/GameBox/sendTargetPos/INFO]: targetX: 1427.0/targetY: 1115.0
[19:58:31] [Client/GameBox/updateTarget/INFO]: receive Package 000C(角色目标)
[19:58:31] [Client/GameBox/updateTarget/INFO]: targetX: 1528/targetY 878
[19:58:31] [Client/GameBox/sendTargetPos/INFO]: package 000B(角色移动意图) send!
[19:58:31] [Client/GameBox/sendTargetPos/INFO]: targetX: 1528.0/targetY: 878.0
[19:58:32] [Client/GameBox/updateTarget/INFO]: receive Package 000C(角色目标)
[19:58:33] [Client/GameBox/updateTarget/INFO]: targetX: 1614/targetY 1012
[19:58:33] [Client/GameBox/sendTargetPos/INFO]: package 000B(角色移动意图) send!
[19:58:33] [Client/GameBox/sendTargetPos/INFO]: targetX: 1614.0/targetY: 1012.0
[19:58:33] [Client/GameBox/updateTarget/INFO]: receive Package 000C(角色目标)
[19:58:33] [Client/GameBox/updateTarget/INFO]: targetX: 1395/targetY 1120
[19:58:33] [Client/GameBox/sendTargetPos/INFO]: package 000B(角色移动意图) send!
[19:58:34] [Client/GameBox/sendTargetPos/INFO]: targetX: 1395.0/targetY: 1120.0
[19:58:40] [Client/GameBox/updateTarget/INFO]: receive Package 000C(角色目标)
[19:58:40] [Client/GameBox/updateTarget/INFO]: targetX: 1073/targetY 1006
[19:58:40] [Client/GameBox/sendTargetPos/INFO]: package 000B(角色移动意图) send!
[19:58:40] [Client/GameBox/sendTargetPos/INFO]: targetX: 1073.0/targetY: 1006.0
[19:58:41] [Client/GameBox/updateTarget/INFO]: receive Package 000C(角色目标)
[19:58:41] [Client/GameBox/updateTarget/INFO]: targetX: 1223/targetY 1171
[19:58:41] [Client/GameBox/sendTargetPos/INFO]: package 000B(角色移动意图) send!
[19:58:41] [Client/GameBox/sendTargetPos/INFO]: targetX: 1223.0/targetY: 1171.0
[19:58:42] [Client/GameBox/updateTarget/INFO]: receive Package 000C(角色目标)
[19:58:42] [Client/GameBox/updateTarget/INFO]: targetX: 938/targetY 1024
[19:58:42] [Client/GameBox/sendTargetPos/INFO]: package 000B(角色移动意图) send!
[19:58:42] [Client/GameBox/sendTargetPos/INFO]: targetX: 938.0/targetY: 1024.0
[19:58:43] [Client/GameBox/updateTarget/INFO]: receive Package 000C(角色目标)
[19:58:43] [Client/GameBox/updateTarget/INFO]: targetX: 1418/targetY 789
[19:58:43] [Client/GameBox/sendTargetPos/INFO]: package 000B(角色移动意图) send!
[19:58:43] [Client/GameBox/sendTargetPos/INFO]: targetX: 1418.0/targetY: 789.0
[19:58:45] [Client/GameBox/updateTarget/INFO]: receive Package 000C(角色目标)
[19:58:45] [Client/GameBox/updateTarget/INFO]: targetX: 828/targetY 785
[19:58:45] [Client/GameBox/sendTargetPos/INFO]: package 000B(角色移动意图) send!
[19:58:45] [Client/GameBox/sendTargetPos/INFO]: targetX: 828.0/targetY: 785.0
[19:58:47] [Client/GameBox/updateTarget/INFO]: receive Package 000C(角色目标)
[19:58:47] [Client/GameBox/updateTarget/INFO]: targetX: 994/targetY 1007
[19:58:47] [Client/GameBox/sendTargetPos/INFO]: package 000B(角色移动意图) send!
[19:58:47] [Client/GameBox/sendTargetPos/INFO]: targetX: 994.0/targetY: 1007.0
[19:58:48] [Client/GameBox/updateTarget/INFO]: receive Package 000C(角色目标)
[19:58:48] [Client/GameBox/updateTarget/INFO]: targetX: 1186/targetY 1307
[19:58:48] [Client/GameBox/sendTargetPos/INFO]: package 000B(角色移动意图) send!
[19:58:48] [Client/GameBox/sendTargetPos/INFO]: targetX: 1186.0/targetY: 1307.0
[19:58:49] [Client/GameBox/updateTarget/INFO]: receive Package 000C(角色目标)
[19:58:49] [Client/GameBox/updateTarget/INFO]: targetX: 840/targetY 885
[19:58:49] [Client/GameBox/sendTargetPos/INFO]: package 000B(角色移动意图) send!
[19:58:49] [Client/GameBox/sendTargetPos/INFO]: targetX: 840.0/targetY: 885.0
[19:58:49] [Client/GameBox/updateTarget/INFO]: receive Package 000C(角色目标)
[19:58:49] [Client/GameBox/updateTarget/INFO]: targetX: 1165/targetY 777
[19:58:49] [Client/GameBox/sendTargetPos/INFO]: package 000B(角色移动意图) send!
[19:58:49] [Client/GameBox/sendTargetPos/INFO]: targetX: 1165.0/targetY: 777.0
[19:58:50] [Client/GameBox/updateTarget/INFO]: receive Package 000C(角色目标)
[19:58:50] [Client/GameBox/updateTarget/INFO]: targetX: 713/targetY 879
[19:58:50] [Client/GameBox/sendTargetPos/INFO]: package 000B(角色移动意图) send!
[19:58:50] [Client/GameBox/sendTargetPos/INFO]: targetX: 713.0/targetY: 879.0
[19:58:51] [Client/GameBox/updateTarget/INFO]: receive Package 000C(角色目标)
[19:58:51] [Client/GameBox/updateTarget/INFO]: targetX: 454/targetY 986
[19:58:51] [Client/GameBox/sendTargetPos/INFO]: package 000B(角色移动意图) send!
[19:58:51] [Client/GameBox/sendTargetPos/INFO]: targetX: 454.0/targetY: 986.0
[19:58:52] [Client/GameBox/updateTarget/INFO]: receive Package 000C(角色目标)
[19:58:52] [Client/GameBox/updateTarget/INFO]: targetX: 851/targetY 1017
[19:58:52] [Client/GameBox/sendTargetPos/INFO]: package 000B(角色移动意图) send!
[19:58:52] [Client/GameBox/sendTargetPos/INFO]: targetX: 851.0/targetY: 1017.0
[19:58:53] [Client/GameBox/updateTarget/INFO]: receive Package 000C(角色目标)
[19:58:54] [Client/GameBox/updateTarget/INFO]: targetX: 1351/targetY 985
[19:58:54] [Client/GameBox/sendTargetPos/INFO]: package 000B(角色移动意图) send!
[19:58:54] [Client/GameBox/sendTargetPos/INFO]: targetX: 1351.0/targetY: 985.0
[19:58:54] [Client/GameBox/updateTarget/INFO]: receive Package 000C(角色目标)
[19:58:55] [Client/GameBox/updateTarget/INFO]: targetX: 1617/targetY 964
[19:58:55] [Client/GameBox/sendTargetPos/INFO]: package 000B(角色移动意图) send!
[19:58:55] [Client/GameBox/sendTargetPos/INFO]: targetX: 1617.0/targetY: 964.0
[19:58:55] [Client/GameBox/updateTarget/INFO]: receive Package 000C(角色目标)
[19:58:55] [Client/GameBox/updateTarget/INFO]: targetX: 1805/targetY 807
[19:58:55] [Client/GameBox/sendTargetPos/INFO]: package 000B(角色移动意图) send!
[19:58:55] [Client/GameBox/sendTargetPos/INFO]: targetX: 1805.0/targetY: 807.0
[19:58:57] [Client/GameBox/updateTarget/INFO]: receive Package 000C(角色目标)
[19:58:57] [Client/GameBox/updateTarget/INFO]: targetX: 2052/targetY 1112
[19:58:57] [Client/GameBox/sendTargetPos/INFO]: package 000B(角色移动意图) send!
[19:58:57] [Client/GameBox/sendTargetPos/INFO]: targetX: 2052.0/targetY: 1112.0
[19:58:59] [Client/GameBox/updateTarget/INFO]: receive Package 000C(角色目标)
[19:58:59] [Client/GameBox/updateTarget/INFO]: targetX: 1562/targetY 1173
[19:58:59] [Client/GameBox/sendTargetPos/INFO]: package 000B(角色移动意图) send!
[19:58:59] [Client/GameBox/sendTargetPos/INFO]: targetX: 1562.0/targetY: 1173.0
[19:59:00] [Client/GameBox/updateTarget/INFO]: receive Package 000C(角色目标)
[19:59:00] [Client/GameBox/updateTarget/INFO]: targetX: 2118/targetY 1359
[19:59:00] [Client/GameBox/sendTargetPos/INFO]: package 000B(角色移动意图) send!
[19:59:00] [Client/GameBox/sendTargetPos/INFO]: targetX: 2118.0/targetY: 1359.0
[19:59:00] [Client/GameBox/updateTarget/INFO]: receive Package 000C(角色目标)
[19:59:00] [Client/GameBox/updateTarget/INFO]: targetX: 2160/targetY 1495
[19:59:00] [Client/GameBox/sendTargetPos/INFO]: package 000B(角色移动意图) send!
[19:59:00] [Client/GameBox/sendTargetPos/INFO]: targetX: 2160.0/targetY: 1495.0
[19:59:01] [Client/GameBox/updateTarget/INFO]: receive Package 000C(角色目标)
[19:59:01] [Client/GameBox/updateTarget/INFO]: targetX: 2260/targetY 1646
[19:59:01] [Client/GameBox/sendTargetPos/INFO]: package 000B(角色移动意图) send!
[19:59:01] [Client/GameBox/sendTargetPos/INFO]: targetX: 2260.0/targetY: 1646.0
[19:59:02] [Client/GameBox/updateTarget/INFO]: receive Package 000C(角色目标)
[19:59:02] [Client/GameBox/updateTarget/INFO]: targetX: 1932/targetY 1714
[19:59:02] [Client/GameBox/sendTargetPos/INFO]: package 000B(角色移动意图) send!
[19:59:02] [Client/GameBox/sendTargetPos/INFO]: targetX: 1932.0/targetY: 1714.0
[19:59:03] [Client/GameBox/updateTarget/INFO]: receive Package 000C(角色目标)
[19:59:03] [Client/GameBox/updateTarget/INFO]: targetX: 1523/targetY 1771
[19:59:03] [Client/GameBox/sendTargetPos/INFO]: package 000B(角色移动意图) send!
[19:59:03] [Client/GameBox/sendTargetPos/INFO]: targetX: 1523.0/targetY: 1771.0
[19:59:04] [Client/GameBox/updateTarget/INFO]: receive Package 000C(角色目标)
[19:59:04] [Client/GameBox/updateTarget/INFO]: targetX: 1200/targetY 1779
[19:59:04] [Client/GameBox/sendTargetPos/INFO]: package 000B(角色移动意图) send!
[19:59:04] [Client/GameBox/sendTargetPos/INFO]: targetX: 1200.0/targetY: 1779.0
[19:59:05] [Client/GameBox/updateTarget/INFO]: receive Package 000C(角色目标)
[19:59:05] [Client/GameBox/updateTarget/INFO]: targetX: 888/targetY 1785
[19:59:05] [Client/GameBox/sendTargetPos/INFO]: package 000B(角色移动意图) send!
[19:59:05] [Client/GameBox/sendTargetPos/INFO]: targetX: 888.0/targetY: 1785.0
[19:59:08] [Client/GameBox/updateTarget/INFO]: receive Package 000C(角色目标)
[19:59:08] [Client/GameBox/updateTarget/INFO]: targetX: 429/targetY 1743
[19:59:08] [Client/GameBox/sendTargetPos/INFO]: package 000B(角色移动意图) send!
[19:59:08] [Client/GameBox/sendTargetPos/INFO]: targetX: 429.0/targetY: 1743.0
[19:59:09] [Client/GameBox/updateTarget/INFO]: receive Package 000C(角色目标)
[19:59:09] [Client/GameBox/updateTarget/INFO]: targetX: 260/targetY 1689
[19:59:09] [Client/GameBox/sendTargetPos/INFO]: package 000B(角色移动意图) send!
[19:59:09] [Client/GameBox/sendTargetPos/INFO]: targetX: 260.0/targetY: 1689.0
[19:59:12] [Client/GameBox/updateTarget/INFO]: receive Package 000C(角色目标)
[19:59:12] [Client/GameBox/updateTarget/INFO]: targetX: 366/targetY 1447
[19:59:12] [Client/GameBox/sendTargetPos/INFO]: package 000B(角色移动意图) send!
[19:59:12] [Client/GameBox/sendTargetPos/INFO]: targetX: 366.0/targetY: 1447.0
[19:59:13] [Client/GameBox/updateTarget/INFO]: receive Package 000C(角色目标)
[19:59:13] [Client/GameBox/updateTarget/INFO]: targetX: 389/targetY 1219
[19:59:13] [Client/GameBox/sendTargetPos/INFO]: package 000B(角色移动意图) send!
[19:59:13] [Client/GameBox/sendTargetPos/INFO]: targetX: 389.0/targetY: 1219.0
[19:59:14] [Client/GameBox/updateTarget/INFO]: receive Package 000C(角色目标)
[19:59:14] [Client/GameBox/updateTarget/INFO]: targetX: 289/targetY 950
[19:59:14] [Client/GameBox/sendTargetPos/INFO]: package 000B(角色移动意图) send!
[19:59:14] [Client/GameBox/sendTargetPos/INFO]: targetX: 289.0/targetY: 950.0
[19:59:18] [Client/GameBox/updateTarget/INFO]: receive Package 000C(角色目标)
[19:59:18] [Client/GameBox/updateTarget/INFO]: targetX: 310/targetY 701
[19:59:18] [Client/GameBox/sendTargetPos/INFO]: package 000B(角色移动意图) send!
[19:59:18] [Client/GameBox/sendTargetPos/INFO]: targetX: 310.0/targetY: 701.0
[19:59:19] [Client/GameBox/updateTarget/INFO]: receive Package 000C(角色目标)
[19:59:19] [Client/GameBox/updateTarget/INFO]: targetX: 236/targetY 541
[19:59:19] [Client/GameBox/sendTargetPos/INFO]: package 000B(角色移动意图) send!
[19:59:19] [Client/GameBox/sendTargetPos/INFO]: targetX: 236.0/targetY: 541.0
[19:59:20] [Client/GameBox/updateTarget/INFO]: receive Package 000C(角色目标)
[19:59:20] [Client/GameBox/updateTarget/INFO]: targetX: 187/targetY 387
[19:59:20] [Client/GameBox/sendTargetPos/INFO]: package 000B(角色移动意图) send!
[19:59:20] [Client/GameBox/sendTargetPos/INFO]: targetX: 187.0/targetY: 387.0
[19:59:21] [Client/GameBox/updateTarget/INFO]: receive Package 000C(角色目标)
[19:59:21] [Client/GameBox/updateTarget/INFO]: targetX: 413/targetY 114
[19:59:22] [Client/GameBox/sendTargetPos/INFO]: package 000B(角色移动意图) send!
[19:59:22] [Client/GameBox/sendTargetPos/INFO]: targetX: 413.0/targetY: 114.0
[19:59:22] [Client/GameBox/updateTarget/INFO]: receive Package 000C(角色目标)
[19:59:22] [Client/GameBox/updateTarget/INFO]: targetX: 483/targetY 29
[19:59:22] [Client/GameBox/sendTargetPos/INFO]: package 000B(角色移动意图) send!
[19:59:22] [Client/GameBox/sendTargetPos/INFO]: targetX: 483.0/targetY: 29.0
[19:59:22] [Client/GameBox/updateTarget/INFO]: receive Package 000C(角色目标)
[19:59:22] [Client/GameBox/updateTarget/INFO]: targetX: 509/targetY -41
[19:59:22] [Client/GameBox/sendTargetPos/INFO]: package 000B(角色移动意图) send!
[19:59:22] [Client/GameBox/sendTargetPos/INFO]: targetX: 509.0/targetY: -41.0
[19:59:23] [Client/GameBox/updateTarget/INFO]: receive Package 000C(角色目标)
[19:59:23] [Client/GameBox/updateTarget/INFO]: targetX: 886/targetY 292
[19:59:23] [Client/GameBox/sendTargetPos/INFO]: package 000B(角色移动意图) send!
[19:59:23] [Client/GameBox/sendTargetPos/INFO]: targetX: 886.0/targetY: 292.0
[19:59:23] [Client/GameBox/updateTarget/INFO]: receive Package 000C(角色目标)
[19:59:23] [Client/GameBox/updateTarget/INFO]: targetX: 916/targetY 309
[19:59:23] [Client/GameBox/sendTargetPos/INFO]: package 000B(角色移动意图) send!
[19:59:23] [Client/GameBox/sendTargetPos/INFO]: targetX: 916.0/targetY: 309.0
[19:59:24] [Client/GameBox/updateTarget/INFO]: receive Package 000C(角色目标)
[19:59:24] [Client/GameBox/updateTarget/INFO]: targetX: 982/targetY 351
[19:59:24] [Client/GameBox/sendTargetPos/INFO]: package 000B(角色移动意图) send!
[19:59:24] [Client/GameBox/sendTargetPos/INFO]: targetX: 982.0/targetY: 351.0
[19:59:24] [Client/GameBox/updateTarget/INFO]: receive Package 000C(角色目标)
[19:59:24] [Client/GameBox/updateTarget/INFO]: targetX: 1012/targetY 370
[19:59:24] [Client/GameBox/sendTargetPos/INFO]: package 000B(角色移动意图) send!
[19:59:24] [Client/GameBox/sendTargetPos/INFO]: targetX: 1012.0/targetY: 370.0
[19:59:25] [Client/GameBox/updateTarget/INFO]: receive Package 000C(角色目标)
[19:59:25] [Client/GameBox/updateTarget/INFO]: targetX: 963/targetY 639
[19:59:25] [Client/GameBox/sendTargetPos/INFO]: package 000B(角色移动意图) send!
[19:59:25] [Client/GameBox/sendTargetPos/INFO]: targetX: 963.0/targetY: 639.0
[19:59:26] [Client/GameBox/updateTarget/INFO]: receive Package 000C(角色目标)
[19:59:26] [Client/GameBox/updateTarget/INFO]: targetX: 969/targetY 679
[19:59:26] [Client/GameBox/sendTargetPos/INFO]: package 000B(角色移动意图) send!
[19:59:26] [Client/GameBox/sendTargetPos/INFO]: targetX: 969.0/targetY: 679.0
[19:59:26] [Client/GameBox/updateTarget/INFO]: receive Package 000C(角色目标)
[19:59:26] [Client/GameBox/updateTarget/INFO]: targetX: 975/targetY 713
[19:59:26] [Client/GameBox/sendTargetPos/INFO]: package 000B(角色移动意图) send!
[19:59:26] [Client/GameBox/sendTargetPos/INFO]: targetX: 975.0/targetY: 713.0
[19:59:26] [Client/GameBox/updateTarget/INFO]: receive Package 000C(角色目标)
[19:59:26] [Client/GameBox/updateTarget/INFO]: targetX: 981/targetY 753
[19:59:26] [Client/GameBox/sendTargetPos/INFO]: package 000B(角色移动意图) send!
[19:59:26] [Client/GameBox/sendTargetPos/INFO]: targetX: 981.0/targetY: 753.0
[19:59:26] [Client/GameBox/updateTarget/INFO]: receive Package 000C(角色目标)
[19:59:26] [Client/GameBox/updateTarget/INFO]: targetX: 987/targetY 792
[19:59:26] [Client/GameBox/sendTargetPos/INFO]: package 000B(角色移动意图) send!
[19:59:26] [Client/GameBox/sendTargetPos/INFO]: targetX: 987.0/targetY: 792.0
[19:59:26] [Client/GameBox/updateTarget/INFO]: receive Package 000C(角色目标)
[19:59:26] [Client/GameBox/updateTarget/INFO]: targetX: 993/targetY 832
[19:59:26] [Client/GameBox/sendTargetPos/INFO]: package 000B(角色移动意图) send!
[19:59:26] [Client/GameBox/sendTargetPos/INFO]: targetX: 993.0/targetY: 832.0
[19:59:26] [Client/GameBox/updateTarget/INFO]: receive Package 000C(角色目标)
[19:59:26] [Client/GameBox/updateTarget/INFO]: targetX: 998/targetY 867
[19:59:26] [Client/GameBox/sendTargetPos/INFO]: package 000B(角色移动意图) send!
[19:59:26] [Client/GameBox/sendTargetPos/INFO]: targetX: 998.0/targetY: 867.0
[19:59:26] [Client/GameBox/updateTarget/INFO]: receive Package 000C(角色目标)
[19:59:27] [Client/GameBox/updateTarget/INFO]: targetX: 1004/targetY 901
[19:59:27] [Client/GameBox/sendTargetPos/INFO]: package 000B(角色移动意图) send!
[19:59:27] [Client/GameBox/sendTargetPos/INFO]: targetX: 1004.0/targetY: 901.0
[19:59:27] [Client/GameBox/updateTarget/INFO]: receive Package 000C(角色目标)
[19:59:27] [Client/GameBox/updateTarget/INFO]: targetX: 1009/targetY 936
[19:59:27] [Client/GameBox/sendTargetPos/INFO]: package 000B(角色移动意图) send!
[19:59:27] [Client/GameBox/sendTargetPos/INFO]: targetX: 1009.0/targetY: 936.0
[19:59:27] [Client/GameBox/updateTarget/INFO]: receive Package 000C(角色目标)
[19:59:27] [Client/GameBox/updateTarget/INFO]: targetX: 1015/targetY 975
[19:59:27] [Client/GameBox/sendTargetPos/INFO]: package 000B(角色移动意图) send!
[19:59:27] [Client/GameBox/sendTargetPos/INFO]: targetX: 1015.0/targetY: 975.0
[19:59:27] [Client/GameBox/updateTarget/INFO]: receive Package 000C(角色目标)
[19:59:27] [Client/GameBox/updateTarget/INFO]: targetX: 1020/targetY 1010
[19:59:27] [Client/GameBox/sendTargetPos/INFO]: package 000B(角色移动意图) send!
[19:59:27] [Client/GameBox/sendTargetPos/INFO]: targetX: 1020.0/targetY: 1010.0
[19:59:27] [Client/GameBox/updateTarget/INFO]: receive Package 000C(角色目标)
[19:59:27] [Client/GameBox/updateTarget/INFO]: targetX: 1027/targetY 1054
[19:59:27] [Client/GameBox/sendTargetPos/INFO]: package 000B(角色移动意图) send!
[19:59:27] [Client/GameBox/sendTargetPos/INFO]: targetX: 1027.0/targetY: 1054.0
[19:59:27] [Client/GameBox/updateTarget/INFO]: receive Package 000C(角色目标)
[19:59:27] [Client/GameBox/updateTarget/INFO]: targetX: 1032/targetY 1084
[19:59:27] [Client/GameBox/sendTargetPos/INFO]: package 000B(角色移动意图) send!
[19:59:27] [Client/GameBox/sendTargetPos/INFO]: targetX: 1032.0/targetY: 1084.0
[19:59:27] [Client/GameBox/updateTarget/INFO]: receive Package 000C(角色目标)
[19:59:28] [Client/GameBox/updateTarget/INFO]: targetX: 565/targetY 876
[19:59:28] [Client/GameBox/sendTargetPos/INFO]: package 000B(角色移动意图) send!
[19:59:28] [Client/GameBox/sendTargetPos/INFO]: targetX: 565.0/targetY: 876.0
[19:59:28] [Client/GameBox/updateTarget/INFO]: receive Package 000C(角色目标)
[19:59:28] [Client/GameBox/updateTarget/INFO]: targetX: 447/targetY 865
[19:59:28] [Client/GameBox/sendTargetPos/INFO]: package 000B(角色移动意图) send!
[19:59:28] [Client/GameBox/sendTargetPos/INFO]: targetX: 447.0/targetY: 865.0
[19:59:28] [Client/GameBox/updateTarget/INFO]: receive Package 000C(角色目标)
[19:59:28] [Client/GameBox/updateTarget/INFO]: targetX: 406/targetY 868
[19:59:28] [Client/GameBox/sendTargetPos/INFO]: package 000B(角色移动意图) send!
[19:59:28] [Client/GameBox/sendTargetPos/INFO]: targetX: 406.0/targetY: 868.0
[19:59:29] [Client/GameBox/updateTarget/INFO]: receive Package 000C(角色目标)
[19:59:29] [Client/GameBox/updateTarget/INFO]: targetX: 107/targetY 708
[19:59:29] [Client/GameBox/sendTargetPos/INFO]: package 000B(角色移动意图) send!
[19:59:29] [Client/GameBox/sendTargetPos/INFO]: targetX: 107.0/targetY: 708.0
[19:59:29] [Client/GameBox/updateTarget/INFO]: receive Package 000C(角色目标)
[19:59:29] [Client/GameBox/updateTarget/INFO]: targetX: 68/targetY 698
[19:59:29] [Client/GameBox/sendTargetPos/INFO]: package 000B(角色移动意图) send!
[19:59:29] [Client/GameBox/sendTargetPos/INFO]: targetX: 68.0/targetY: 698.0
[19:59:29] [Client/GameBox/updateTarget/INFO]: receive Package 000C(角色目标)
[19:59:29] [Client/GameBox/updateTarget/INFO]: targetX: 31/targetY 689
[19:59:29] [Client/GameBox/sendTargetPos/INFO]: package 000B(角色移动意图) send!
[19:59:29] [Client/GameBox/sendTargetPos/INFO]: targetX: 31.0/targetY: 689.0
[19:59:30] [Client/GameBox/updateTarget/INFO]: receive Package 000C(角色目标)
[19:59:30] [Client/GameBox/updateTarget/INFO]: targetX: 1012/targetY 460
[19:59:30] [Client/GameBox/sendTargetPos/INFO]: package 000B(角色移动意图) send!
[19:59:30] [Client/GameBox/sendTargetPos/INFO]: targetX: 1012.0/targetY: 460.0
[19:59:30] [Client/GameBox/updateTarget/INFO]: receive Package 000C(角色目标)
[19:59:30] [Client/GameBox/updateTarget/INFO]: targetX: 1043/targetY 445
[19:59:30] [Client/GameBox/sendTargetPos/INFO]: package 000B(角色移动意图) send!
[19:59:30] [Client/GameBox/sendTargetPos/INFO]: targetX: 1043.0/targetY: 445.0
[19:59:30] [Client/GameBox/updateTarget/INFO]: receive Package 000C(角色目标)
[19:59:30] [Client/GameBox/updateTarget/INFO]: targetX: 1077/targetY 429
[19:59:30] [Client/GameBox/sendTargetPos/INFO]: package 000B(角色移动意图) send!
[19:59:30] [Client/GameBox/sendTargetPos/INFO]: targetX: 1077.0/targetY: 429.0
[19:59:31] [Client/GameBox/updateTarget/INFO]: receive Package 000C(角色目标)
[19:59:31] [Client/GameBox/updateTarget/INFO]: targetX: 1117/targetY 409
[19:59:31] [Client/GameBox/sendTargetPos/INFO]: package 000B(角色移动意图) send!
[19:59:31] [Client/GameBox/sendTargetPos/INFO]: targetX: 1117.0/targetY: 409.0
[19:59:31] [Client/GameBox/updateTarget/INFO]: receive Package 000C(角色目标)
[19:59:31] [Client/GameBox/updateTarget/INFO]: targetX: 1153/targetY 392
[19:59:31] [Client/GameBox/sendTargetPos/INFO]: package 000B(角色移动意图) send!
[19:59:31] [Client/GameBox/sendTargetPos/INFO]: targetX: 1153.0/targetY: 392.0
[19:59:31] [Client/GameBox/updateTarget/INFO]: receive Package 000C(角色目标)
[19:59:31] [Client/GameBox/updateTarget/INFO]: targetX: 1185/targetY 376
[19:59:31] [Client/GameBox/sendTargetPos/INFO]: package 000B(角色移动意图) send!
[19:59:31] [Client/GameBox/sendTargetPos/INFO]: targetX: 1185.0/targetY: 376.0
[19:59:32] [Client/GameBox/updateTarget/INFO]: receive Package 000C(角色目标)
[19:59:32] [Client/GameBox/updateTarget/INFO]: targetX: 1336/targetY 678
[19:59:32] [Client/GameBox/sendTargetPos/INFO]: package 000B(角色移动意图) send!
[19:59:32] [Client/GameBox/sendTargetPos/INFO]: targetX: 1336.0/targetY: 678.0
[19:59:35] [Client/GameBox/updateTarget/INFO]: receive Package 000C(角色目标)
[19:59:35] [Client/GameBox/updateTarget/INFO]: targetX: 1975/targetY 1000
[19:59:35] [Client/GameBox/sendTargetPos/INFO]: package 000B(角色移动意图) send!
[19:59:35] [Client/GameBox/sendTargetPos/INFO]: targetX: 1975.0/targetY: 1000.0
[19:59:36] [Client/GameBox/updateTarget/INFO]: receive Package 000C(角色目标)
[19:59:36] [Client/GameBox/updateTarget/INFO]: targetX: 2210/targetY 1132
[19:59:36] [Client/GameBox/sendTargetPos/INFO]: package 000B(角色移动意图) send!
[19:59:36] [Client/GameBox/sendTargetPos/INFO]: targetX: 2210.0/targetY: 1132.0
[19:59:38] [Client/GameBox/updateTarget/INFO]: receive Package 000C(角色目标)
[19:59:38] [Client/GameBox/updateTarget/INFO]: targetX: 2592/targetY 1207
[19:59:38] [Client/GameBox/sendTargetPos/INFO]: package 000B(角色移动意图) send!
[19:59:38] [Client/GameBox/sendTargetPos/INFO]: targetX: 2592.0/targetY: 1207.0
[19:59:39] [Client/GameBox/updateTarget/INFO]: receive Package 000C(角色目标)
[19:59:39] [Client/GameBox/updateTarget/INFO]: targetX: 2731/targetY 1248
[19:59:39] [Client/GameBox/sendTargetPos/INFO]: package 000B(角色移动意图) send!
[19:59:39] [Client/GameBox/sendTargetPos/INFO]: targetX: 2731.0/targetY: 1248.0
[19:59:40] [Client/GameBox/updateTarget/INFO]: receive Package 000C(角色目标)
[19:59:40] [Client/GameBox/updateTarget/INFO]: targetX: 2759/targetY 1404
[19:59:40] [Client/GameBox/sendTargetPos/INFO]: package 000B(角色移动意图) send!
[19:59:40] [Client/GameBox/sendTargetPos/INFO]: targetX: 2759.0/targetY: 1404.0
[19:59:40] [Client/GameBox/updateTarget/INFO]: receive Package 000C(角色目标)
[19:59:40] [Client/GameBox/updateTarget/INFO]: targetX: 2697/targetY 1565
[19:59:40] [Client/GameBox/sendTargetPos/INFO]: package 000B(角色移动意图) send!
[19:59:40] [Client/GameBox/sendTargetPos/INFO]: targetX: 2697.0/targetY: 1565.0
[19:59:42] [Client/GameBox/updateTarget/INFO]: receive Package 000C(角色目标)
[19:59:42] [Client/GameBox/updateTarget/INFO]: targetX: 2344/targetY 1652
[19:59:42] [Client/GameBox/sendTargetPos/INFO]: package 000B(角色移动意图) send!
[19:59:42] [Client/GameBox/sendTargetPos/INFO]: targetX: 2344.0/targetY: 1652.0
[19:59:43] [Client/GameBox/updateTarget/INFO]: receive Package 000C(角色目标)
[19:59:43] [Client/GameBox/updateTarget/INFO]: targetX: 1875/targetY 1687
[19:59:43] [Client/GameBox/sendTargetPos/INFO]: package 000B(角色移动意图) send!
[19:59:43] [Client/GameBox/sendTargetPos/INFO]: targetX: 1875.0/targetY: 1687.0
[19:59:44] [Client/GameBox/updateTarget/INFO]: receive Package 000C(角色目标)
[19:59:44] [Client/GameBox/updateTarget/INFO]: targetX: 1697/targetY 1662
[19:59:44] [Client/GameBox/sendTargetPos/INFO]: package 000B(角色移动意图) send!
[19:59:44] [Client/GameBox/sendTargetPos/INFO]: targetX: 1697.0/targetY: 1662.0
[19:59:44] [Client/GameBox/updateTarget/INFO]: receive Package 000C(角色目标)
[19:59:44] [Client/GameBox/updateTarget/INFO]: targetX: 1549/targetY 1691
[19:59:45] [Client/GameBox/sendTargetPos/INFO]: package 000B(角色移动意图) send!
[19:59:45] [Client/GameBox/sendTargetPos/INFO]: targetX: 1549.0/targetY: 1691.0
[19:59:46] [Client/GameBox/updateTarget/INFO]: receive Package 000C(角色目标)
[19:59:46] [Client/GameBox/updateTarget/INFO]: targetX: 1264/targetY 1690
[19:59:46] [Client/GameBox/sendTargetPos/INFO]: package 000B(角色移动意图) send!
[19:59:46] [Client/GameBox/sendTargetPos/INFO]: targetX: 1264.0/targetY: 1690.0
[19:59:48] [Client/GameBox/updateTarget/INFO]: receive Package 000C(角色目标)
[19:59:48] [Client/GameBox/updateTarget/INFO]: targetX: 976/targetY 1591
[19:59:48] [Client/GameBox/sendTargetPos/INFO]: package 000B(角色移动意图) send!
[19:59:48] [Client/GameBox/sendTargetPos/INFO]: targetX: 976.0/targetY: 1591.0
[19:59:49] [Client/GameBox/updateTarget/INFO]: receive Package 000C(角色目标)
[19:59:49] [Client/GameBox/updateTarget/INFO]: targetX: 776/targetY 1371
[19:59:49] [Client/GameBox/sendTargetPos/INFO]: package 000B(角色移动意图) send!
[19:59:49] [Client/GameBox/sendTargetPos/INFO]: targetX: 776.0/targetY: 1371.0
[19:59:52] [Client/GameBox/updateTarget/INFO]: receive Package 000C(角色目标)
[19:59:52] [Client/GameBox/updateTarget/INFO]: targetX: 471/targetY 1317
[19:59:52] [Client/GameBox/sendTargetPos/INFO]: package 000B(角色移动意图) send!
[19:59:52] [Client/GameBox/sendTargetPos/INFO]: targetX: 471.0/targetY: 1317.0
[19:59:54] [Client/GameBox/updateTarget/INFO]: receive Package 000C(角色目标)
[19:59:54] [Client/GameBox/updateTarget/INFO]: targetX: 84/targetY 1346
[19:59:54] [Client/GameBox/sendTargetPos/INFO]: package 000B(角色移动意图) send!
[19:59:54] [Client/GameBox/sendTargetPos/INFO]: targetX: 84.0/targetY: 1346.0
[19:59:56] [Client/GameBox/updateTarget/INFO]: receive Package 000C(角色目标)
[19:59:56] [Client/GameBox/updateTarget/INFO]: targetX: -297/targetY 1318
[19:59:56] [Client/GameBox/sendTargetPos/INFO]: package 000B(角色移动意图) send!
[19:59:56] [Client/GameBox/sendTargetPos/INFO]: targetX: -297.0/targetY: 1318.0
[19:59:57] [Client/GameBox/updateTarget/INFO]: receive Package 000C(角色目标)
[19:59:57] [Client/GameBox/updateTarget/INFO]: targetX: 290/targetY 1185
[19:59:57] [Client/GameBox/sendTargetPos/INFO]: package 000B(角色移动意图) send!
[19:59:57] [Client/GameBox/sendTargetPos/INFO]: targetX: 290.0/targetY: 1185.0
[19:59:58] [Client/GameBox/updateTarget/INFO]: receive Package 000C(角色目标)
[19:59:58] [Client/GameBox/updateTarget/INFO]: targetX: 561/targetY 1026
[19:59:58] [Client/GameBox/sendTargetPos/INFO]: package 000B(角色移动意图) send!
[19:59:58] [Client/GameBox/sendTargetPos/INFO]: targetX: 561.0/targetY: 1026.0
[19:59:58] [Client/GameBox/updateTarget/INFO]: receive Package 000C(角色目标)
[19:59:58] [Client/GameBox/updateTarget/INFO]: targetX: 758/targetY 929
[19:59:58] [Client/GameBox/sendTargetPos/INFO]: package 000B(角色移动意图) send!
[19:59:59] [Client/GameBox/sendTargetPos/INFO]: targetX: 758.0/targetY: 929.0
[19:59:59] [Client/GameBox/updateTarget/INFO]: receive Package 000C(角色目标)
[20:00:00] [Client/GameBox/updateTarget/INFO]: targetX: 805/targetY 759
[20:00:00] [Client/GameBox/sendTargetPos/INFO]: package 000B(角色移动意图) send!
[20:00:00] [Client/GameBox/sendTargetPos/INFO]: targetX: 805.0/targetY: 759.0
[20:00:01] [Client/GameBox/updateTarget/INFO]: receive Package 000C(角色目标)
[20:00:01] [Client/GameBox/updateTarget/INFO]: targetX: 772/targetY 644
[20:00:01] [Client/GameBox/sendTargetPos/INFO]: package 000B(角色移动意图) send!
[20:00:01] [Client/GameBox/sendTargetPos/INFO]: targetX: 772.0/targetY: 644.0
[20:00:01] [Client/GameBox/updateTarget/INFO]: receive Package 000C(角色目标)
[20:00:02] [Client/GameBox/updateTarget/INFO]: targetX: 823/targetY 367
[20:00:02] [Client/GameBox/sendTargetPos/INFO]: package 000B(角色移动意图) send!
[20:00:02] [Client/GameBox/sendTargetPos/INFO]: targetX: 823.0/targetY: 367.0
[20:00:02] [Client/GameBox/updateTarget/INFO]: receive Package 000C(角色目标)
[20:00:02] [Client/GameBox/updateTarget/INFO]: targetX: 871/targetY 182
[20:00:02] [Client/GameBox/sendTargetPos/INFO]: package 000B(角色移动意图) send!
[20:00:02] [Client/GameBox/sendTargetPos/INFO]: targetX: 871.0/targetY: 182.0
[20:00:03] [Client/GameBox/updateTarget/INFO]: receive Package 000C(角色目标)
[20:00:03] [Client/GameBox/updateTarget/INFO]: targetX: 907/targetY 43
[20:00:03] [Client/GameBox/sendTargetPos/INFO]: package 000B(角色移动意图) send!
[20:00:03] [Client/GameBox/sendTargetPos/INFO]: targetX: 907.0/targetY: 43.0
[20:00:04] [Client/GameBox/updateTarget/INFO]: receive Package 000C(角色目标)
[20:00:04] [Client/GameBox/updateTarget/INFO]: targetX: 977/targetY -249
[20:00:04] [Client/GameBox/sendTargetPos/INFO]: package 000B(角色移动意图) send!
[20:00:04] [Client/GameBox/sendTargetPos/INFO]: targetX: 977.0/targetY: -249.0
[20:00:05] [Client/GameBox/updateTarget/INFO]: receive Package 000C(角色目标)
[20:00:05] [Client/GameBox/updateTarget/INFO]: targetX: 1357/targetY -17
[20:00:05] [Client/GameBox/sendTargetPos/INFO]: package 000B(角色移动意图) send!
[20:00:05] [Client/GameBox/sendTargetPos/INFO]: targetX: 1357.0/targetY: -17.0
[20:00:07] [Client/GameBox/updateTarget/INFO]: receive Package 000C(角色目标)
[20:00:07] [Client/GameBox/updateTarget/INFO]: targetX: 1644/targetY 206
[20:00:07] [Client/GameBox/sendTargetPos/INFO]: package 000B(角色移动意图) send!
[20:00:07] [Client/GameBox/sendTargetPos/INFO]: targetX: 1644.0/targetY: 206.0
[20:00:08] [Client/GameBox/updateTarget/INFO]: receive Package 000C(角色目标)
[20:00:08] [Client/GameBox/updateTarget/INFO]: targetX: 1771/targetY 225
[20:00:08] [Client/GameBox/sendTargetPos/INFO]: package 000B(角色移动意图) send!
[20:00:08] [Client/GameBox/sendTargetPos/INFO]: targetX: 1771.0/targetY: 225.0
[20:00:09] [Client/GameBox/updateTarget/INFO]: receive Package 000C(角色目标)
[20:00:09] [Client/GameBox/updateTarget/INFO]: targetX: 1966/targetY 314
[20:00:09] [Client/GameBox/sendTargetPos/INFO]: package 000B(角色移动意图) send!
[20:00:09] [Client/GameBox/sendTargetPos/INFO]: targetX: 1966.0/targetY: 314.0
[20:00:09] [Client/GameBox/updateTarget/INFO]: receive Package 000C(角色目标)
[20:00:09] [Client/GameBox/updateTarget/INFO]: targetX: 2246/targetY 337
[20:00:09] [Client/GameBox/sendTargetPos/INFO]: package 000B(角色移动意图) send!
[20:00:09] [Client/GameBox/sendTargetPos/INFO]: targetX: 2246.0/targetY: 337.0
[20:00:10] [Client/GameBox/updateTarget/INFO]: receive Package 000C(角色目标)
[20:00:10] [Client/GameBox/updateTarget/INFO]: targetX: 2432/targetY 378
[20:00:10] [Client/GameBox/sendTargetPos/INFO]: package 000B(角色移动意图) send!
[20:00:10] [Client/GameBox/sendTargetPos/INFO]: targetX: 2432.0/targetY: 378.0
[20:00:11] [Client/GameBox/updateTarget/INFO]: receive Package 000C(角色目标)
[20:00:11] [Client/GameBox/updateTarget/INFO]: targetX: 2598/targetY 414
[20:00:11] [Client/GameBox/sendTargetPos/INFO]: package 000B(角色移动意图) send!
[20:00:11] [Client/GameBox/sendTargetPos/INFO]: targetX: 2598.0/targetY: 414.0
[20:00:24] [Client/GameBox/updateTarget/INFO]: receive Package 000C(角色目标)
[20:00:24] [Client/GameBox/updateTarget/INFO]: targetX: 2253/targetY 234
[20:00:24] [Client/GameBox/sendTargetPos/INFO]: package 000B(角色移动意图) send!
[20:00:24] [Client/GameBox/sendTargetPos/INFO]: targetX: 2253.0/targetY: 234.0
[20:00:25] [Client/GameBox/updateTarget/INFO]: receive Package 000C(角色目标)
[20:00:25] [Client/GameBox/updateTarget/INFO]: targetX: 1934/targetY 171
[20:00:25] [Client/GameBox/sendTargetPos/INFO]: package 000B(角色移动意图) send!
[20:00:25] [Client/GameBox/sendTargetPos/INFO]: targetX: 1934.0/targetY: 171.0
[20:00:25] [Client/GameBox/updateTarget/INFO]: receive Package 000C(角色目标)
[20:00:25] [Client/GameBox/updateTarget/INFO]: targetX: 1708/targetY 95
[20:00:25] [Client/GameBox/sendTargetPos/INFO]: package 000B(角色移动意图) send!
[20:00:26] [Client/GameBox/sendTargetPos/INFO]: targetX: 1708.0/targetY: 95.0
[20:00:26] [Client/GameBox/updateTarget/INFO]: receive Package 000C(角色目标)
[20:00:26] [Client/GameBox/updateTarget/INFO]: targetX: 1518/targetY -7
[20:00:26] [Client/GameBox/sendTargetPos/INFO]: package 000B(角色移动意图) send!
[20:00:26] [Client/GameBox/sendTargetPos/INFO]: targetX: 1518.0/targetY: -7.0
[20:00:27] [Client/GameBox/updateTarget/INFO]: receive Package 000C(角色目标)
[20:00:27] [Client/GameBox/updateTarget/INFO]: targetX: 1453/targetY 169
[20:00:27] [Client/GameBox/sendTargetPos/INFO]: package 000B(角色移动意图) send!
[20:00:27] [Client/GameBox/sendTargetPos/INFO]: targetX: 1453.0/targetY: 169.0
[20:00:28] [Client/GameBox/updateTarget/INFO]: receive Package 000C(角色目标)
[20:00:28] [Client/GameBox/updateTarget/INFO]: targetX: 1254/targetY 133
[20:00:28] [Client/GameBox/sendTargetPos/INFO]: package 000B(角色移动意图) send!
[20:00:28] [Client/GameBox/sendTargetPos/INFO]: targetX: 1254.0/targetY: 133.0
[20:00:28] [Client/GameBox/updateTarget/INFO]: receive Package 000C(角色目标)
[20:00:28] [Client/GameBox/updateTarget/INFO]: targetX: 1092/targetY 167
[20:00:28] [Client/GameBox/sendTargetPos/INFO]: package 000B(角色移动意图) send!
[20:00:29] [Client/GameBox/sendTargetPos/INFO]: targetX: 1092.0/targetY: 167.0
[20:00:29] [Client/GameBox/updateTarget/INFO]: receive Package 000C(角色目标)
[20:00:29] [Client/GameBox/updateTarget/INFO]: targetX: 865/targetY 177
[20:00:29] [Client/GameBox/sendTargetPos/INFO]: package 000B(角色移动意图) send!
[20:00:29] [Client/GameBox/sendTargetPos/INFO]: targetX: 865.0/targetY: 177.0
[20:00:30] [Client/GameBox/updateTarget/INFO]: receive Package 000C(角色目标)
[20:00:30] [Client/GameBox/updateTarget/INFO]: targetX: 690/targetY 187
[20:00:30] [Client/GameBox/sendTargetPos/INFO]: package 000B(角色移动意图) send!
[20:00:30] [Client/GameBox/sendTargetPos/INFO]: targetX: 690.0/targetY: 187.0
[20:00:31] [Client/GameBox/updateTarget/INFO]: receive Package 000C(角色目标)
[20:00:31] [Client/GameBox/updateTarget/INFO]: targetX: 363/targetY 124
[20:00:31] [Client/GameBox/sendTargetPos/INFO]: package 000B(角色移动意图) send!
[20:00:31] [Client/GameBox/sendTargetPos/INFO]: targetX: 363.0/targetY: 124.0
[20:00:32] [Client/GameBox/updateTarget/INFO]: receive Package 000C(角色目标)
[20:00:32] [Client/GameBox/updateTarget/INFO]: targetX: 114/targetY 104
[20:00:32] [Client/GameBox/sendTargetPos/INFO]: package 000B(角色移动意图) send!
[20:00:32] [Client/GameBox/sendTargetPos/INFO]: targetX: 114.0/targetY: 104.0
[20:00:33] [Client/GameBox/updateTarget/INFO]: receive Package 000C(角色目标)
[20:00:33] [Client/GameBox/updateTarget/INFO]: targetX: 159/targetY 122
[20:00:33] [Client/GameBox/sendTargetPos/INFO]: package 000B(角色移动意图) send!
[20:00:33] [Client/GameBox/sendTargetPos/INFO]: targetX: 159.0/targetY: 122.0
[20:00:34] [Client/GameBox/updateTarget/INFO]: receive Package 000C(角色目标)
[20:00:34] [Client/GameBox/updateTarget/INFO]: targetX: 635/targetY 418
[20:00:34] [Client/GameBox/sendTargetPos/INFO]: package 000B(角色移动意图) send!
[20:00:34] [Client/GameBox/sendTargetPos/INFO]: targetX: 635.0/targetY: 418.0
[20:00:34] [Client/GameBox/updateTarget/INFO]: receive Package 000C(角色目标)
[20:00:35] [Client/GameBox/updateTarget/INFO]: targetX: 801/targetY 565
[20:00:35] [Client/GameBox/sendTargetPos/INFO]: package 000B(角色移动意图) send!
[20:00:35] [Client/GameBox/sendTargetPos/INFO]: targetX: 801.0/targetY: 565.0
[20:00:35] [Client/GameBox/updateTarget/INFO]: receive Package 000C(角色目标)
[20:00:35] [Client/GameBox/updateTarget/INFO]: targetX: 1050/targetY 628
[20:00:35] [Client/GameBox/sendTargetPos/INFO]: package 000B(角色移动意图) send!
[20:00:35] [Client/GameBox/sendTargetPos/INFO]: targetX: 1050.0/targetY: 628.0
[20:00:36] [Client/GameBox/updateTarget/INFO]: receive Package 000C(角色目标)
[20:00:36] [Client/GameBox/updateTarget/INFO]: targetX: 1237/targetY 710
[20:00:36] [Client/GameBox/sendTargetPos/INFO]: package 000B(角色移动意图) send!
[20:00:36] [Client/GameBox/sendTargetPos/INFO]: targetX: 1237.0/targetY: 710.0
[20:00:36] [Client/GameBox/updateTarget/INFO]: receive Package 000C(角色目标)
[20:00:36] [Client/GameBox/updateTarget/INFO]: targetX: 1368/targetY 785
[20:00:36] [Client/GameBox/sendTargetPos/INFO]: package 000B(角色移动意图) send!
[20:00:36] [Client/GameBox/sendTargetPos/INFO]: targetX: 1368.0/targetY: 785.0
[20:00:37] [Client/GameBox/updateTarget/INFO]: receive Package 000C(角色目标)
[20:00:37] [Client/GameBox/updateTarget/INFO]: targetX: 1525/targetY 829
[20:00:37] [Client/GameBox/sendTargetPos/INFO]: package 000B(角色移动意图) send!
[20:00:37] [Client/GameBox/sendTargetPos/INFO]: targetX: 1525.0/targetY: 829.0
[20:00:38] [Client/GameBox/updateTarget/INFO]: receive Package 000C(角色目标)
[20:00:38] [Client/GameBox/updateTarget/INFO]: targetX: 1653/targetY 847
[20:00:38] [Client/GameBox/sendTargetPos/INFO]: package 000B(角色移动意图) send!
[20:00:38] [Client/GameBox/sendTargetPos/INFO]: targetX: 1653.0/targetY: 847.0
[20:00:39] [Client/GameBox/updateTarget/INFO]: receive Package 000C(角色目标)
[20:00:39] [Client/GameBox/updateTarget/INFO]: targetX: 1926/targetY 766
[20:00:39] [Client/GameBox/sendTargetPos/INFO]: package 000B(角色移动意图) send!
[20:00:39] [Client/GameBox/sendTargetPos/INFO]: targetX: 1926.0/targetY: 766.0
[20:00:40] [Client/GameBox/updateTarget/INFO]: receive Package 000C(角色目标)
[20:00:40] [Client/GameBox/updateTarget/INFO]: targetX: 2200/targetY 711
[20:00:40] [Client/GameBox/sendTargetPos/INFO]: package 000B(角色移动意图) send!
[20:00:40] [Client/GameBox/sendTargetPos/INFO]: targetX: 2200.0/targetY: 711.0
[20:00:41] [Client/GameBox/updateTarget/INFO]: receive Package 000C(角色目标)
[20:00:41] [Client/GameBox/updateTarget/INFO]: targetX: 2361/targetY 559
[20:00:41] [Client/GameBox/sendTargetPos/INFO]: package 000B(角色移动意图) send!
[20:00:41] [Client/GameBox/sendTargetPos/INFO]: targetX: 2361.0/targetY: 559.0
[20:00:42] [Client/GameBox/updateTarget/INFO]: receive Package 000C(角色目标)
[20:00:42] [Client/GameBox/updateTarget/INFO]: targetX: 2624/targetY 420
[20:00:42] [Client/GameBox/sendTargetPos/INFO]: package 000B(角色移动意图) send!
[20:00:42] [Client/GameBox/sendTargetPos/INFO]: targetX: 2624.0/targetY: 420.0
[20:00:43] [Client/GameBox/updateTarget/INFO]: receive Package 000C(角色目标)
[20:00:43] [Client/GameBox/updateTarget/INFO]: targetX: 1908/targetY 415
[20:00:43] [Client/GameBox/sendTargetPos/INFO]: package 000B(角色移动意图) send!
[20:00:43] [Client/GameBox/sendTargetPos/INFO]: targetX: 1908.0/targetY: 415.0
[20:00:43] [Client/GameBox/updateTarget/INFO]: receive Package 000C(角色目标)
[20:00:43] [Client/GameBox/updateTarget/INFO]: targetX: 1649/targetY 346
[20:00:43] [Client/GameBox/sendTargetPos/INFO]: package 000B(角色移动意图) send!
[20:00:43] [Client/GameBox/sendTargetPos/INFO]: targetX: 1649.0/targetY: 346.0
[20:00:44] [Client/GameBox/updateTarget/INFO]: receive Package 000C(角色目标)
[20:00:44] [Client/GameBox/updateTarget/INFO]: targetX: 1459/targetY 344
[20:00:44] [Client/GameBox/sendTargetPos/INFO]: package 000B(角色移动意图) send!
[20:00:44] [Client/GameBox/sendTargetPos/INFO]: targetX: 1459.0/targetY: 344.0
[20:00:44] [Client/GameBox/updateTarget/INFO]: receive Package 000C(角色目标)
[20:00:44] [Client/GameBox/updateTarget/INFO]: targetX: 1273/targetY 327
[20:00:44] [Client/GameBox/sendTargetPos/INFO]: package 000B(角色移动意图) send!
[20:00:44] [Client/GameBox/sendTargetPos/INFO]: targetX: 1273.0/targetY: 327.0
[20:00:45] [Client/GameBox/updateTarget/INFO]: receive Package 000C(角色目标)
[20:00:45] [Client/GameBox/updateTarget/INFO]: targetX: 1110/targetY 319
[20:00:45] [Client/GameBox/sendTargetPos/INFO]: package 000B(角色移动意图) send!
[20:00:45] [Client/GameBox/sendTargetPos/INFO]: targetX: 1110.0/targetY: 319.0
[20:00:45] [Client/GameBox/updateTarget/INFO]: receive Package 000C(角色目标)
[20:00:46] [Client/GameBox/updateTarget/INFO]: targetX: 974/targetY 312
[20:00:46] [Client/GameBox/sendTargetPos/INFO]: package 000B(角色移动意图) send!
[20:00:46] [Client/GameBox/sendTargetPos/INFO]: targetX: 974.0/targetY: 312.0
[20:00:46] [Client/GameBox/updateTarget/INFO]: receive Package 000C(角色目标)
[20:00:46] [Client/GameBox/updateTarget/INFO]: targetX: 796/targetY 385
[20:00:46] [Client/GameBox/sendTargetPos/INFO]: package 000B(角色移动意图) send!
[20:00:46] [Client/GameBox/sendTargetPos/INFO]: targetX: 796.0/targetY: 385.0
[20:00:47] [Client/GameBox/updateTarget/INFO]: receive Package 000C(角色目标)
[20:00:47] [Client/GameBox/updateTarget/INFO]: targetX: 646/targetY 388
[20:00:47] [Client/GameBox/sendTargetPos/INFO]: package 000B(角色移动意图) send!
[20:00:47] [Client/GameBox/sendTargetPos/INFO]: targetX: 646.0/targetY: 388.0
[20:00:47] [Client/GameBox/updateTarget/INFO]: receive Package 000C(角色目标)
[20:00:47] [Client/GameBox/updateTarget/INFO]: targetX: 491/targetY 392
[20:00:47] [Client/GameBox/sendTargetPos/INFO]: package 000B(角色移动意图) send!
[20:00:47] [Client/GameBox/sendTargetPos/INFO]: targetX: 491.0/targetY: 392.0
[20:00:48] [Client/GameBox/updateTarget/INFO]: receive Package 000C(角色目标)
[20:00:48] [Client/GameBox/updateTarget/INFO]: targetX: 356/targetY 395
[20:00:48] [Client/GameBox/sendTargetPos/INFO]: package 000B(角色移动意图) send!
[20:00:48] [Client/GameBox/sendTargetPos/INFO]: targetX: 356.0/targetY: 395.0
[20:00:48] [Client/GameBox/updateTarget/INFO]: receive Package 000C(角色目标)
[20:00:49] [Client/GameBox/updateTarget/INFO]: targetX: 201/targetY 398
[20:00:49] [Client/GameBox/sendTargetPos/INFO]: package 000B(角色移动意图) send!
[20:00:49] [Client/GameBox/sendTargetPos/INFO]: targetX: 201.0/targetY: 398.0
[20:00:49] [Client/GameBox/updateTarget/INFO]: receive Package 000C(角色目标)
[20:00:49] [Client/GameBox/updateTarget/INFO]: targetX: 36/targetY 401
[20:00:49] [Client/GameBox/sendTargetPos/INFO]: package 000B(角色移动意图) send!
[20:00:49] [Client/GameBox/sendTargetPos/INFO]: targetX: 36.0/targetY: 401.0
[20:00:51] [Client/GameBox/updateTarget/INFO]: receive Package 000C(角色目标)
[20:00:51] [Client/GameBox/updateTarget/INFO]: targetX: 523/targetY 709
[20:00:51] [Client/GameBox/sendTargetPos/INFO]: package 000B(角色移动意图) send!
[20:00:51] [Client/GameBox/sendTargetPos/INFO]: targetX: 523.0/targetY: 709.0
[20:00:52] [Client/GameBox/updateTarget/INFO]: receive Package 000C(角色目标)
[20:00:52] [Client/GameBox/updateTarget/INFO]: targetX: 1175/targetY 622
[20:00:52] [Client/GameBox/sendTargetPos/INFO]: package 000B(角色移动意图) send!
[20:00:52] [Client/GameBox/sendTargetPos/INFO]: targetX: 1175.0/targetY: 622.0
[20:00:54] [Client/GameBox/updateTarget/INFO]: receive Package 000C(角色目标)
[20:00:54] [Client/GameBox/updateTarget/INFO]: targetX: 1405/targetY 945
[20:00:54] [Client/GameBox/sendTargetPos/INFO]: package 000B(角色移动意图) send!
[20:00:54] [Client/GameBox/sendTargetPos/INFO]: targetX: 1405.0/targetY: 945.0
[20:00:55] [Client/GameBox/updateTarget/INFO]: receive Package 000C(角色目标)
[20:00:55] [Client/GameBox/updateTarget/INFO]: targetX: 1645/targetY 947
[20:00:55] [Client/GameBox/sendTargetPos/INFO]: package 000B(角色移动意图) send!
[20:00:55] [Client/GameBox/sendTargetPos/INFO]: targetX: 1645.0/targetY: 947.0
[20:00:55] [Client/GameBox/updateTarget/INFO]: receive Package 000C(角色目标)
[20:00:55] [Client/GameBox/updateTarget/INFO]: targetX: 1731/targetY 764
[20:00:56] [Client/GameBox/sendTargetPos/INFO]: package 000B(角色移动意图) send!
[20:00:56] [Client/GameBox/sendTargetPos/INFO]: targetX: 1731.0/targetY: 764.0
[20:00:56] [Client/GameBox/updateTarget/INFO]: receive Package 000C(角色目标)
[20:00:56] [Client/GameBox/updateTarget/INFO]: targetX: 1761/targetY 689
[20:00:56] [Client/GameBox/sendTargetPos/INFO]: package 000B(角色移动意图) send!
[20:00:56] [Client/GameBox/sendTargetPos/INFO]: targetX: 1761.0/targetY: 689.0
[20:00:57] [Client/GameBox/updateTarget/INFO]: receive Package 000C(角色目标)
[20:00:57] [Client/GameBox/updateTarget/INFO]: targetX: 1398/targetY 505
[20:00:57] [Client/GameBox/sendTargetPos/INFO]: package 000B(角色移动意图) send!
[20:00:57] [Client/GameBox/sendTargetPos/INFO]: targetX: 1398.0/targetY: 505.0
[20:00:59] [Client/GameBox/updateTarget/INFO]: receive Package 000C(角色目标)
[20:00:59] [Client/GameBox/updateTarget/INFO]: targetX: 1883/targetY 559
[20:00:59] [Client/GameBox/sendTargetPos/INFO]: package 000B(角色移动意图) send!
[20:00:59] [Client/GameBox/sendTargetPos/INFO]: targetX: 1883.0/targetY: 559.0
[20:00:59] [Client/GameBox/updateTarget/INFO]: receive Package 000C(角色目标)
[20:00:59] [Client/GameBox/updateTarget/INFO]: targetX: 1924/targetY 537
[20:00:59] [Client/GameBox/sendTargetPos/INFO]: package 000B(角色移动意图) send!
[20:00:59] [Client/GameBox/sendTargetPos/INFO]: targetX: 1924.0/targetY: 537.0
[20:01:00] [Client/GameBox/updateTarget/INFO]: receive Package 000C(角色目标)
[20:01:00] [Client/GameBox/updateTarget/INFO]: targetX: 1959/targetY 539
[20:01:00] [Client/GameBox/sendTargetPos/INFO]: package 000B(角色移动意图) send!
[20:01:00] [Client/GameBox/sendTargetPos/INFO]: targetX: 1959.0/targetY: 539.0
[20:01:00] [Client/GameBox/updateTarget/INFO]: receive Package 000C(角色目标)
[20:01:00] [Client/GameBox/updateTarget/INFO]: targetX: 1999/targetY 541
[20:01:00] [Client/GameBox/sendTargetPos/INFO]: package 000B(角色移动意图) send!
[20:01:00] [Client/GameBox/sendTargetPos/INFO]: targetX: 1999.0/targetY: 541.0
[20:01:00] [Client/GameBox/updateTarget/INFO]: receive Package 000C(角色目标)
[20:01:00] [Client/GameBox/updateTarget/INFO]: targetX: 2034/targetY 543
[20:01:00] [Client/GameBox/sendTargetPos/INFO]: package 000B(角色移动意图) send!
[20:01:00] [Client/GameBox/sendTargetPos/INFO]: targetX: 2034.0/targetY: 543.0
[20:01:00] [Client/GameBox/updateTarget/INFO]: receive Package 000C(角色目标)
[20:01:00] [Client/GameBox/updateTarget/INFO]: targetX: 2079/targetY 545
[20:01:00] [Client/GameBox/sendTargetPos/INFO]: package 000B(角色移动意图) send!
[20:01:00] [Client/GameBox/sendTargetPos/INFO]: targetX: 2079.0/targetY: 545.0
[20:01:00] [Client/GameBox/updateTarget/INFO]: receive Package 000C(角色目标)
[20:01:00] [Client/GameBox/updateTarget/INFO]: targetX: 2114/targetY 547
[20:01:00] [Client/GameBox/sendTargetPos/INFO]: package 000B(角色移动意图) send!
[20:01:00] [Client/GameBox/sendTargetPos/INFO]: targetX: 2114.0/targetY: 547.0
[20:01:00] [Client/GameBox/updateTarget/INFO]: receive Package 000C(角色目标)
[20:01:00] [Client/GameBox/updateTarget/INFO]: targetX: 2154/targetY 549
[20:01:00] [Client/GameBox/sendTargetPos/INFO]: package 000B(角色移动意图) send!
[20:01:00] [Client/GameBox/sendTargetPos/INFO]: targetX: 2154.0/targetY: 549.0
[20:01:01] [Client/GameBox/updateTarget/INFO]: receive Package 000C(角色目标)
[20:01:01] [Client/GameBox/updateTarget/INFO]: targetX: 2194/targetY 551
[20:01:01] [Client/GameBox/sendTargetPos/INFO]: package 000B(角色移动意图) send!
[20:01:01] [Client/GameBox/sendTargetPos/INFO]: targetX: 2194.0/targetY: 551.0
[20:01:01] [Client/GameBox/updateTarget/INFO]: receive Package 000C(角色目标)
[20:01:01] [Client/GameBox/updateTarget/INFO]: targetX: 2234/targetY 553
[20:01:01] [Client/GameBox/sendTargetPos/INFO]: package 000B(角色移动意图) send!
[20:01:01] [Client/GameBox/sendTargetPos/INFO]: targetX: 2234.0/targetY: 553.0
[20:01:01] [Client/GameBox/updateTarget/INFO]: receive Package 000C(角色目标)
[20:01:01] [Client/GameBox/updateTarget/INFO]: targetX: 2274/targetY 555
[20:01:01] [Client/GameBox/sendTargetPos/INFO]: package 000B(角色移动意图) send!
[20:01:01] [Client/GameBox/sendTargetPos/INFO]: targetX: 2274.0/targetY: 555.0
[20:01:01] [Client/GameBox/updateTarget/INFO]: receive Package 000C(角色目标)
[20:01:01] [Client/GameBox/updateTarget/INFO]: targetX: 2313/targetY 557
[20:01:01] [Client/GameBox/sendTargetPos/INFO]: package 000B(角色移动意图) send!
[20:01:01] [Client/GameBox/sendTargetPos/INFO]: targetX: 2313.0/targetY: 557.0
[20:01:01] [Client/GameBox/updateTarget/INFO]: receive Package 000C(角色目标)
[20:01:01] [Client/GameBox/updateTarget/INFO]: targetX: 2353/targetY 559
[20:01:01] [Client/GameBox/sendTargetPos/INFO]: package 000B(角色移动意图) send!
[20:01:01] [Client/GameBox/sendTargetPos/INFO]: targetX: 2353.0/targetY: 559.0
[20:01:01] [Client/GameBox/updateTarget/INFO]: receive Package 000C(角色目标)
[20:01:01] [Client/GameBox/updateTarget/INFO]: targetX: 2383/targetY 561
[20:01:01] [Client/GameBox/sendTargetPos/INFO]: package 000B(角色移动意图) send!
[20:01:01] [Client/GameBox/sendTargetPos/INFO]: targetX: 2383.0/targetY: 561.0
[20:01:01] [Client/GameBox/updateTarget/INFO]: receive Package 000C(角色目标)
[20:01:01] [Client/GameBox/updateTarget/INFO]: targetX: 2423/targetY 563
[20:01:02] [Client/GameBox/sendTargetPos/INFO]: package 000B(角色移动意图) send!
[20:01:02] [Client/GameBox/sendTargetPos/INFO]: targetX: 2423.0/targetY: 563.0
[20:01:02] [Client/GameBox/updateTarget/INFO]: receive Package 000C(角色目标)
[20:01:02] [Client/GameBox/updateTarget/INFO]: targetX: 2468/targetY 565
[20:01:02] [Client/GameBox/sendTargetPos/INFO]: package 000B(角色移动意图) send!
[20:01:02] [Client/GameBox/sendTargetPos/INFO]: targetX: 2468.0/targetY: 565.0
[20:01:02] [Client/GameBox/updateTarget/INFO]: receive Package 000C(角色目标)
[20:01:02] [Client/GameBox/updateTarget/INFO]: targetX: 2508/targetY 567
[20:01:02] [Client/GameBox/sendTargetPos/INFO]: package 000B(角色移动意图) send!
[20:01:02] [Client/GameBox/sendTargetPos/INFO]: targetX: 2508.0/targetY: 567.0
[20:01:03] [Client/GameBox/updateTarget/INFO]: receive Package 000C(角色目标)
[20:01:03] [Client/GameBox/updateTarget/INFO]: targetX: 1914/targetY 424
[20:01:03] [Client/GameBox/sendTargetPos/INFO]: package 000B(角色移动意图) send!
[20:01:03] [Client/GameBox/sendTargetPos/INFO]: targetX: 1914.0/targetY: 424.0
[20:01:04] [Client/GameBox/updateTarget/INFO]: receive Package 000C(角色目标)
[20:01:04] [Client/GameBox/updateTarget/INFO]: targetX: 1768/targetY 405
[20:01:04] [Client/GameBox/sendTargetPos/INFO]: package 000B(角色移动意图) send!
[20:01:04] [Client/GameBox/sendTargetPos/INFO]: targetX: 1768.0/targetY: 405.0
[20:01:04] [Client/GameBox/updateTarget/INFO]: receive Package 000C(角色目标)
[20:01:04] [Client/GameBox/updateTarget/INFO]: targetX: 1729/targetY 396
[20:01:04] [Client/GameBox/sendTargetPos/INFO]: package 000B(角色移动意图) send!
[20:01:04] [Client/GameBox/sendTargetPos/INFO]: targetX: 1729.0/targetY: 396.0
[20:01:05] [Client/GameBox/updateTarget/INFO]: receive Package 000C(角色目标)
[20:01:05] [Client/GameBox/updateTarget/INFO]: targetX: 1553/targetY 370
[20:01:05] [Client/GameBox/sendTargetPos/INFO]: package 000B(角色移动意图) send!
[20:01:05] [Client/GameBox/sendTargetPos/INFO]: targetX: 1553.0/targetY: 370.0
[20:01:05] [Client/GameBox/updateTarget/INFO]: receive Package 000C(角色目标)
[20:01:05] [Client/GameBox/updateTarget/INFO]: targetX: 1322/targetY 383
[20:01:05] [Client/GameBox/sendTargetPos/INFO]: package 000B(角色移动意图) send!
[20:01:05] [Client/GameBox/sendTargetPos/INFO]: targetX: 1322.0/targetY: 383.0
[20:01:06] [Client/GameBox/updateTarget/INFO]: receive Package 000C(角色目标)
[20:01:06] [Client/GameBox/updateTarget/INFO]: targetX: 1109/targetY 448
[20:01:06] [Client/GameBox/sendTargetPos/INFO]: package 000B(角色移动意图) send!
[20:01:06] [Client/GameBox/sendTargetPos/INFO]: targetX: 1109.0/targetY: 448.0
[20:01:06] [Client/GameBox/updateTarget/INFO]: receive Package 000C(角色目标)
[20:01:06] [Client/GameBox/updateTarget/INFO]: targetX: 1009/targetY 369
[20:01:06] [Client/GameBox/sendTargetPos/INFO]: package 000B(角色移动意图) send!
[20:01:06] [Client/GameBox/sendTargetPos/INFO]: targetX: 1009.0/targetY: 369.0
[20:01:06] [Client/GameBox/updateTarget/INFO]: receive Package 000C(角色目标)
[20:01:06] [Client/GameBox/updateTarget/INFO]: targetX: 921/targetY 420
[20:01:06] [Client/GameBox/sendTargetPos/INFO]: package 000B(角色移动意图) send!
[20:01:07] [Client/GameBox/sendTargetPos/INFO]: targetX: 921.0/targetY: 420.0
[20:01:07] [Client/GameBox/updateTarget/INFO]: receive Package 000C(角色目标)
[20:01:07] [Client/GameBox/updateTarget/INFO]: targetX: 790/targetY 410
[20:01:07] [Client/GameBox/sendTargetPos/INFO]: package 000B(角色移动意图) send!
[20:01:07] [Client/GameBox/sendTargetPos/INFO]: targetX: 790.0/targetY: 410.0
[20:01:08] [Client/GameBox/updateTarget/INFO]: receive Package 000C(角色目标)
[20:01:08] [Client/GameBox/updateTarget/INFO]: targetX: 526/targetY 357
[20:01:08] [Client/GameBox/sendTargetPos/INFO]: package 000B(角色移动意图) send!
[20:01:08] [Client/GameBox/sendTargetPos/INFO]: targetX: 526.0/targetY: 357.0
[20:01:09] [Client/GameBox/updateTarget/INFO]: receive Package 000C(角色目标)
[20:01:09] [Client/GameBox/updateTarget/INFO]: targetX: 317/targetY 349
[20:01:09] [Client/GameBox/sendTargetPos/INFO]: package 000B(角色移动意图) send!
[20:01:09] [Client/GameBox/sendTargetPos/INFO]: targetX: 317.0/targetY: 349.0
[20:01:10] [Client/GameBox/updateTarget/INFO]: receive Package 000C(角色目标)
[20:01:10] [Client/GameBox/updateTarget/INFO]: targetX: 85/targetY 358
[20:01:10] [Client/GameBox/sendTargetPos/INFO]: package 000B(角色移动意图) send!
[20:01:10] [Client/GameBox/sendTargetPos/INFO]: targetX: 85.0/targetY: 358.0
