[10:52:14] [ClientServer/ClientMain/init/DEBUG]: address: baidu.com:80
[10:52:14] [ClientServer/ClientMain/init/DEBUG]: init over
[10:52:14] [ClientServer/ClientMain/KERNEL]: 0.开始建立网络连接…………
[10:52:15] [ClientServer/ClientMain/setUpConnection/DEBUG]: setUpConnection over
[10:52:15] [ClientServer/ClientMain/KERNEL]: 1.网络连接成功!
[10:52:15] [ClientServer/ClientMain/KERNEL]: 2.发送0000包，确认对方是否为服务器Gate端
[10:52:15] [ClientServer/ClientMain/send00Package/DEBUG]: send00Package over
[10:52:15] [AioModule/Write/Completed/DEBUG]: Sent 14 bytes to sessionbaidu.com/220.181.57.217:80
[10:52:15] [ClientSever/LoginBox/serverState/INFO]: Receive a package 0001(回应连接请求)
[10:52:15] [AioModule/Write/Completed/DEBUG]: Sent contents(14bytes): ff ff 00 00 00 0e 00 00 00 00 30 39 20 db 
[10:52:15] [ClientSever/LoginBox/serverState/INFO]: package 0001: 1
[10:52:15] [ClientServer/ClientMain/KERNEL]: 3.收到0001包，确认对方为服务器Gate端
[10:52:15] [ClientServer/ClientMain/KERNEL]: 4.初始化loginBox登陆界面
[10:52:15] [ClientServer/LoginBox/onLoginResponse/INFO]: Receive a package 0003(登陆反馈)
[10:52:15] [ClientServer/LoginBox/onLoginResponse/INFO]: package 0003: true
[10:52:16] [ClientSever/LoginBox/addCharacter/INFO]: Receive a package 0006(角色预加载)
[10:52:16] [ClientSever/LoginBox/addCharacter/INFO]: Receive a package 0006(角色预加载)
[10:52:16] [ClientServer/LoginBox/noMorePackage/INFO]: Receive a package 0006(角色预加载: 这是最后一个空包
[10:52:16] [ClientServer/LoginBox/onCreatResponse/INFO]: Receive a package 0009(角色创建结果)
[10:52:16] [AioModule/Write/Completed/DEBUG]: Sent 19 bytes to sessionbaidu.com/220.181.57.217:80
[10:52:16] [AioModule/Write/Completed/DEBUG]: Sent contents(19bytes): ff ff 00 00 00 13 00 08 31 31 00 64 64 64 64 00 01 1a f0 
[10:52:18] [ClientSever/LoginBox/addCharacter/INFO]: Receive a package 0006(角色预加载)
[10:52:18] [ClientServer/GameBox/addCharacter/DEBUG]: Receive a package 000A(游戏中所有玩家信息)
[10:52:18] [ClientServer/GameBox/addCharacter/DEBUG]: 000A:加入一个主角玩家:third role
[10:52:18] [ClientServer/GameBox/addCharacter/DEBUG]: Receive a package 000A(游戏中所有玩家信息)
[10:52:18] [ClientServer/GameBox/addCharacter/DEBUG]: 000A:加入一个非主角玩家:another role
[10:52:18] [ClientServer/ClientMain/KERNEL]: 5.登陆结束
[10:52:18] [ClientServer/ClientMain/KERNEL]: 6.开始游戏，启动gameBox
[10:52:18] [ClientServer/GameBox/startGame/KERNEL]: 接收主角详细信息(000A):关闭加载窗口,开始游戏!
[10:52:18] [Client/GameBox/updateTarget/INFO]: receive Package 000C(角色目标)
[10:52:18] [Client/GameBox/updateTarget/INFO]: targetX: 10000/targetY 20000
[10:52:20] [Client/GameBox/updateTarget/INFO]: receive Package 000C(角色目标)
[10:52:20] [Client/GameBox/updateTarget/INFO]: targetX: 250/targetY 135
[10:52:20] [Client/GameBox/sendTargetPos/INFO]: package 000B(角色移动意图) send!
[10:52:20] [AioModule/Write/Completed/DEBUG]: Sent 22 bytes to sessionbaidu.com/220.181.57.217:80
[10:52:20] [Client/GameBox/sendTargetPos/INFO]: targetX: 250.0/targetY: 135.0
[10:52:20] [AioModule/Write/Completed/DEBUG]: Sent contents(22bytes): ff ff 00 00 00 16 00 0b 00 00 00 03 00 00 00 fa 00 00 00 87 bd 25 
