[23:38:55] [ClientServer/ClientMain/init/DEBUG]: address: baidu.com:80
[23:38:55] [ClientServer/ClientMain/init/DEBUG]: 图片加载成功
[23:38:55] [ClientServer/ClientMain/init/DEBUG]: GIF动画加载成功
[23:38:55] [ClientServer/ClientMain/init/DEBUG]: 物品预加载成功
[23:38:56] [ClientServer/ClientMain/init/DEBUG]: init over
[23:38:56] [ClientServer/ClientMain/KERNEL]: 0.开始建立网络连接…………
[23:38:56] [ClientServer/ClientMain/setUpConnection/DEBUG]: setUpConnection over
[23:38:56] [ClientServer/ClientMain/KERNEL]: 1.网络连接成功!
[23:38:56] [ClientServer/ClientMain/KERNEL]: 2.发送0000包，确认对方是否为服务器Gate端
[23:38:56] [SendingModule/send00Package/INFO]: send00Package over
[23:38:56] [AioModule/Write/Completed/DEBUG]: Sent 14 bytes to sessionbaidu.com/123.125.114.144:80
[23:38:56] [ClientSever/LoginBox/serverState/INFO]: Receive a package 0001(回应连接请求)
[23:38:56] [AioModule/Write/Completed/DEBUG]: Sent contents(14bytes): ff ff 00 00 00 0e 00 00 00 00 30 39 20 db 
[23:38:56] [ClientSever/LoginBox/serverState/INFO]: package 0001: 1
[23:38:56] [ClientServer/ClientMain/KERNEL]: 3.收到0001包，确认对方为服务器Gate端
[23:38:56] [ClientServer/ClientMain/KERNEL]: 4.初始化loginBox登陆界面
[23:40:02] [ClientServer/ClientMain/KERNEL]: 5.登陆结束
[23:40:02] [ClientServer/ClientMain/KERNEL]: 登陆失败，退出主程序
[23:40:02] [SendingModule/sendLogout/INFO]: logout send!
[23:40:02] [AioModule/Write/Failed/WARNING]: Failed to send to sessionnull. java.nio.channels.ClosedChannelException
