[20:17:06] [ClientServer/ClientMain/KERNEL]: 0.开始建立网络连接…………
[20:17:10] [ClientServer/ClientMain/KERNEL]: 1.网络连接成功!
[20:17:10] [ClientServer/ClientMain/KERNEL]: 2.发送0000包，确认对方是否为服务器Gate端
[20:17:10] [ClientSever/LoginBox/serverState/INFO]: Receive a package 0001(回应连接请求)
[20:17:10] [ClientSever/LoginBox/serverState/INFO]: package 0001: 1
[20:17:10] [ClientServer/ClientMain/KERNEL]: 3.收到0001包，确认对方为服务器Gate端
[20:17:10] [ClientServer/ClientMain/KERNEL]: 4.初始化loginBox登陆界面
[20:17:10] [ClientServer/LoginBox/onLoginResponse/INFO]: Receive a package 0003(登陆反馈)
[20:17:10] [ClientServer/LoginBox/onLoginResponse/INFO]: package 0003: true
[20:17:11] [ClientSever/LoginBox/addCharacter/INFO]: Receive a package 0006(角色预加载)
[20:17:11] [ClientSever/LoginBox/addCharacter/INFO]: Receive a package 0006(角色预加载)
[20:17:11] [ClientServer/LoginBox/noMorePackage/INFO]: Receive a package 0006(角色预加载: 这是最后一个空包
[20:17:11] [ClientServer/LoginBox/onCreatResponse/INFO]: Receive a package 0009(角色创建结果)
[20:17:12] [ClientSever/LoginBox/addCharacter/INFO]: Receive a package 0006(角色预加载)
[20:17:12] [ClientServer/ClientMain/KERNEL]: 5.登陆结束
[20:17:12] [ClientServer/ClientMain/KERNEL]: 6.开始游戏，启动gameBox
[20:17:12] [ClientServer/GameBox/startGame/KERNEL]: 接收主角详细信息(000A):关闭加载窗口,开始游戏!
[20:17:13] [Client/GameBox/updateTarget/INFO]: receive Package 000C(角色目标)
[20:17:13] [Client/GameBox/updateTarget/INFO]: targetX: 10000/targetY 20000
[20:17:13] [Client/GameBox/updateTarget/INFO]: receive Package 000C(角色目标)
[20:17:13] [Client/GameBox/updateTarget/INFO]: targetX: 423/targetY 177
[20:17:14] [Client/GameBox/sendTargetPos/INFO]: package 000B(角色移动意图) send!
[20:17:14] [Client/GameBox/sendTargetPos/INFO]: targetX: 423.0/targetY: 177.0
[20:17:17] [Client/GameBox/updateTarget/INFO]: receive Package 000C(角色目标)
[20:17:17] [Client/GameBox/updateTarget/INFO]: targetX: 866/targetY 264
[20:17:17] [Client/GameBox/sendTargetPos/INFO]: package 000B(角色移动意图) send!
[20:17:17] [Client/GameBox/sendTargetPos/INFO]: targetX: 866.0/targetY: 264.0
[20:17:18] [Client/GameBox/updateTarget/INFO]: receive Package 000C(角色目标)
[20:17:18] [Client/GameBox/updateTarget/INFO]: targetX: 811/targetY 433
[20:17:18] [Client/GameBox/sendTargetPos/INFO]: package 000B(角色移动意图) send!
[20:17:18] [Client/GameBox/sendTargetPos/INFO]: targetX: 811.0/targetY: 433.0
[20:17:19] [Client/GameBox/updateTarget/INFO]: receive Package 000C(角色目标)
[20:17:19] [Client/GameBox/updateTarget/INFO]: targetX: 573/targetY 472
[20:17:19] [Client/GameBox/sendTargetPos/INFO]: package 000B(角色移动意图) send!
[20:17:19] [Client/GameBox/sendTargetPos/INFO]: targetX: 573.0/targetY: 472.0
[20:17:40] [Client/GameBox/updateTarget/INFO]: receive Package 000C(角色目标)
[20:17:40] [Client/GameBox/updateTarget/INFO]: targetX: 342/targetY 393
[20:17:40] [Client/GameBox/sendTargetPos/INFO]: package 000B(角色移动意图) send!
[20:17:40] [AioModule/Write/Failed/WARNING]: Failed to send to sessionnull. java.nio.channels.ClosedChannelException
[20:17:40] [Client/GameBox/sendTargetPos/INFO]: targetX: 342.0/targetY: 393.0
[20:17:45] [Client/GameBox/updateTarget/INFO]: receive Package 000C(角色目标)
[20:17:45] [Client/GameBox/updateTarget/INFO]: targetX: 784/targetY 562
[20:17:45] [Client/GameBox/sendTargetPos/INFO]: package 000B(角色移动意图) send!
[20:17:45] [Client/GameBox/sendTargetPos/INFO]: targetX: 784.0/targetY: 562.0
[20:17:46] [Client/GameBox/updateTarget/INFO]: receive Package 000C(角色目标)
[20:17:46] [Client/GameBox/updateTarget/INFO]: targetX: 1097/targetY 369
[20:17:46] [Client/GameBox/sendTargetPos/INFO]: package 000B(角色移动意图) send!
[20:17:46] [Client/GameBox/sendTargetPos/INFO]: targetX: 1097.0/targetY: 369.0
[20:17:47] [Client/GameBox/updateTarget/INFO]: receive Package 000C(角色目标)
[20:17:47] [Client/GameBox/updateTarget/INFO]: targetX: 1121/targetY 109
[20:17:47] [Client/GameBox/sendTargetPos/INFO]: package 000B(角色移动意图) send!
[20:17:47] [Client/GameBox/sendTargetPos/INFO]: targetX: 1121.0/targetY: 109.0
[20:17:49] [Client/GameBox/updateTarget/INFO]: receive Package 000C(角色目标)
[20:17:49] [Client/GameBox/updateTarget/INFO]: targetX: 691/targetY 185
[20:17:49] [Client/GameBox/sendTargetPos/INFO]: package 000B(角色移动意图) send!
[20:17:49] [Client/GameBox/sendTargetPos/INFO]: targetX: 691.0/targetY: 185.0
