[20:20:16] [ClientServer/ClientMain/KERNEL]: 0.开始建立网络连接…………
[20:20:17] [ClientServer/ClientMain/KERNEL]: 1.网络连接成功!
[20:20:17] [ClientServer/ClientMain/KERNEL]: 2.发送0000包，确认对方是否为服务器Gate端
[20:20:17] [ClientSever/LoginBox/serverState/INFO]: Receive a package 0001(回应连接请求)
[20:20:17] [ClientSever/LoginBox/serverState/INFO]: package 0001: 1
[20:20:17] [ClientServer/ClientMain/KERNEL]: 3.收到0001包，确认对方为服务器Gate端
[20:20:17] [ClientServer/ClientMain/KERNEL]: 4.初始化loginBox登陆界面
[20:20:19] [ClientServer/LoginBox/onLoginResponse/INFO]: Receive a package 0003(登陆反馈)
[20:20:19] [ClientServer/LoginBox/onLoginResponse/INFO]: package 0003: true
[20:20:19] [ClientSever/LoginBox/addCharacter/INFO]: Receive a package 0006(角色预加载)
[20:20:19] [ClientSever/LoginBox/addCharacter/INFO]: Receive a package 0006(角色预加载)
[20:20:19] [ClientServer/LoginBox/noMorePackage/INFO]: Receive a package 0006(角色预加载: 这是最后一个空包
[20:20:20] [ClientServer/LoginBox/onCreatResponse/INFO]: Receive a package 0009(角色创建结果)
[20:20:21] [ClientSever/LoginBox/addCharacter/INFO]: Receive a package 0006(角色预加载)
[20:20:21] [ClientServer/ClientMain/KERNEL]: 5.登陆结束
[20:20:21] [ClientServer/ClientMain/KERNEL]: 6.开始游戏，启动gameBox
[20:20:21] [ClientServer/GameBox/startGame/KERNEL]: 接收主角详细信息(000A):关闭加载窗口,开始游戏!
[20:20:21] [Client/GameBox/updateTarget/INFO]: receive Package 000C(角色目标)
[20:20:21] [Client/GameBox/updateTarget/INFO]: targetX: 10000/targetY 20000
[20:20:22] [Client/GameBox/updateTarget/INFO]: receive Package 000C(角色目标)
[20:20:22] [Client/GameBox/updateTarget/INFO]: targetX: 327/targetY 231
[20:20:22] [Client/GameBox/sendTargetPos/INFO]: package 000B(角色移动意图) send!
[20:20:22] [Client/GameBox/sendTargetPos/INFO]: targetX: 327.0/targetY: 231.0
[20:20:24] [Client/GameBox/updateTarget/INFO]: receive Package 000C(角色目标)
[20:20:24] [Client/GameBox/updateTarget/INFO]: targetX: 667/targetY 298
[20:20:24] [Client/GameBox/sendTargetPos/INFO]: package 000B(角色移动意图) send!
[20:20:24] [Client/GameBox/sendTargetPos/INFO]: targetX: 667.0/targetY: 298.0
