[14:20:49] [ClientServer/ClientMain/KERNEL]: 0.开始建立网络连接…………
[14:20:49] [ClientServer/ClientMain/KERNEL]: 1.网络连接成功!
[14:20:49] [ClientServer/ClientMain/KERNEL]: 2.发送0000包，确认对方是否为服务器Gate端
[14:20:50] [ClientSever/LoginBox/serverState/INFO]: Receive a package 0001(回应连接请求)
[14:20:50] [ClientSever/LoginBox/serverState/INFO]: package 0001: 1
[14:20:50] [ClientServer/ClientMain/KERNEL]: 3.收到0001包，确认对方为服务器Gate端
[14:20:50] [ClientServer/ClientMain/KERNEL]: 4.初始化loginBox登陆界面
[14:20:52] [ClientServer/LoginBox/onLoginResponse/INFO]: Receive a package 0003(登陆反馈)
[14:20:52] [ClientServer/LoginBox/onLoginResponse/INFO]: package 0003: true
[14:20:54] [ClientSever/LoginBox/addCharacter/INFO]: Receive a package 0006(角色预加载)
[14:20:54] [ClientSever/LoginBox/addCharacter/INFO]: Receive a package 0006(角色预加载)
[14:20:54] [ClientServer/LoginBox/noMorePackage/INFO]: Receive a package 0006(角色预加载: 这是最后一个空包
[14:20:56] [ClientServer/LoginBox/onCreatResponse/INFO]: Receive a package 0009(角色创建结果)
[14:20:57] [ClientSever/LoginBox/addCharacter/INFO]: Receive a package 0006(角色预加载)
[14:20:57] [ClientServer/ClientMain/KERNEL]: 5.登陆结束
[14:20:57] [ClientServer/ClientMain/KERNEL]: 6.开始游戏，启动gameBox
[14:20:57] [ClientServer/GameBox/startGame/KERNEL]: 接收主角详细信息(000A):关闭加载窗口,开始游戏!
[14:20:57] [Client/GameBox/updateTarget/INFO]: receive Package 000C(角色目标)
[14:20:57] [Client/GameBox/updateTarget/INFO]: targetX: 10000/targetY 20000
[14:21:00] [Client/GameBox/updateTarget/INFO]: receive Package 000C(角色目标)
[14:21:00] [Client/GameBox/updateTarget/INFO]: targetX: 568/targetY 8
[14:21:00] [Client/GameBox/sendTargetPos/INFO]: package 000B(角色移动意图) send!
[14:21:00] [AioModule/Write/Failed/WARNING]: Failed to send to sessionnull. java.nio.channels.ClosedChannelException
[14:21:00] [Client/GameBox/sendTargetPos/INFO]: targetX: 568.0/targetY: 8.0
[14:21:02] [Client/GameBox/updateTarget/INFO]: receive Package 000C(角色目标)
[14:21:02] [Client/GameBox/updateTarget/INFO]: targetX: 540/targetY -155
[14:21:02] [Client/GameBox/sendTargetPos/INFO]: package 000B(角色移动意图) send!
[14:21:02] [Client/GameBox/sendTargetPos/INFO]: targetX: 540.0/targetY: -155.0
[14:21:07] [Client/GameBox/updateTarget/INFO]: receive Package 000C(角色目标)
[14:21:07] [Client/GameBox/updateTarget/INFO]: targetX: 653/targetY 187
[14:21:07] [Client/GameBox/sendTargetPos/INFO]: package 000B(角色移动意图) send!
[14:21:07] [Client/GameBox/sendTargetPos/INFO]: targetX: 653.0/targetY: 187.0
[14:21:20] [Client/GameBox/updateTarget/INFO]: receive Package 000C(角色目标)
[14:21:20] [Client/GameBox/updateTarget/INFO]: targetX: 456/targetY 411
[14:21:20] [Client/GameBox/sendTargetPos/INFO]: package 000B(角色移动意图) send!
[14:21:20] [Client/GameBox/sendTargetPos/INFO]: targetX: 456.0/targetY: 411.0
[14:21:21] [Client/GameBox/updateTarget/INFO]: receive Package 000C(角色目标)
[14:21:21] [Client/GameBox/updateTarget/INFO]: targetX: 387/targetY 446
[14:21:21] [Client/GameBox/sendTargetPos/INFO]: package 000B(角色移动意图) send!
[14:21:21] [Client/GameBox/sendTargetPos/INFO]: targetX: 387.0/targetY: 446.0
[14:21:22] [Client/GameBox/updateTarget/INFO]: receive Package 000C(角色目标)
[14:21:22] [Client/GameBox/updateTarget/INFO]: targetX: 391/targetY 448
[14:21:22] [Client/GameBox/sendTargetPos/INFO]: package 000B(角色移动意图) send!
[14:21:22] [Client/GameBox/sendTargetPos/INFO]: targetX: 391.0/targetY: 448.0
[14:21:22] [Client/GameBox/updateTarget/INFO]: receive Package 000C(角色目标)
[14:21:23] [Client/GameBox/updateTarget/INFO]: targetX: 400/targetY 477
[14:21:23] [Client/GameBox/sendTargetPos/INFO]: package 000B(角色移动意图) send!
[14:21:23] [Client/GameBox/sendTargetPos/INFO]: targetX: 400.0/targetY: 477.0
[14:21:23] [Client/GameBox/updateTarget/INFO]: receive Package 000C(角色目标)
[14:21:23] [Client/GameBox/updateTarget/INFO]: targetX: 387/targetY 510
[14:21:23] [Client/GameBox/sendTargetPos/INFO]: package 000B(角色移动意图) send!
[14:21:23] [Client/GameBox/sendTargetPos/INFO]: targetX: 387.0/targetY: 510.0
[14:21:24] [Client/GameBox/updateTarget/INFO]: receive Package 000C(角色目标)
[14:21:24] [Client/GameBox/updateTarget/INFO]: targetX: 372/targetY 543
[14:21:24] [Client/GameBox/sendTargetPos/INFO]: package 000B(角色移动意图) send!
[14:21:24] [Client/GameBox/sendTargetPos/INFO]: targetX: 372.0/targetY: 543.0
[14:21:25] [Client/GameBox/updateTarget/INFO]: receive Package 000C(角色目标)
[14:21:26] [Client/GameBox/updateTarget/INFO]: targetX: 391/targetY 623
[14:21:26] [Client/GameBox/sendTargetPos/INFO]: package 000B(角色移动意图) send!
[14:21:26] [Client/GameBox/sendTargetPos/INFO]: targetX: 391.0/targetY: 623.0
[14:21:29] [Client/GameBox/updateTarget/INFO]: receive Package 000C(角色目标)
[14:21:29] [Client/GameBox/updateTarget/INFO]: targetX: 436/targetY 433
[14:21:29] [Client/GameBox/sendTargetPos/INFO]: package 000B(角色移动意图) send!
[14:21:29] [Client/GameBox/sendTargetPos/INFO]: targetX: 436.0/targetY: 433.0
[14:21:31] [Client/GameBox/updateTarget/INFO]: receive Package 000C(角色目标)
[14:21:31] [Client/GameBox/updateTarget/INFO]: targetX: 363/targetY 109
[14:21:31] [Client/GameBox/sendTargetPos/INFO]: package 000B(角色移动意图) send!
[14:21:31] [Client/GameBox/sendTargetPos/INFO]: targetX: 363.0/targetY: 109.0
[14:21:33] [Client/GameBox/updateTarget/INFO]: receive Package 000C(角色目标)
[14:21:33] [Client/GameBox/updateTarget/INFO]: targetX: 947/targetY 840
[14:21:33] [Client/GameBox/sendTargetPos/INFO]: package 000B(角色移动意图) send!
[14:21:33] [Client/GameBox/sendTargetPos/INFO]: targetX: 947.0/targetY: 840.0
[14:21:36] [Client/GameBox/updateTarget/INFO]: receive Package 000C(角色目标)
[14:21:36] [Client/GameBox/updateTarget/INFO]: targetX: 396/targetY 666
[14:21:36] [Client/GameBox/sendTargetPos/INFO]: package 000B(角色移动意图) send!
[14:21:36] [Client/GameBox/sendTargetPos/INFO]: targetX: 396.0/targetY: 666.0
[14:21:40] [Client/GameBox/updateTarget/INFO]: receive Package 000C(角色目标)
[14:21:40] [Client/GameBox/updateTarget/INFO]: targetX: 874/targetY 1264
[14:21:40] [Client/GameBox/sendTargetPos/INFO]: package 000B(角色移动意图) send!
[14:21:40] [Client/GameBox/sendTargetPos/INFO]: targetX: 874.0/targetY: 1264.0
[14:21:48] [Client/GameBox/updateTarget/INFO]: receive Package 000C(角色目标)
[14:21:48] [Client/GameBox/updateTarget/INFO]: targetX: 557/targetY 1315
[14:21:48] [Client/GameBox/sendTargetPos/INFO]: package 000B(角色移动意图) send!
[14:21:48] [Client/GameBox/sendTargetPos/INFO]: targetX: 557.0/targetY: 1315.0
[14:21:53] [Client/GameBox/updateTarget/INFO]: receive Package 000C(角色目标)
[14:21:53] [Client/GameBox/updateTarget/INFO]: targetX: 546/targetY -2147483589
[14:21:53] [Client/GameBox/sendTargetPos/INFO]: package 000B(角色移动意图) send!
[14:21:53] [Client/GameBox/sendTargetPos/INFO]: targetX: 546.0/targetY: -2.147483589E9
[14:21:53] [Client/GameBox/updateTarget/INFO]: receive Package 000C(角色目标)
[14:21:53] [Client/GameBox/updateTarget/INFO]: targetX: 548/targetY -2147483589
[14:21:53] [Client/GameBox/sendTargetPos/INFO]: package 000B(角色移动意图) send!
[14:21:53] [Client/GameBox/sendTargetPos/INFO]: targetX: 548.0/targetY: -2.147483589E9
[14:21:54] [Client/GameBox/updateTarget/INFO]: receive Package 000C(角色目标)
[14:21:54] [Client/GameBox/updateTarget/INFO]: targetX: 592/targetY -2147483597
[14:21:54] [Client/GameBox/sendTargetPos/INFO]: package 000B(角色移动意图) send!
[14:21:54] [Client/GameBox/sendTargetPos/INFO]: targetX: 592.0/targetY: -2.147483597E9
[14:21:54] [Client/GameBox/updateTarget/INFO]: receive Package 000C(角色目标)
[14:21:54] [Client/GameBox/updateTarget/INFO]: targetX: 593/targetY -2147483597
[14:21:54] [Client/GameBox/sendTargetPos/INFO]: package 000B(角色移动意图) send!
[14:21:54] [Client/GameBox/sendTargetPos/INFO]: targetX: 593.0/targetY: -2.147483597E9
[14:21:56] [Client/GameBox/updateTarget/INFO]: receive Package 000C(角色目标)
[14:21:56] [Client/GameBox/updateTarget/INFO]: targetX: 960/targetY -2147483601
[14:21:56] [Client/GameBox/sendTargetPos/INFO]: package 000B(角色移动意图) send!
[14:21:56] [Client/GameBox/sendTargetPos/INFO]: targetX: 960.0/targetY: -2.147483601E9
[14:21:57] [Client/GameBox/updateTarget/INFO]: receive Package 000C(角色目标)
[14:21:57] [Client/GameBox/updateTarget/INFO]: targetX: 942/targetY 175
[14:21:57] [Client/GameBox/sendTargetPos/INFO]: package 000B(角色移动意图) send!
[14:21:57] [Client/GameBox/sendTargetPos/INFO]: targetX: 942.0/targetY: 175.0
[14:21:58] [Client/GameBox/updateTarget/INFO]: receive Package 000C(角色目标)
[14:21:58] [Client/GameBox/updateTarget/INFO]: targetX: 949/targetY 175
[14:21:58] [Client/GameBox/sendTargetPos/INFO]: package 000B(角色移动意图) send!
[14:21:58] [Client/GameBox/sendTargetPos/INFO]: targetX: 949.0/targetY: 175.0
[14:22:00] [Client/GameBox/updateTarget/INFO]: receive Package 000C(角色目标)
[14:22:00] [Client/GameBox/updateTarget/INFO]: targetX: 367/targetY 142
[14:22:00] [Client/GameBox/sendTargetPos/INFO]: package 000B(角色移动意图) send!
[14:22:00] [Client/GameBox/sendTargetPos/INFO]: targetX: 367.0/targetY: 142.0
