[21:40:18] [ClientServer/ClientMain/KERNEL]: 0.开始建立网络连接…………
[21:40:18] [ClientServer/ClientMain/KERNEL]: 1.网络连接成功!
[21:40:18] [ClientServer/ClientMain/KERNEL]: 2.发送0000包，确认对方是否为服务器Gate端
[21:40:18] [ClientSever/LoginBox/serverState/INFO]: Receive a package 0001(回应连接请求)
[21:40:18] [ClientSever/LoginBox/serverState/INFO]: package 0001: 1
[21:40:18] [ClientServer/ClientMain/KERNEL]: 3.收到0001包，确认对方为服务器Gate端
[21:40:18] [ClientServer/ClientMain/KERNEL]: 4.初始化loginBox登陆界面
[21:40:18] [ClientServer/LoginBox/onLoginResponse/INFO]: Receive a package 0003(登陆反馈)
[21:40:18] [ClientServer/LoginBox/onLoginResponse/INFO]: package 0003: true
[21:40:19] [ClientSever/LoginBox/addCharacter/INFO]: Receive a package 0006(角色预加载)
[21:40:19] [ClientSever/LoginBox/addCharacter/INFO]: Receive a package 0006(角色预加载)
[21:40:19] [ClientServer/LoginBox/noMorePackage/INFO]: Receive a package 0006(角色预加载: 这是最后一个空包
[21:40:20] [ClientServer/LoginBox/onCreatResponse/INFO]: Receive a package 0009(角色创建结果)
[21:40:21] [ClientSever/LoginBox/addCharacter/INFO]: Receive a package 0006(角色预加载)
[21:40:21] [ClientServer/ClientMain/KERNEL]: 5.登陆结束
[21:40:21] [ClientServer/ClientMain/KERNEL]: 6.开始游戏，启动gameBox
[21:40:21] [ClientServer/GameBox/startGame/KERNEL]: 接收主角详细信息(000A):关闭加载窗口,开始游戏!
[21:40:21] [Client/GameBox/updateTarget/INFO]: receive Package 000C(角色目标)
[21:40:21] [Client/GameBox/updateTarget/INFO]: targetX: 10000/targetY 20000
[21:40:32] [Client/GameBox/updateTarget/INFO]: receive Package 000C(角色目标)
[21:40:32] [Client/GameBox/updateTarget/INFO]: targetX: 280/targetY -103
[21:40:33] [Client/GameBox/sendTargetPos/INFO]: package 000B(角色移动意图) send!
[21:40:33] [AioModule/Write/Failed/WARNING]: Failed to send to sessionnull. java.nio.channels.ClosedChannelException
[21:40:33] [Client/GameBox/sendTargetPos/INFO]: targetX: 280.0/targetY: -103.0
[21:40:35] [Client/GameBox/updateTarget/INFO]: receive Package 000C(角色目标)
[21:40:35] [Client/GameBox/updateTarget/INFO]: targetX: 846/targetY -211
[21:40:35] [Client/GameBox/sendTargetPos/INFO]: package 000B(角色移动意图) send!
[21:40:35] [Client/GameBox/sendTargetPos/INFO]: targetX: 846.0/targetY: -211.0
[21:40:38] [Client/GameBox/updateTarget/INFO]: receive Package 000C(角色目标)
[21:40:38] [Client/GameBox/updateTarget/INFO]: targetX: 1325/targetY 56
[21:40:38] [Client/GameBox/sendTargetPos/INFO]: package 000B(角色移动意图) send!
[21:40:39] [Client/GameBox/sendTargetPos/INFO]: targetX: 1325.0/targetY: 56.0
[21:40:40] [Client/GameBox/updateTarget/INFO]: receive Package 000C(角色目标)
[21:40:40] [Client/GameBox/updateTarget/INFO]: targetX: 1488/targetY 227
[21:40:40] [Client/GameBox/sendTargetPos/INFO]: package 000B(角色移动意图) send!
[21:40:40] [Client/GameBox/sendTargetPos/INFO]: targetX: 1488.0/targetY: 227.0
[21:40:41] [Client/GameBox/updateTarget/INFO]: receive Package 000C(角色目标)
[21:40:41] [Client/GameBox/updateTarget/INFO]: targetX: 1234/targetY 288
[21:40:41] [Client/GameBox/sendTargetPos/INFO]: package 000B(角色移动意图) send!
[21:40:41] [Client/GameBox/sendTargetPos/INFO]: targetX: 1234.0/targetY: 288.0
[21:40:46] [Client/GameBox/updateTarget/INFO]: receive Package 000C(角色目标)
[21:40:46] [Client/GameBox/updateTarget/INFO]: targetX: 827/targetY 368
[21:40:46] [Client/GameBox/sendTargetPos/INFO]: package 000B(角色移动意图) send!
[21:40:46] [Client/GameBox/sendTargetPos/INFO]: targetX: 827.0/targetY: 368.0
