[00:14:47] [ClientServer/ClientMain/KERNEL]: 0.开始建立网络连接…………
[00:14:50] [ClientServer/ClientMain/KERNEL]: 1.网络连接成功!
[00:14:50] [ClientServer/ClientMain/KERNEL]: 2.发送0000包，确认对方是否为服务器Gate端
[00:14:50] [ClientSever/LoginBox/serverState/INFO]: Receive a package 0001(回应连接请求)
[00:14:50] [ClientSever/LoginBox/serverState/INFO]: package 0001: 1
[00:14:50] [ClientServer/ClientMain/KERNEL]: 3.收到0001包，确认对方为服务器Gate端
[00:14:50] [ClientServer/ClientMain/KERNEL]: 4.初始化loginBox登陆界面
[00:14:53] [ClientServer/LoginBox/onLoginResponse/INFO]: Receive a package 0003(登陆反馈)
[00:14:53] [ClientServer/LoginBox/onLoginResponse/INFO]: package 0003: true
[00:14:53] [ClientSever/LoginBox/addCharacter/INFO]: Receive a package 0006(角色预加载)
[00:14:53] [ClientSever/LoginBox/addCharacter/INFO]: Receive a package 0006(角色预加载)
[00:14:53] [ClientServer/LoginBox/noMorePackage/INFO]: Receive a package 0006(角色预加载: 这是最后一个空包
[00:14:54] [ClientServer/LoginBox/onCreatResponse/INFO]: Receive a package 0009(角色创建结果)
[00:14:55] [ClientSever/LoginBox/addCharacter/INFO]: Receive a package 0006(角色预加载)
[00:14:56] [ClientServer/ClientMain/KERNEL]: 5.登陆结束
[00:14:56] [ClientServer/ClientMain/KERNEL]: 6.开始游戏，启动gameBox
[00:14:56] [ClientServer/GameBox/startGame/KERNEL]: 接收主角详细信息(000A):关闭加载窗口,开始游戏!
[00:14:56] [Client/GameBox/updateTarget/INFO]: receive Package 000C(角色目标)
[00:14:56] [Client/GameBox/updateTarget/INFO]: targetX: 10000/targetY 20000
[00:15:14] [Client/GameBox/updateTarget/INFO]: receive Package 000C(角色目标)
[00:15:14] [Client/GameBox/updateTarget/INFO]: targetX: 355/targetY 236
[00:15:14] [Client/GameBox/sendTargetPos/INFO]: package 000B(角色移动意图) send!
[00:15:14] [AioModule/Write/Failed/WARNING]: Failed to send to sessionnull. java.nio.channels.ClosedChannelException
[00:15:14] [Client/GameBox/sendTargetPos/INFO]: targetX: 355.0/targetY: 236.0
[00:15:17] [Client/GameBox/updateTarget/INFO]: receive Package 000C(角色目标)
[00:15:17] [Client/GameBox/updateTarget/INFO]: targetX: 841/targetY 397
[00:15:17] [Client/GameBox/sendTargetPos/INFO]: package 000B(角色移动意图) send!
[00:15:17] [Client/GameBox/sendTargetPos/INFO]: targetX: 841.0/targetY: 397.0
[00:15:18] [Client/GameBox/updateTarget/INFO]: receive Package 000C(角色目标)
[00:15:19] [Client/GameBox/updateTarget/INFO]: targetX: 1111/targetY 486
[00:15:19] [Client/GameBox/sendTargetPos/INFO]: package 000B(角色移动意图) send!
[00:15:19] [Client/GameBox/sendTargetPos/INFO]: targetX: 1111.0/targetY: 486.0
[00:15:21] [Client/GameBox/updateTarget/INFO]: receive Package 000C(角色目标)
[00:15:21] [Client/GameBox/updateTarget/INFO]: targetX: 700/targetY 359
[00:15:21] [Client/GameBox/sendTargetPos/INFO]: package 000B(角色移动意图) send!
[00:15:21] [Client/GameBox/sendTargetPos/INFO]: targetX: 700.0/targetY: 359.0
[00:15:23] [Client/GameBox/updateTarget/INFO]: receive Package 000C(角色目标)
[00:15:23] [Client/GameBox/updateTarget/INFO]: targetX: 1071/targetY 320
[00:15:23] [Client/GameBox/sendTargetPos/INFO]: package 000B(角色移动意图) send!
[00:15:23] [Client/GameBox/sendTargetPos/INFO]: targetX: 1071.0/targetY: 320.0
