[16:59:23] [ClientServer/ClientMain/KERNEL]: 1.开始建立网络连接…………
[16:59:23] [ClientServer/ClientMain/KERNEL]: 2.网络连接成功！启动loginBox
[16:59:24] [ClientServer/ClientMain/KERNEL]: 2.同时发送0000包，确认对方是否为网关
[16:59:24] [AioModule/Write/Completed/DEBUG]: Sent 14 bytes to session/162.105.38.69:8438
[16:59:24] [AioModule/Write/Completed/DEBUG]: Sent contents(14bytes): ff ff 00 00 00 0e 00 00 00 00 30 39 20 db 
[16:59:24] [AioModule/Read/Completed/DEBUG]: Received 11 bytes from session/162.105.38.69:8438
[16:59:24] [AioModule/Read/Completed/DEBUG]: Received contents(11bytes): ff ff 00 00 00 0b 00 01 01 2a 46 
[16:59:24] [ClientServer/ClientDecoder/INFO]: Receive a package 0001(回应连接请求)
[16:59:24] [ClientServer/ClientDecoder/INFO]: package 0001: 1
[16:59:24] [ClientSever/LoginBox/serverState/INFO]: Receive a package 0001(回应连接请求)
[16:59:24] [ClientSever/LoginBox/serverState/INFO]: package 0001: 1
[16:59:29] [ClientServer/LoginBox/INFO]: package 0002(登陆信息) send!
[16:59:29] [AioModule/Write/Completed/DEBUG]: Sent 47 bytes to session/162.105.38.69:8438
[16:59:29] [AioModule/Write/Completed/DEBUG]: Sent contents(47bytes): ff ff 00 00 00 2f 00 02 32 33 33 00 42 43 42 45 33 33 36 35 45 36 41 43 39 35 45 41 32 43 30 33 34 33 41 32 33 39 35 38 33 34 44 44 00 3e cb 
[16:59:29] [AioModule/Read/Completed/DEBUG]: Received 11 bytes from session/162.105.38.69:8438
[16:59:29] [AioModule/Read/Completed/DEBUG]: Received contents(11bytes): ff ff 00 00 00 0b 00 03 01 2a 58 
[16:59:29] [ClientServer/ClientDecoder/INFO]: Receive a package 0003(登陆反馈)
[16:59:29] [ClientServer/ClientDecoder/INFO]: package 0003: true
[16:59:29] [ClientServer/LoginBox/onLoginResponse/INFO]: Receive a package 0003(登陆反馈)
[16:59:29] [ClientServer/LoginBox/onLoginResponse/INFO]: package 0003: true
[16:59:30] [AioModule/Read/Completed/DEBUG]: Received 24 bytes from session/162.105.38.69:8438
[16:59:30] [AioModule/Read/Completed/DEBUG]: Received contents(24bytes): ff ff 00 00 00 18 00 06 00 00 00 00 00 0e 02 06 00 00 00 00 4d 29 0e 62 
[16:59:30] [ClientServer/ClientDecoder/INFO]: Receive a package 0006(角色预加载)
[16:59:30] [ClientServer/ClientDecoder/INFO]: package 0006: /id: 0/name: /level: 14/gender: 2
[16:59:30] [ClientSever/LoginBox/addCharacter/INFO]: Receive a package 0006(角色预加载)
[17:02:58] [ClientServer/ClientMain/KERNEL]: 3.登陆结束
[17:02:58] [ClientServer/ClientMain/KERNEL]: 登陆失败，退出主程序
