[15:15:56] [ClientServer/ClientMain/KERNEL]: 0.开始建立网络连接…………
[15:16:00] [ClientServer/ClientMain/KERNEL]: 1.网络连接成功!
[15:16:00] [ClientServer/ClientMain/KERNEL]: 2.发送0000包，确认对方是否为服务器Gate端
[15:16:00] [ClientSever/LoginBox/serverState/INFO]: Receive a package 0001(回应连接请求)
[15:16:00] [ClientSever/LoginBox/serverState/INFO]: package 0001: 1
[15:16:00] [ClientServer/ClientMain/KERNEL]: 3.收到0001包，确认对方为服务器Gate端
[15:16:00] [ClientServer/ClientMain/KERNEL]: 4.初始化loginBox登陆界面
[15:16:00] [ClientServer/LoginBox/onLoginResponse/INFO]: Receive a package 0003(登陆反馈)
[15:16:00] [ClientServer/LoginBox/onLoginResponse/INFO]: package 0003: true
[15:16:01] [ClientSever/LoginBox/addCharacter/INFO]: Receive a package 0006(角色预加载)
[15:16:01] [ClientSever/LoginBox/addCharacter/INFO]: Receive a package 0006(角色预加载)
[15:16:01] [ClientServer/LoginBox/noMorePackage/INFO]: Receive a package 0006(角色预加载: 这是最后一个空包
[15:16:01] [ClientServer/LoginBox/onCreatResponse/INFO]: Receive a package 0009(角色创建结果)
[15:16:02] [ClientSever/LoginBox/addCharacter/INFO]: Receive a package 0006(角色预加载)
[15:16:02] [ClientServer/ClientMain/KERNEL]: 5.登陆结束
[15:16:02] [ClientServer/ClientMain/KERNEL]: 6.开始游戏，启动gameBox
[15:16:03] [ClientServer/GameBox/startGame/KERNEL]: 接收主角详细信息(000A):关闭加载窗口,开始游戏!
[15:16:03] [Client/GameBox/updateTarget/INFO]: receive Package 000C(角色目标)
[15:16:03] [Client/GameBox/updateTarget/INFO]: targetX: 10000/targetY 20000
[15:16:05] [Client/GameBox/updateTarget/INFO]: receive Package 000C(角色目标)
[15:16:05] [Client/GameBox/updateTarget/INFO]: targetX: 370/targetY 228
[15:16:05] [Client/GameBox/sendTargetPos/INFO]: package 000B(角色移动意图) send!
[15:16:05] [Client/GameBox/sendTargetPos/INFO]: targetX: 370.0/targetY: 228.0
[15:16:08] [Client/GameBox/updateTarget/INFO]: receive Package 000C(角色目标)
[15:16:08] [Client/GameBox/updateTarget/INFO]: targetX: 753/targetY 475
[15:16:08] [Client/GameBox/sendTargetPos/INFO]: package 000B(角色移动意图) send!
[15:16:08] [Client/GameBox/sendTargetPos/INFO]: targetX: 753.0/targetY: 475.0
[15:16:12] [Client/GameBox/updateTarget/INFO]: receive Package 000C(角色目标)
[15:16:13] [Client/GameBox/updateTarget/INFO]: targetX: 1136/targetY 722
[15:16:13] [Client/GameBox/sendTargetPos/INFO]: package 000B(角色移动意图) send!
[15:16:13] [Client/GameBox/sendTargetPos/INFO]: targetX: 1136.0/targetY: 722.0
[15:16:13] [AioModule/Write/Failed/WARNING]: Failed to send to sessionnull. java.nio.channels.ClosedChannelException
[15:16:15] [Client/GameBox/updateTarget/INFO]: receive Package 000C(角色目标)
[15:16:15] [Client/GameBox/updateTarget/INFO]: targetX: 1519/targetY 969
[15:16:15] [Client/GameBox/sendTargetPos/INFO]: package 000B(角色移动意图) send!
[15:16:15] [Client/GameBox/sendTargetPos/INFO]: targetX: 1519.0/targetY: 969.0
[15:16:19] [Client/GameBox/updateTarget/INFO]: receive Package 000C(角色目标)
[15:16:19] [Client/GameBox/updateTarget/INFO]: targetX: 1104/targetY 1001
[15:16:19] [Client/GameBox/sendTargetPos/INFO]: package 000B(角色移动意图) send!
[15:16:19] [Client/GameBox/sendTargetPos/INFO]: targetX: 1104.0/targetY: 1001.0
