[20:27:13] [ClientServer/ClientMain/KERNEL]: 0.开始建立网络连接…………
[20:27:13] [ClientServer/ClientMain/KERNEL]: 1.网络连接成功!
[20:27:13] [ClientServer/ClientMain/KERNEL]: 2.发送0000包，确认对方是否为服务器Gate端
[20:27:13] [ClientSever/LoginBox/serverState/INFO]: Receive a package 0001(回应连接请求)
[20:27:13] [ClientSever/LoginBox/serverState/INFO]: package 0001: 1
[20:27:14] [ClientServer/ClientMain/KERNEL]: 3.收到0001包，确认对方为服务器Gate端
[20:27:14] [ClientServer/ClientMain/KERNEL]: 4.初始化loginBox登陆界面
[20:27:16] [ClientServer/LoginBox/onLoginResponse/INFO]: Receive a package 0003(登陆反馈)
[20:27:16] [ClientServer/LoginBox/onLoginResponse/INFO]: package 0003: true
[20:27:16] [ClientSever/LoginBox/addCharacter/INFO]: Receive a package 0006(角色预加载)
[20:27:16] [ClientSever/LoginBox/addCharacter/INFO]: Receive a package 0006(角色预加载)
[20:27:16] [ClientServer/LoginBox/noMorePackage/INFO]: Receive a package 0006(角色预加载: 这是最后一个空包
[20:27:17] [ClientServer/LoginBox/onCreatResponse/INFO]: Receive a package 0009(角色创建结果)
[20:27:18] [ClientSever/LoginBox/addCharacter/INFO]: Receive a package 0006(角色预加载)
[20:27:18] [ClientServer/ClientMain/KERNEL]: 5.登陆结束
[20:27:18] [ClientServer/ClientMain/KERNEL]: 6.开始游戏，启动gameBox
[20:27:18] [ClientServer/GameBox/startGame/KERNEL]: 接收主角详细信息(000A):关闭加载窗口,开始游戏!
[20:27:18] [Client/GameBox/updateTarget/INFO]: receive Package 000C(角色目标)
[20:27:18] [Client/GameBox/updateTarget/INFO]: targetX: 10000/targetY 20000
[20:27:20] [Client/GameBox/updateTarget/INFO]: receive Package 000C(角色目标)
[20:27:20] [Client/GameBox/updateTarget/INFO]: targetX: 262/targetY 219
[20:27:20] [Client/GameBox/sendTargetPos/INFO]: package 000B(角色移动意图) send!
[20:27:20] [Client/GameBox/sendTargetPos/INFO]: targetX: 262.0/targetY: 219.0
[20:27:22] [Client/GameBox/updateTarget/INFO]: receive Package 000C(角色目标)
[20:27:22] [Client/GameBox/updateTarget/INFO]: targetX: 533/targetY 408
[20:27:22] [Client/GameBox/sendTargetPos/INFO]: package 000B(角色移动意图) send!
[20:27:23] [Client/GameBox/sendTargetPos/INFO]: targetX: 533.0/targetY: 408.0
[20:27:24] [Client/GameBox/updateTarget/INFO]: receive Package 000C(角色目标)
[20:27:24] [Client/GameBox/updateTarget/INFO]: targetX: 860/targetY 497
[20:27:24] [Client/GameBox/sendTargetPos/INFO]: package 000B(角色移动意图) send!
[20:27:24] [Client/GameBox/sendTargetPos/INFO]: targetX: 860.0/targetY: 497.0
[20:27:24] [AioModule/Write/Failed/WARNING]: Failed to send to sessionnull. java.nio.channels.ClosedChannelException
[20:27:26] [Client/GameBox/updateTarget/INFO]: receive Package 000C(角色目标)
[20:27:26] [Client/GameBox/updateTarget/INFO]: targetX: 533/targetY 406
[20:27:26] [Client/GameBox/sendTargetPos/INFO]: package 000B(角色移动意图) send!
[20:27:26] [Client/GameBox/sendTargetPos/INFO]: targetX: 533.0/targetY: 406.0
[20:27:29] [Client/GameBox/updateTarget/INFO]: receive Package 000C(角色目标)
[20:27:29] [Client/GameBox/updateTarget/INFO]: targetX: 266/targetY 256
[20:27:29] [Client/GameBox/sendTargetPos/INFO]: package 000B(角色移动意图) send!
[20:27:29] [Client/GameBox/sendTargetPos/INFO]: targetX: 266.0/targetY: 256.0
[20:27:31] [Client/GameBox/updateTarget/INFO]: receive Package 000C(角色目标)
[20:27:31] [Client/GameBox/updateTarget/INFO]: targetX: 467/targetY 346
[20:27:31] [Client/GameBox/sendTargetPos/INFO]: package 000B(角色移动意图) send!
[20:27:31] [Client/GameBox/sendTargetPos/INFO]: targetX: 467.0/targetY: 346.0
