[23:03:37] [ClientServer/ClientMain/KERNEL]: 0.开始建立网络连接…………
[23:03:37] [ClientServer/ClientMain/KERNEL]: 1.网络连接成功!
[23:03:38] [ClientServer/ClientMain/KERNEL]: 2.发送0000包，确认对方是否为服务器Gate端
[23:03:38] [ClientSever/LoginBox/serverState/INFO]: Receive a package 0001(回应连接请求)
[23:03:38] [ClientSever/LoginBox/serverState/INFO]: package 0001: 1
[23:03:38] [ClientServer/ClientMain/KERNEL]: 3.收到0001包，确认对方为服务器Gate端
[23:03:38] [ClientServer/ClientMain/KERNEL]: 4.初始化loginBox登陆界面
[23:03:40] [ClientServer/LoginBox/onLoginResponse/INFO]: Receive a package 0003(登陆反馈)
[23:03:40] [ClientServer/LoginBox/onLoginResponse/INFO]: package 0003: true
[23:03:40] [ClientSever/LoginBox/addCharacter/INFO]: Receive a package 0006(角色预加载)
[23:03:40] [ClientSever/LoginBox/addCharacter/INFO]: Receive a package 0006(角色预加载)
[23:03:40] [ClientServer/LoginBox/noMorePackage/INFO]: Receive a package 0006(角色预加载: 这是最后一个空包
[23:03:41] [ClientServer/LoginBox/onCreatResponse/INFO]: Receive a package 0009(角色创建结果)
[23:03:43] [ClientSever/LoginBox/addCharacter/INFO]: Receive a package 0006(角色预加载)
[23:03:43] [ClientServer/ClientMain/KERNEL]: 5.登陆结束
[23:03:43] [ClientServer/ClientMain/KERNEL]: 6.开始游戏，启动gameBox
[23:03:43] [ClientServer/GameBox/startGame/KERNEL]: 接收主角详细信息(000A):关闭加载窗口,开始游戏!
[23:03:43] [Client/GameBox/updateTarget/INFO]: receive Package 000C(角色目标)
[23:03:43] [Client/GameBox/updateTarget/INFO]: targetX: 10000/targetY 20000
[23:03:54] [Client/GameBox/updateTarget/INFO]: receive Package 000C(角色目标)
[23:03:54] [Client/GameBox/updateTarget/INFO]: targetX: -671/targetY 143
[23:03:54] [Client/GameBox/sendTargetPos/INFO]: package 000B(角色移动意图) send!
[23:03:54] [AioModule/Write/Failed/WARNING]: Failed to send to sessionnull. java.nio.channels.ClosedChannelException
[23:03:54] [Client/GameBox/sendTargetPos/INFO]: targetX: -671.0/targetY: 143.0
[23:03:56] [Client/GameBox/updateTarget/INFO]: receive Package 000C(角色目标)
[23:03:56] [Client/GameBox/updateTarget/INFO]: targetX: -132/targetY 134
[23:03:56] [Client/GameBox/sendTargetPos/INFO]: package 000B(角色移动意图) send!
[23:03:56] [Client/GameBox/sendTargetPos/INFO]: targetX: -132.0/targetY: 134.0
[23:03:58] [Client/GameBox/updateTarget/INFO]: receive Package 000C(角色目标)
[23:03:58] [Client/GameBox/updateTarget/INFO]: targetX: 334/targetY 165
[23:03:58] [Client/GameBox/sendTargetPos/INFO]: package 000B(角色移动意图) send!
[23:03:58] [Client/GameBox/sendTargetPos/INFO]: targetX: 334.0/targetY: 165.0
