[21:38:03] [ClientServer/ClientMain/KERNEL]: 0.开始建立网络连接…………
[21:38:04] [ClientServer/ClientMain/KERNEL]: 1.网络连接成功!
[21:38:04] [ClientServer/ClientMain/KERNEL]: 2.发送0000包，确认对方是否为服务器Gate端
[21:38:04] [ClientSever/LoginBox/serverState/INFO]: Receive a package 0001(回应连接请求)
[21:38:04] [ClientSever/LoginBox/serverState/INFO]: package 0001: 1
[21:38:04] [ClientServer/ClientMain/KERNEL]: 3.收到0001包，确认对方为服务器Gate端
[21:38:04] [ClientServer/ClientMain/KERNEL]: 4.初始化loginBox登陆界面
[21:38:04] [ClientServer/LoginBox/onLoginResponse/INFO]: Receive a package 0003(登陆反馈)
[21:38:04] [ClientServer/LoginBox/onLoginResponse/INFO]: package 0003: true
[21:38:04] [ClientSever/LoginBox/addCharacter/INFO]: Receive a package 0006(角色预加载)
[21:38:04] [ClientSever/LoginBox/addCharacter/INFO]: Receive a package 0006(角色预加载)
[21:38:04] [ClientServer/LoginBox/noMorePackage/INFO]: Receive a package 0006(角色预加载: 这是最后一个空包
[21:38:05] [ClientServer/LoginBox/onCreatResponse/INFO]: Receive a package 0009(角色创建结果)
[21:38:06] [ClientSever/LoginBox/addCharacter/INFO]: Receive a package 0006(角色预加载)
[21:38:06] [ClientServer/ClientMain/KERNEL]: 5.登陆结束
[21:38:06] [ClientServer/ClientMain/KERNEL]: 6.开始游戏，启动gameBox
[21:38:06] [ClientServer/GameBox/startGame/KERNEL]: 接收主角详细信息(000A):关闭加载窗口,开始游戏!
[21:38:06] [Client/GameBox/updateTarget/INFO]: receive Package 000C(角色目标)
[21:38:06] [Client/GameBox/updateTarget/INFO]: targetX: 10000/targetY 20000
[21:38:09] [Client/GameBox/updateTarget/INFO]: receive Package 000C(角色目标)
[21:38:09] [Client/GameBox/updateTarget/INFO]: targetX: 210/targetY 89
[21:38:09] [Client/GameBox/sendTargetPos/INFO]: package 000B(角色移动意图) send!
[21:38:09] [Client/GameBox/sendTargetPos/INFO]: targetX: 210.0/targetY: 89.0
[21:38:12] [Client/GameBox/updateTarget/INFO]: receive Package 000C(角色目标)
[21:38:12] [Client/GameBox/updateTarget/INFO]: targetX: 374/targetY 277
[21:38:12] [Client/GameBox/sendTargetPos/INFO]: package 000B(角色移动意图) send!
[21:38:12] [Client/GameBox/sendTargetPos/INFO]: targetX: 374.0/targetY: 277.0
[21:38:12] [Client/GameBox/updateTarget/INFO]: receive Package 000C(角色目标)
[21:38:12] [Client/GameBox/updateTarget/INFO]: targetX: 497/targetY 419
[21:38:12] [Client/GameBox/sendTargetPos/INFO]: package 000B(角色移动意图) send!
[21:38:12] [Client/GameBox/sendTargetPos/INFO]: targetX: 497.0/targetY: 419.0
[21:38:13] [Client/GameBox/updateTarget/INFO]: receive Package 000C(角色目标)
[21:38:13] [Client/GameBox/updateTarget/INFO]: targetX: 597/targetY 520
[21:38:13] [Client/GameBox/sendTargetPos/INFO]: package 000B(角色移动意图) send!
[21:38:13] [Client/GameBox/sendTargetPos/INFO]: targetX: 597.0/targetY: 520.0
[21:38:14] [Client/GameBox/updateTarget/INFO]: receive Package 000C(角色目标)
[21:38:14] [Client/GameBox/updateTarget/INFO]: targetX: 882/targetY 719
[21:38:14] [Client/GameBox/sendTargetPos/INFO]: package 000B(角色移动意图) send!
[21:38:14] [Client/GameBox/sendTargetPos/INFO]: targetX: 882.0/targetY: 719.0
[21:38:14] [Client/GameBox/updateTarget/INFO]: receive Package 000C(角色目标)
[21:38:14] [Client/GameBox/updateTarget/INFO]: targetX: 973/targetY 813
[21:38:14] [Client/GameBox/sendTargetPos/INFO]: package 000B(角色移动意图) send!
[21:38:14] [Client/GameBox/sendTargetPos/INFO]: targetX: 973.0/targetY: 813.0
[21:38:14] [AioModule/Write/Failed/WARNING]: Failed to send to sessionnull. java.nio.channels.ClosedChannelException
[21:38:15] [Client/GameBox/updateTarget/INFO]: receive Package 000C(角色目标)
[21:38:15] [Client/GameBox/updateTarget/INFO]: targetX: 1079/targetY 910
[21:38:15] [Client/GameBox/sendTargetPos/INFO]: package 000B(角色移动意图) send!
[21:38:15] [Client/GameBox/sendTargetPos/INFO]: targetX: 1079.0/targetY: 910.0
[21:38:15] [Client/GameBox/updateTarget/INFO]: receive Package 000C(角色目标)
[21:38:15] [Client/GameBox/updateTarget/INFO]: targetX: 1189/targetY 1003
[21:38:15] [Client/GameBox/sendTargetPos/INFO]: package 000B(角色移动意图) send!
[21:38:15] [Client/GameBox/sendTargetPos/INFO]: targetX: 1189.0/targetY: 1003.0
[21:38:39] [Client/GameBox/updateTarget/INFO]: receive Package 000C(角色目标)
[21:38:39] [Client/GameBox/updateTarget/INFO]: targetX: 1387/targetY 1060
[21:38:39] [Client/GameBox/sendTargetPos/INFO]: package 000B(角色移动意图) send!
[21:38:39] [Client/GameBox/sendTargetPos/INFO]: targetX: 1387.0/targetY: 1060.0
