[23:43:55] [ClientServer/ClientMain/KERNEL]: 0.开始建立网络连接…………
[23:43:55] [ClientServer/ClientMain/KERNEL]: 1.网络连接成功!
[23:43:55] [ClientServer/ClientMain/KERNEL]: 2.发送0000包，确认对方是否为服务器Gate端
[23:43:55] [ClientSever/LoginBox/serverState/INFO]: Receive a package 0001(回应连接请求)
[23:43:55] [ClientSever/LoginBox/serverState/INFO]: package 0001: 1
[23:43:55] [ClientServer/ClientMain/KERNEL]: 3.收到0001包，确认对方为服务器Gate端
[23:43:55] [ClientServer/ClientMain/KERNEL]: 4.初始化loginBox登陆界面
[23:43:57] [ClientServer/LoginBox/onLoginResponse/INFO]: Receive a package 0003(登陆反馈)
[23:43:57] [ClientServer/LoginBox/onLoginResponse/INFO]: package 0003: true
[23:43:58] [ClientSever/LoginBox/addCharacter/INFO]: Receive a package 0006(角色预加载)
[23:43:58] [ClientSever/LoginBox/addCharacter/INFO]: Receive a package 0006(角色预加载)
[23:43:58] [ClientServer/LoginBox/noMorePackage/INFO]: Receive a package 0006(角色预加载: 这是最后一个空包
[23:43:59] [ClientServer/LoginBox/onCreatResponse/INFO]: Receive a package 0009(角色创建结果)
[23:46:07] [ClientSever/LoginBox/addCharacter/INFO]: Receive a package 0006(角色预加载)
[23:46:07] [ClientServer/ClientMain/KERNEL]: 5.登陆结束
[23:46:07] [ClientServer/ClientMain/KERNEL]: 6.开始游戏，启动gameBox
[23:46:08] [ClientServer/GameBox/startGame/KERNEL]: 接收主角详细信息(000A):关闭加载窗口,开始游戏!
[23:46:08] [Client/GameBox/updateTarget/INFO]: receive Package 000C(角色目标)
[23:46:08] [Client/GameBox/updateTarget/INFO]: targetX: 10000/targetY 20000
[23:46:10] [Client/GameBox/updateTarget/INFO]: receive Package 000C(角色目标)
[23:46:10] [Client/GameBox/updateTarget/INFO]: targetX: 441/targetY 229
[23:46:10] [Client/GameBox/sendTargetPos/INFO]: package 000B(角色移动意图) send!
[23:46:10] [AioModule/Write/Failed/WARNING]: Failed to send to sessionnull. java.nio.channels.ClosedChannelException
[23:46:10] [Client/GameBox/sendTargetPos/INFO]: targetX: 441.0/targetY: 229.0
