[15:17:44] [ClientServer/ClientMain/KERNEL]: 0.开始建立网络连接…………
[15:17:44] [ClientServer/ClientMain/KERNEL]: 1.网络连接成功!
[15:17:44] [ClientServer/ClientMain/KERNEL]: 2.发送0000包，确认对方是否为服务器Gate端
[15:17:44] [ClientSever/LoginBox/serverState/INFO]: Receive a package 0001(回应连接请求)
[15:17:44] [ClientSever/LoginBox/serverState/INFO]: package 0001: 1
[15:17:44] [ClientServer/ClientMain/KERNEL]: 3.收到0001包，确认对方为服务器Gate端
[15:17:44] [ClientServer/ClientMain/KERNEL]: 4.初始化loginBox登陆界面
[15:17:44] [ClientServer/LoginBox/onLoginResponse/INFO]: Receive a package 0003(登陆反馈)
[15:17:44] [ClientServer/LoginBox/onLoginResponse/INFO]: package 0003: true
[15:17:45] [ClientSever/LoginBox/addCharacter/INFO]: Receive a package 0006(角色预加载)
[15:17:45] [ClientSever/LoginBox/addCharacter/INFO]: Receive a package 0006(角色预加载)
[15:17:45] [ClientServer/LoginBox/noMorePackage/INFO]: Receive a package 0006(角色预加载: 这是最后一个空包
[15:17:45] [ClientServer/LoginBox/onCreatResponse/INFO]: Receive a package 0009(角色创建结果)
[15:17:47] [ClientSever/LoginBox/addCharacter/INFO]: Receive a package 0006(角色预加载)
[15:17:47] [ClientServer/ClientMain/KERNEL]: 5.登陆结束
[15:17:47] [ClientServer/ClientMain/KERNEL]: 6.开始游戏，启动gameBox
[15:17:47] [ClientServer/GameBox/startGame/KERNEL]: 接收主角详细信息(000A):关闭加载窗口,开始游戏!
[15:17:47] [Client/GameBox/updateTarget/INFO]: receive Package 000C(角色目标)
[15:17:47] [Client/GameBox/updateTarget/INFO]: targetX: 10000/targetY 20000
[15:17:48] [Client/GameBox/updateTarget/INFO]: receive Package 000C(角色目标)
[15:17:48] [Client/GameBox/updateTarget/INFO]: targetX: 371/targetY 232
[15:17:48] [Client/GameBox/sendTargetPos/INFO]: package 000B(角色移动意图) send!
[15:17:48] [Client/GameBox/sendTargetPos/INFO]: targetX: 371.0/targetY: 232.0
[15:17:49] [Client/GameBox/updateTarget/INFO]: receive Package 000C(角色目标)
[15:17:49] [Client/GameBox/updateTarget/INFO]: targetX: 341/targetY 375
[15:17:49] [Client/GameBox/sendTargetPos/INFO]: package 000B(角色移动意图) send!
[15:17:49] [Client/GameBox/sendTargetPos/INFO]: targetX: 341.0/targetY: 375.0
[15:17:51] [Client/GameBox/updateTarget/INFO]: receive Package 000C(角色目标)
[15:17:51] [Client/GameBox/updateTarget/INFO]: targetX: 481/targetY 594
[15:17:51] [Client/GameBox/sendTargetPos/INFO]: package 000B(角色移动意图) send!
[15:17:51] [Client/GameBox/sendTargetPos/INFO]: targetX: 481.0/targetY: 594.0
[15:17:53] [Client/GameBox/updateTarget/INFO]: receive Package 000C(角色目标)
[15:17:53] [Client/GameBox/updateTarget/INFO]: targetX: 267/targetY 469
[15:17:53] [Client/GameBox/sendTargetPos/INFO]: package 000B(角色移动意图) send!
[15:17:53] [Client/GameBox/sendTargetPos/INFO]: targetX: 267.0/targetY: 469.0
[15:17:54] [Client/GameBox/updateTarget/INFO]: receive Package 000C(角色目标)
[15:17:54] [Client/GameBox/updateTarget/INFO]: targetX: 412/targetY 671
[15:17:54] [Client/GameBox/sendTargetPos/INFO]: package 000B(角色移动意图) send!
[15:17:54] [Client/GameBox/sendTargetPos/INFO]: targetX: 412.0/targetY: 671.0
[15:17:55] [Client/GameBox/updateTarget/INFO]: receive Package 000C(角色目标)
[15:17:56] [Client/GameBox/updateTarget/INFO]: targetX: 610/targetY 772
[15:17:56] [Client/GameBox/sendTargetPos/INFO]: package 000B(角色移动意图) send!
[15:17:56] [AioModule/Write/Failed/WARNING]: Failed to send to sessionnull. java.nio.channels.ClosedChannelException
[15:17:56] [Client/GameBox/sendTargetPos/INFO]: targetX: 610.0/targetY: 772.0
[15:17:58] [Client/GameBox/updateTarget/INFO]: receive Package 000C(角色目标)
[15:17:58] [Client/GameBox/updateTarget/INFO]: targetX: 193/targetY 790
[15:17:58] [Client/GameBox/sendTargetPos/INFO]: package 000B(角色移动意图) send!
[15:17:58] [Client/GameBox/sendTargetPos/INFO]: targetX: 193.0/targetY: 790.0
