[21:34:51] [ClientServer/ClientMain/KERNEL]: 0.开始建立网络连接…………
[21:34:51] [ClientServer/ClientMain/KERNEL]: 1.网络连接成功!
[21:34:51] [ClientServer/ClientMain/KERNEL]: 2.发送0000包，确认对方是否为服务器Gate端
[21:34:51] [ClientSever/LoginBox/serverState/INFO]: Receive a package 0001(回应连接请求)
[21:34:51] [ClientSever/LoginBox/serverState/INFO]: package 0001: 1
[21:34:51] [ClientServer/ClientMain/KERNEL]: 3.收到0001包，确认对方为服务器Gate端
[21:34:52] [ClientServer/ClientMain/KERNEL]: 4.初始化loginBox登陆界面
[21:34:52] [ClientServer/LoginBox/onLoginResponse/INFO]: Receive a package 0003(登陆反馈)
[21:34:52] [ClientServer/LoginBox/onLoginResponse/INFO]: package 0003: true
[21:34:52] [ClientSever/LoginBox/addCharacter/INFO]: Receive a package 0006(角色预加载)
[21:34:52] [ClientSever/LoginBox/addCharacter/INFO]: Receive a package 0006(角色预加载)
[21:34:52] [ClientServer/LoginBox/noMorePackage/INFO]: Receive a package 0006(角色预加载: 这是最后一个空包
[21:34:53] [ClientServer/LoginBox/onCreatResponse/INFO]: Receive a package 0009(角色创建结果)
[21:34:54] [ClientSever/LoginBox/addCharacter/INFO]: Receive a package 0006(角色预加载)
[21:34:54] [ClientServer/ClientMain/KERNEL]: 5.登陆结束
[21:34:54] [ClientServer/ClientMain/KERNEL]: 6.开始游戏，启动gameBox
[21:34:54] [ClientServer/GameBox/startGame/KERNEL]: 接收主角详细信息(000A):关闭加载窗口,开始游戏!
[21:34:54] [Client/GameBox/updateTarget/INFO]: receive Package 000C(角色目标)
[21:34:54] [Client/GameBox/updateTarget/INFO]: targetX: 10000/targetY 20000
[21:34:58] [Client/GameBox/updateTarget/INFO]: receive Package 000C(角色目标)
[21:34:58] [Client/GameBox/updateTarget/INFO]: targetX: 231/targetY 196
[21:34:58] [Client/GameBox/sendTargetPos/INFO]: package 000B(角色移动意图) send!
[21:34:58] [Client/GameBox/sendTargetPos/INFO]: targetX: 231.0/targetY: 196.0
