[20:22:44] [ClientServer/ClientMain/KERNEL]: 0.开始建立网络连接…………
[20:22:44] [ClientServer/ClientMain/KERNEL]: 1.网络连接成功!
[20:22:44] [ClientServer/ClientMain/KERNEL]: 2.发送0000包，确认对方是否为服务器Gate端
[20:22:44] [ClientSever/LoginBox/serverState/INFO]: Receive a package 0001(回应连接请求)
[20:22:44] [ClientSever/LoginBox/serverState/INFO]: package 0001: 1
[20:22:44] [ClientServer/ClientMain/KERNEL]: 3.收到0001包，确认对方为服务器Gate端
[20:22:44] [ClientServer/ClientMain/KERNEL]: 4.初始化loginBox登陆界面
[20:22:46] [ClientServer/LoginBox/onLoginResponse/INFO]: Receive a package 0003(登陆反馈)
[20:22:46] [ClientServer/LoginBox/onLoginResponse/INFO]: package 0003: true
[20:22:47] [ClientSever/LoginBox/addCharacter/INFO]: Receive a package 0006(角色预加载)
[20:22:47] [ClientSever/LoginBox/addCharacter/INFO]: Receive a package 0006(角色预加载)
[20:22:47] [ClientServer/LoginBox/noMorePackage/INFO]: Receive a package 0006(角色预加载: 这是最后一个空包
[20:22:48] [ClientServer/LoginBox/onCreatResponse/INFO]: Receive a package 0009(角色创建结果)
[20:22:49] [ClientSever/LoginBox/addCharacter/INFO]: Receive a package 0006(角色预加载)
[20:22:49] [ClientServer/ClientMain/KERNEL]: 5.登陆结束
[20:22:49] [ClientServer/ClientMain/KERNEL]: 6.开始游戏，启动gameBox
[20:22:49] [ClientServer/GameBox/startGame/KERNEL]: 接收主角详细信息(000A):关闭加载窗口,开始游戏!
[20:22:49] [Client/GameBox/updateTarget/INFO]: receive Package 000C(角色目标)
[20:22:49] [Client/GameBox/updateTarget/INFO]: targetX: 10000/targetY 20000
[20:22:50] [Client/GameBox/updateTarget/INFO]: receive Package 000C(角色目标)
[20:22:50] [Client/GameBox/updateTarget/INFO]: targetX: 306/targetY 227
[20:22:50] [Client/GameBox/sendTargetPos/INFO]: package 000B(角色移动意图) send!
[20:22:50] [Client/GameBox/sendTargetPos/INFO]: targetX: 306.0/targetY: 227.0
[20:22:51] [Client/GameBox/updateTarget/INFO]: receive Package 000C(角色目标)
[20:22:52] [Client/GameBox/updateTarget/INFO]: targetX: 564/targetY 409
[20:22:52] [Client/GameBox/sendTargetPos/INFO]: package 000B(角色移动意图) send!
[20:22:52] [Client/GameBox/sendTargetPos/INFO]: targetX: 564.0/targetY: 409.0
