[20:21:09] [ClientServer/ClientMain/KERNEL]: 0.开始建立网络连接…………
[20:21:09] [ClientServer/ClientMain/KERNEL]: 1.网络连接成功!
[20:21:09] [ClientServer/ClientMain/KERNEL]: 2.发送0000包，确认对方是否为服务器Gate端
[20:21:09] [ClientSever/LoginBox/serverState/INFO]: Receive a package 0001(回应连接请求)
[20:21:10] [ClientSever/LoginBox/serverState/INFO]: package 0001: 1
[20:21:10] [ClientServer/ClientMain/KERNEL]: 3.收到0001包，确认对方为服务器Gate端
[20:21:10] [ClientServer/ClientMain/KERNEL]: 4.初始化loginBox登陆界面
[20:21:12] [ClientServer/LoginBox/onLoginResponse/INFO]: Receive a package 0003(登陆反馈)
[20:21:12] [ClientServer/LoginBox/onLoginResponse/INFO]: package 0003: true
[20:21:12] [ClientSever/LoginBox/addCharacter/INFO]: Receive a package 0006(角色预加载)
[20:21:12] [ClientSever/LoginBox/addCharacter/INFO]: Receive a package 0006(角色预加载)
[20:21:12] [ClientServer/LoginBox/noMorePackage/INFO]: Receive a package 0006(角色预加载: 这是最后一个空包
[20:21:13] [ClientServer/LoginBox/onCreatResponse/INFO]: Receive a package 0009(角色创建结果)
[20:21:14] [ClientSever/LoginBox/addCharacter/INFO]: Receive a package 0006(角色预加载)
[20:21:14] [ClientServer/ClientMain/KERNEL]: 5.登陆结束
[20:21:14] [ClientServer/ClientMain/KERNEL]: 6.开始游戏，启动gameBox
[20:21:14] [ClientServer/GameBox/startGame/KERNEL]: 接收主角详细信息(000A):关闭加载窗口,开始游戏!
[20:21:14] [Client/GameBox/updateTarget/INFO]: receive Package 000C(角色目标)
[20:21:14] [Client/GameBox/updateTarget/INFO]: targetX: 10000/targetY 20000
[20:21:17] [Client/GameBox/updateTarget/INFO]: receive Package 000C(角色目标)
[20:21:18] [Client/GameBox/updateTarget/INFO]: targetX: 249/targetY 208
[20:21:18] [Client/GameBox/sendTargetPos/INFO]: package 000B(角色移动意图) send!
[20:21:18] [Client/GameBox/sendTargetPos/INFO]: targetX: 249.0/targetY: 208.0
