[14:18:05] [ClientServer/ClientMain/KERNEL]: 0.开始建立网络连接…………
[14:18:05] [ClientServer/ClientMain/KERNEL]: 1.网络连接成功!
[14:18:05] [ClientServer/ClientMain/KERNEL]: 2.发送0000包，确认对方是否为服务器Gate端
[14:18:06] [ClientSever/LoginBox/serverState/INFO]: Receive a package 0001(回应连接请求)
[14:18:06] [ClientSever/LoginBox/serverState/INFO]: package 0001: 1
[14:18:06] [ClientServer/ClientMain/KERNEL]: 3.收到0001包，确认对方为服务器Gate端
[14:18:06] [ClientServer/ClientMain/KERNEL]: 4.初始化loginBox登陆界面
[14:18:08] [ClientServer/LoginBox/onLoginResponse/INFO]: Receive a package 0003(登陆反馈)
[14:18:08] [ClientServer/LoginBox/onLoginResponse/INFO]: package 0003: true
[14:18:10] [ClientSever/LoginBox/addCharacter/INFO]: Receive a package 0006(角色预加载)
[14:18:10] [ClientSever/LoginBox/addCharacter/INFO]: Receive a package 0006(角色预加载)
[14:18:10] [ClientServer/LoginBox/noMorePackage/INFO]: Receive a package 0006(角色预加载: 这是最后一个空包
[14:18:12] [ClientServer/LoginBox/onCreatResponse/INFO]: Receive a package 0009(角色创建结果)
[14:18:13] [ClientSever/LoginBox/addCharacter/INFO]: Receive a package 0006(角色预加载)
[14:18:13] [ClientServer/ClientMain/KERNEL]: 5.登陆结束
[14:18:13] [ClientServer/ClientMain/KERNEL]: 6.开始游戏，启动gameBox
[14:18:13] [ClientServer/GameBox/startGame/KERNEL]: 接收主角详细信息(000A):关闭加载窗口,开始游戏!
[14:18:13] [Client/GameBox/updateTarget/INFO]: receive Package 000C(角色目标)
[14:18:13] [Client/GameBox/updateTarget/INFO]: targetX: 10000/targetY 20000
[14:18:28] [Client/GameBox/updateTarget/INFO]: receive Package 000C(角色目标)
[14:18:28] [Client/GameBox/updateTarget/INFO]: targetX: 674/targetY 191
[14:18:28] [Client/GameBox/sendTargetPos/INFO]: package 000B(角色移动意图) send!
[14:18:28] [AioModule/Write/Failed/WARNING]: Failed to send to sessionnull. java.nio.channels.ClosedChannelException
[14:18:28] [Client/GameBox/sendTargetPos/INFO]: targetX: 674.0/targetY: 191.0
[14:18:35] [Client/GameBox/updateTarget/INFO]: receive Package 000C(角色目标)
[14:18:35] [Client/GameBox/updateTarget/INFO]: targetX: 739/targetY 190
[14:18:35] [Client/GameBox/sendTargetPos/INFO]: package 000B(角色移动意图) send!
[14:18:35] [Client/GameBox/sendTargetPos/INFO]: targetX: 739.0/targetY: 190.0
[14:18:40] [Client/GameBox/updateTarget/INFO]: receive Package 000C(角色目标)
[14:18:40] [Client/GameBox/updateTarget/INFO]: targetX: 575/targetY 517
[14:18:40] [Client/GameBox/sendTargetPos/INFO]: package 000B(角色移动意图) send!
[14:18:40] [Client/GameBox/sendTargetPos/INFO]: targetX: 575.0/targetY: 517.0
[14:18:44] [Client/GameBox/updateTarget/INFO]: receive Package 000C(角色目标)
[14:18:44] [Client/GameBox/updateTarget/INFO]: targetX: 917/targetY 552
[14:18:44] [Client/GameBox/sendTargetPos/INFO]: package 000B(角色移动意图) send!
[14:18:45] [Client/GameBox/sendTargetPos/INFO]: targetX: 917.0/targetY: 552.0
[14:18:49] [Client/GameBox/updateTarget/INFO]: receive Package 000C(角色目标)
[14:18:49] [Client/GameBox/updateTarget/INFO]: targetX: 60/targetY 530
[14:18:49] [Client/GameBox/sendTargetPos/INFO]: package 000B(角色移动意图) send!
[14:18:50] [Client/GameBox/sendTargetPos/INFO]: targetX: 60.0/targetY: 530.0
[14:18:53] [Client/GameBox/updateTarget/INFO]: receive Package 000C(角色目标)
[14:18:53] [Client/GameBox/updateTarget/INFO]: targetX: 88/targetY 507
[14:18:53] [Client/GameBox/sendTargetPos/INFO]: package 000B(角色移动意图) send!
[14:18:53] [Client/GameBox/sendTargetPos/INFO]: targetX: 88.0/targetY: 507.0
[14:18:59] [Client/GameBox/updateTarget/INFO]: receive Package 000C(角色目标)
[14:18:59] [Client/GameBox/updateTarget/INFO]: targetX: 84/targetY 465
[14:18:59] [Client/GameBox/sendTargetPos/INFO]: package 000B(角色移动意图) send!
[14:18:59] [Client/GameBox/sendTargetPos/INFO]: targetX: 84.0/targetY: 465.0
[14:19:00] [Client/GameBox/updateTarget/INFO]: receive Package 000C(角色目标)
[14:19:00] [Client/GameBox/updateTarget/INFO]: targetX: 92/targetY 460
[14:19:00] [Client/GameBox/sendTargetPos/INFO]: package 000B(角色移动意图) send!
[14:19:00] [Client/GameBox/sendTargetPos/INFO]: targetX: 92.0/targetY: 460.0
[14:19:02] [Client/GameBox/updateTarget/INFO]: receive Package 000C(角色目标)
[14:19:02] [Client/GameBox/updateTarget/INFO]: targetX: 69/targetY 201
[14:19:02] [Client/GameBox/sendTargetPos/INFO]: package 000B(角色移动意图) send!
[14:19:02] [Client/GameBox/sendTargetPos/INFO]: targetX: 69.0/targetY: 201.0
[14:19:03] [Client/GameBox/updateTarget/INFO]: receive Package 000C(角色目标)
[14:19:03] [Client/GameBox/updateTarget/INFO]: targetX: 145/targetY 47
[14:19:04] [Client/GameBox/sendTargetPos/INFO]: package 000B(角色移动意图) send!
[14:19:04] [Client/GameBox/sendTargetPos/INFO]: targetX: 145.0/targetY: 47.0
[14:19:05] [Client/GameBox/updateTarget/INFO]: receive Package 000C(角色目标)
[14:19:05] [Client/GameBox/updateTarget/INFO]: targetX: 127/targetY 38
[14:19:05] [Client/GameBox/sendTargetPos/INFO]: package 000B(角色移动意图) send!
[14:19:05] [Client/GameBox/sendTargetPos/INFO]: targetX: 127.0/targetY: 38.0
[14:19:07] [Client/GameBox/updateTarget/INFO]: receive Package 000C(角色目标)
[14:19:07] [Client/GameBox/updateTarget/INFO]: targetX: 354/targetY 10
[14:19:07] [Client/GameBox/sendTargetPos/INFO]: package 000B(角色移动意图) send!
[14:19:07] [Client/GameBox/sendTargetPos/INFO]: targetX: 354.0/targetY: 10.0
[14:19:09] [Client/GameBox/updateTarget/INFO]: receive Package 000C(角色目标)
[14:19:09] [Client/GameBox/updateTarget/INFO]: targetX: 602/targetY 5
[14:19:09] [Client/GameBox/sendTargetPos/INFO]: package 000B(角色移动意图) send!
[14:19:09] [Client/GameBox/sendTargetPos/INFO]: targetX: 602.0/targetY: 5.0
[14:19:15] [Client/GameBox/updateTarget/INFO]: receive Package 000C(角色目标)
[14:19:15] [Client/GameBox/updateTarget/INFO]: targetX: 699/targetY 2503
[14:19:15] [Client/GameBox/sendTargetPos/INFO]: package 000B(角色移动意图) send!
[14:19:15] [Client/GameBox/sendTargetPos/INFO]: targetX: 699.0/targetY: 2503.0
[14:19:17] [Client/GameBox/updateTarget/INFO]: receive Package 000C(角色目标)
[14:19:17] [Client/GameBox/updateTarget/INFO]: targetX: 1014/targetY 2370
[14:19:17] [Client/GameBox/sendTargetPos/INFO]: package 000B(角色移动意图) send!
[14:19:17] [Client/GameBox/sendTargetPos/INFO]: targetX: 1014.0/targetY: 2370.0
[14:19:17] [Client/GameBox/updateTarget/INFO]: receive Package 000C(角色目标)
[14:19:17] [Client/GameBox/updateTarget/INFO]: targetX: 1052/targetY 2346
[14:19:17] [Client/GameBox/sendTargetPos/INFO]: package 000B(角色移动意图) send!
[14:19:17] [Client/GameBox/sendTargetPos/INFO]: targetX: 1052.0/targetY: 2346.0
[14:19:18] [Client/GameBox/updateTarget/INFO]: receive Package 000C(角色目标)
[14:19:18] [Client/GameBox/updateTarget/INFO]: targetX: 1059/targetY 2340
[14:19:18] [Client/GameBox/sendTargetPos/INFO]: package 000B(角色移动意图) send!
[14:19:18] [Client/GameBox/sendTargetPos/INFO]: targetX: 1059.0/targetY: 2340.0
[14:19:18] [Client/GameBox/updateTarget/INFO]: receive Package 000C(角色目标)
[14:19:18] [Client/GameBox/updateTarget/INFO]: targetX: 1061/targetY 2338
[14:19:18] [Client/GameBox/sendTargetPos/INFO]: package 000B(角色移动意图) send!
[14:19:18] [Client/GameBox/sendTargetPos/INFO]: targetX: 1061.0/targetY: 2338.0
[14:19:18] [Client/GameBox/updateTarget/INFO]: receive Package 000C(角色目标)
[14:19:18] [Client/GameBox/updateTarget/INFO]: targetX: 1062/targetY 2337
[14:19:18] [Client/GameBox/sendTargetPos/INFO]: package 000B(角色移动意图) send!
[14:19:18] [Client/GameBox/sendTargetPos/INFO]: targetX: 1062.0/targetY: 2337.0
[14:19:19] [Client/GameBox/updateTarget/INFO]: receive Package 000C(角色目标)
[14:19:19] [Client/GameBox/updateTarget/INFO]: targetX: 1064/targetY 2336
[14:19:19] [Client/GameBox/sendTargetPos/INFO]: package 000B(角色移动意图) send!
[14:19:19] [Client/GameBox/sendTargetPos/INFO]: targetX: 1064.0/targetY: 2336.0
[14:19:19] [Client/GameBox/updateTarget/INFO]: receive Package 000C(角色目标)
[14:19:19] [Client/GameBox/updateTarget/INFO]: targetX: 1065/targetY 2335
[14:19:19] [Client/GameBox/sendTargetPos/INFO]: package 000B(角色移动意图) send!
[14:19:19] [Client/GameBox/sendTargetPos/INFO]: targetX: 1065.0/targetY: 2335.0
[14:19:19] [Client/GameBox/updateTarget/INFO]: receive Package 000C(角色目标)
[14:19:19] [Client/GameBox/updateTarget/INFO]: targetX: 1066/targetY 2334
[14:19:19] [Client/GameBox/sendTargetPos/INFO]: package 000B(角色移动意图) send!
[14:19:19] [Client/GameBox/sendTargetPos/INFO]: targetX: 1066.0/targetY: 2334.0
[14:19:19] [Client/GameBox/updateTarget/INFO]: receive Package 000C(角色目标)
[14:19:19] [Client/GameBox/updateTarget/INFO]: targetX: 1067/targetY 2333
[14:19:19] [Client/GameBox/sendTargetPos/INFO]: package 000B(角色移动意图) send!
[14:19:19] [Client/GameBox/sendTargetPos/INFO]: targetX: 1067.0/targetY: 2333.0
[14:19:20] [Client/GameBox/updateTarget/INFO]: receive Package 000C(角色目标)
[14:19:20] [Client/GameBox/updateTarget/INFO]: targetX: 1127/targetY 2918
[14:19:20] [Client/GameBox/sendTargetPos/INFO]: package 000B(角色移动意图) send!
[14:19:20] [Client/GameBox/sendTargetPos/INFO]: targetX: 1127.0/targetY: 2918.0
[14:19:20] [Client/GameBox/updateTarget/INFO]: receive Package 000C(角色目标)
[14:19:20] [Client/GameBox/updateTarget/INFO]: targetX: 1129/targetY 2919
[14:19:20] [Client/GameBox/sendTargetPos/INFO]: package 000B(角色移动意图) send!
[14:19:20] [Client/GameBox/sendTargetPos/INFO]: targetX: 1129.0/targetY: 2919.0
[14:19:21] [Client/GameBox/updateTarget/INFO]: receive Package 000C(角色目标)
[14:19:21] [Client/GameBox/updateTarget/INFO]: targetX: 1280/targetY 2705
[14:19:21] [Client/GameBox/sendTargetPos/INFO]: package 000B(角色移动意图) send!
[14:19:21] [Client/GameBox/sendTargetPos/INFO]: targetX: 1280.0/targetY: 2705.0
[14:19:21] [Client/GameBox/updateTarget/INFO]: receive Package 000C(角色目标)
[14:19:21] [Client/GameBox/updateTarget/INFO]: targetX: 1281/targetY 2706
[14:19:21] [Client/GameBox/sendTargetPos/INFO]: package 000B(角色移动意图) send!
[14:19:21] [Client/GameBox/sendTargetPos/INFO]: targetX: 1281.0/targetY: 2706.0
[14:19:21] [Client/GameBox/updateTarget/INFO]: receive Package 000C(角色目标)
[14:19:21] [Client/GameBox/updateTarget/INFO]: targetX: 1283/targetY 2706
[14:19:21] [Client/GameBox/sendTargetPos/INFO]: package 000B(角色移动意图) send!
[14:19:21] [Client/GameBox/sendTargetPos/INFO]: targetX: 1283.0/targetY: 2706.0
[14:19:23] [Client/GameBox/updateTarget/INFO]: receive Package 000C(角色目标)
[14:19:23] [Client/GameBox/updateTarget/INFO]: targetX: 851/targetY 2312
[14:19:23] [Client/GameBox/sendTargetPos/INFO]: package 000B(角色移动意图) send!
[14:19:23] [Client/GameBox/sendTargetPos/INFO]: targetX: 851.0/targetY: 2312.0
[14:19:24] [Client/GameBox/updateTarget/INFO]: receive Package 000C(角色目标)
[14:19:24] [Client/GameBox/updateTarget/INFO]: targetX: 875/targetY 2291
[14:19:25] [Client/GameBox/sendTargetPos/INFO]: package 000B(角色移动意图) send!
[14:19:25] [Client/GameBox/sendTargetPos/INFO]: targetX: 875.0/targetY: 2291.0
[14:19:26] [Client/GameBox/updateTarget/INFO]: receive Package 000C(角色目标)
[14:19:26] [Client/GameBox/updateTarget/INFO]: targetX: 837/targetY 2252
[14:19:26] [Client/GameBox/sendTargetPos/INFO]: package 000B(角色移动意图) send!
[14:19:26] [Client/GameBox/sendTargetPos/INFO]: targetX: 837.0/targetY: 2252.0
[14:19:27] [Client/GameBox/updateTarget/INFO]: receive Package 000C(角色目标)
[14:19:27] [Client/GameBox/updateTarget/INFO]: targetX: 833/targetY 2172
[14:19:27] [Client/GameBox/sendTargetPos/INFO]: package 000B(角色移动意图) send!
[14:19:27] [Client/GameBox/sendTargetPos/INFO]: targetX: 833.0/targetY: 2172.0
[14:19:28] [Client/GameBox/updateTarget/INFO]: receive Package 000C(角色目标)
[14:19:28] [Client/GameBox/updateTarget/INFO]: targetX: 842/targetY 2108
[14:19:28] [Client/GameBox/sendTargetPos/INFO]: package 000B(角色移动意图) send!
[14:19:28] [Client/GameBox/sendTargetPos/INFO]: targetX: 842.0/targetY: 2108.0
[14:19:29] [Client/GameBox/updateTarget/INFO]: receive Package 000C(角色目标)
[14:19:29] [Client/GameBox/updateTarget/INFO]: targetX: 850/targetY 2051
[14:19:29] [Client/GameBox/sendTargetPos/INFO]: package 000B(角色移动意图) send!
[14:19:29] [Client/GameBox/sendTargetPos/INFO]: targetX: 850.0/targetY: 2051.0
[14:19:30] [Client/GameBox/updateTarget/INFO]: receive Package 000C(角色目标)
[14:19:30] [Client/GameBox/updateTarget/INFO]: targetX: 859/targetY 1987
[14:19:30] [Client/GameBox/sendTargetPos/INFO]: package 000B(角色移动意图) send!
[14:19:30] [Client/GameBox/sendTargetPos/INFO]: targetX: 859.0/targetY: 1987.0
[14:19:31] [Client/GameBox/updateTarget/INFO]: receive Package 000C(角色目标)
[14:19:31] [Client/GameBox/updateTarget/INFO]: targetX: 869/targetY 1916
[14:19:31] [Client/GameBox/sendTargetPos/INFO]: package 000B(角色移动意图) send!
[14:19:31] [Client/GameBox/sendTargetPos/INFO]: targetX: 869.0/targetY: 1916.0
[14:19:33] [Client/GameBox/updateTarget/INFO]: receive Package 000C(角色目标)
[14:19:33] [Client/GameBox/updateTarget/INFO]: targetX: 416/targetY 1823
[14:19:33] [Client/GameBox/sendTargetPos/INFO]: package 000B(角色移动意图) send!
[14:19:33] [Client/GameBox/sendTargetPos/INFO]: targetX: 416.0/targetY: 1823.0
[14:19:34] [Client/GameBox/updateTarget/INFO]: receive Package 000C(角色目标)
[14:19:34] [Client/GameBox/updateTarget/INFO]: targetX: 428/targetY 1832
[14:19:34] [Client/GameBox/sendTargetPos/INFO]: package 000B(角色移动意图) send!
[14:19:34] [Client/GameBox/sendTargetPos/INFO]: targetX: 428.0/targetY: 1832.0
[14:19:37] [Client/GameBox/updateTarget/INFO]: receive Package 000C(角色目标)
[14:19:37] [Client/GameBox/updateTarget/INFO]: targetX: 663/targetY 1818
[14:19:37] [Client/GameBox/sendTargetPos/INFO]: package 000B(角色移动意图) send!
[14:19:37] [Client/GameBox/sendTargetPos/INFO]: targetX: 663.0/targetY: 1818.0
[14:19:37] [Client/GameBox/updateTarget/INFO]: receive Package 000C(角色目标)
[14:19:37] [Client/GameBox/updateTarget/INFO]: targetX: 784/targetY 1824
[14:19:37] [Client/GameBox/sendTargetPos/INFO]: package 000B(角色移动意图) send!
[14:19:38] [Client/GameBox/sendTargetPos/INFO]: targetX: 784.0/targetY: 1824.0
[14:19:39] [Client/GameBox/updateTarget/INFO]: receive Package 000C(角色目标)
[14:19:39] [Client/GameBox/updateTarget/INFO]: targetX: 843/targetY 1843
[14:19:39] [Client/GameBox/sendTargetPos/INFO]: package 000B(角色移动意图) send!
[14:19:39] [Client/GameBox/sendTargetPos/INFO]: targetX: 843.0/targetY: 1843.0
[14:19:41] [Client/GameBox/updateTarget/INFO]: receive Package 000C(角色目标)
[14:19:41] [Client/GameBox/updateTarget/INFO]: targetX: 1256/targetY 2105
[14:19:41] [Client/GameBox/sendTargetPos/INFO]: package 000B(角色移动意图) send!
[14:19:41] [Client/GameBox/sendTargetPos/INFO]: targetX: 1256.0/targetY: 2105.0
[14:19:42] [Client/GameBox/updateTarget/INFO]: receive Package 000C(角色目标)
[14:19:42] [Client/GameBox/updateTarget/INFO]: targetX: 1264/targetY 2100
[14:19:42] [Client/GameBox/sendTargetPos/INFO]: package 000B(角色移动意图) send!
[14:19:42] [Client/GameBox/sendTargetPos/INFO]: targetX: 1264.0/targetY: 2100.0
[14:19:43] [Client/GameBox/updateTarget/INFO]: receive Package 000C(角色目标)
[14:19:43] [Client/GameBox/updateTarget/INFO]: targetX: 1321/targetY 2053
[14:19:43] [Client/GameBox/sendTargetPos/INFO]: package 000B(角色移动意图) send!
[14:19:43] [Client/GameBox/sendTargetPos/INFO]: targetX: 1321.0/targetY: 2053.0
[14:19:44] [Client/GameBox/updateTarget/INFO]: receive Package 000C(角色目标)
[14:19:44] [Client/GameBox/updateTarget/INFO]: targetX: 1331/targetY 2046
[14:19:44] [Client/GameBox/sendTargetPos/INFO]: package 000B(角色移动意图) send!
[14:19:44] [Client/GameBox/sendTargetPos/INFO]: targetX: 1331.0/targetY: 2046.0
[14:19:45] [Client/GameBox/updateTarget/INFO]: receive Package 000C(角色目标)
[14:19:45] [Client/GameBox/updateTarget/INFO]: targetX: 1345/targetY 2036
[14:19:45] [Client/GameBox/sendTargetPos/INFO]: package 000B(角色移动意图) send!
[14:19:45] [Client/GameBox/sendTargetPos/INFO]: targetX: 1345.0/targetY: 2036.0
[14:19:50] [Client/GameBox/updateTarget/INFO]: receive Package 000C(角色目标)
[14:19:50] [Client/GameBox/updateTarget/INFO]: targetX: 1390/targetY 2003
[14:19:50] [Client/GameBox/sendTargetPos/INFO]: package 000B(角色移动意图) send!
[14:19:50] [Client/GameBox/sendTargetPos/INFO]: targetX: 1390.0/targetY: 2003.0
[14:19:51] [Client/GameBox/updateTarget/INFO]: receive Package 000C(角色目标)
[14:19:51] [Client/GameBox/updateTarget/INFO]: targetX: 1400/targetY 1958
[14:19:51] [Client/GameBox/sendTargetPos/INFO]: package 000B(角色移动意图) send!
[14:19:51] [Client/GameBox/sendTargetPos/INFO]: targetX: 1400.0/targetY: 1958.0
[14:19:52] [Client/GameBox/updateTarget/INFO]: receive Package 000C(角色目标)
[14:19:52] [Client/GameBox/updateTarget/INFO]: targetX: 1290/targetY 1919
[14:19:52] [Client/GameBox/sendTargetPos/INFO]: package 000B(角色移动意图) send!
[14:19:52] [Client/GameBox/sendTargetPos/INFO]: targetX: 1290.0/targetY: 1919.0
[14:19:55] [Client/GameBox/updateTarget/INFO]: receive Package 000C(角色目标)
[14:19:55] [Client/GameBox/updateTarget/INFO]: targetX: 1247/targetY 1868
[14:19:55] [Client/GameBox/sendTargetPos/INFO]: package 000B(角色移动意图) send!
[14:19:55] [Client/GameBox/sendTargetPos/INFO]: targetX: 1247.0/targetY: 1868.0
[14:19:56] [Client/GameBox/updateTarget/INFO]: receive Package 000C(角色目标)
[14:19:56] [Client/GameBox/updateTarget/INFO]: targetX: 1198/targetY 1842
[14:19:56] [Client/GameBox/sendTargetPos/INFO]: package 000B(角色移动意图) send!
[14:19:56] [Client/GameBox/sendTargetPos/INFO]: targetX: 1198.0/targetY: 1842.0
[14:19:58] [Client/GameBox/updateTarget/INFO]: receive Package 000C(角色目标)
[14:19:58] [Client/GameBox/updateTarget/INFO]: targetX: 1127/targetY 1801
[14:19:58] [Client/GameBox/sendTargetPos/INFO]: package 000B(角色移动意图) send!
[14:19:58] [Client/GameBox/sendTargetPos/INFO]: targetX: 1127.0/targetY: 1801.0
[14:19:59] [Client/GameBox/updateTarget/INFO]: receive Package 000C(角色目标)
[14:19:59] [Client/GameBox/updateTarget/INFO]: targetX: 1096/targetY 1679
[14:19:59] [Client/GameBox/sendTargetPos/INFO]: package 000B(角色移动意图) send!
[14:19:59] [Client/GameBox/sendTargetPos/INFO]: targetX: 1096.0/targetY: 1679.0
[14:20:00] [Client/GameBox/updateTarget/INFO]: receive Package 000C(角色目标)
[14:20:00] [Client/GameBox/updateTarget/INFO]: targetX: 1271/targetY 2098
[14:20:00] [Client/GameBox/sendTargetPos/INFO]: package 000B(角色移动意图) send!
[14:20:00] [Client/GameBox/sendTargetPos/INFO]: targetX: 1271.0/targetY: 2098.0
[14:20:08] [Client/GameBox/updateTarget/INFO]: receive Package 000C(角色目标)
[14:20:08] [Client/GameBox/updateTarget/INFO]: targetX: 1312/targetY 1911
[14:20:08] [Client/GameBox/sendTargetPos/INFO]: package 000B(角色移动意图) send!
[14:20:09] [Client/GameBox/sendTargetPos/INFO]: targetX: 1312.0/targetY: 1911.0
[14:20:10] [Client/GameBox/updateTarget/INFO]: receive Package 000C(角色目标)
[14:20:10] [Client/GameBox/updateTarget/INFO]: targetX: 1262/targetY 1839
[14:20:10] [Client/GameBox/sendTargetPos/INFO]: package 000B(角色移动意图) send!
[14:20:10] [Client/GameBox/sendTargetPos/INFO]: targetX: 1262.0/targetY: 1839.0
[14:20:19] [Client/GameBox/updateTarget/INFO]: receive Package 000C(角色目标)
[14:20:19] [Client/GameBox/updateTarget/INFO]: targetX: 1582/targetY 317
[14:20:19] [Client/GameBox/sendTargetPos/INFO]: package 000B(角色移动意图) send!
[14:20:19] [Client/GameBox/sendTargetPos/INFO]: targetX: 1582.0/targetY: 317.0
[14:20:21] [Client/GameBox/updateTarget/INFO]: receive Package 000C(角色目标)
[14:20:21] [Client/GameBox/updateTarget/INFO]: targetX: 1637/targetY -229
[14:20:21] [Client/GameBox/sendTargetPos/INFO]: package 000B(角色移动意图) send!
[14:20:21] [Client/GameBox/sendTargetPos/INFO]: targetX: 1637.0/targetY: -229.0
[14:20:24] [Client/GameBox/updateTarget/INFO]: receive Package 000C(角色目标)
[14:20:24] [Client/GameBox/updateTarget/INFO]: targetX: 1677/targetY -14
[14:20:24] [Client/GameBox/sendTargetPos/INFO]: package 000B(角色移动意图) send!
[14:20:24] [Client/GameBox/sendTargetPos/INFO]: targetX: 1677.0/targetY: -14.0
[14:20:25] [Client/GameBox/updateTarget/INFO]: receive Package 000C(角色目标)
[14:20:25] [Client/GameBox/updateTarget/INFO]: targetX: 1710/targetY 107
[14:20:25] [Client/GameBox/sendTargetPos/INFO]: package 000B(角色移动意图) send!
[14:20:25] [Client/GameBox/sendTargetPos/INFO]: targetX: 1710.0/targetY: 107.0
[14:20:26] [Client/GameBox/updateTarget/INFO]: receive Package 000C(角色目标)
[14:20:26] [Client/GameBox/updateTarget/INFO]: targetX: 1754/targetY -155
[14:20:26] [Client/GameBox/sendTargetPos/INFO]: package 000B(角色移动意图) send!
[14:20:26] [Client/GameBox/sendTargetPos/INFO]: targetX: 1754.0/targetY: -155.0
[14:20:27] [Client/GameBox/updateTarget/INFO]: receive Package 000C(角色目标)
[14:20:27] [Client/GameBox/updateTarget/INFO]: targetX: 1755/targetY 111
[14:20:27] [Client/GameBox/sendTargetPos/INFO]: package 000B(角色移动意图) send!
[14:20:27] [Client/GameBox/sendTargetPos/INFO]: targetX: 1755.0/targetY: 111.0
[14:20:27] [Client/GameBox/updateTarget/INFO]: receive Package 000C(角色目标)
[14:20:27] [Client/GameBox/updateTarget/INFO]: targetX: 1770/targetY -147
[14:20:27] [Client/GameBox/sendTargetPos/INFO]: package 000B(角色移动意图) send!
[14:20:27] [Client/GameBox/sendTargetPos/INFO]: targetX: 1770.0/targetY: -147.0
[14:20:28] [Client/GameBox/updateTarget/INFO]: receive Package 000C(角色目标)
[14:20:28] [Client/GameBox/updateTarget/INFO]: targetX: 1765/targetY 27
[14:20:28] [Client/GameBox/sendTargetPos/INFO]: package 000B(角色移动意图) send!
[14:20:28] [Client/GameBox/sendTargetPos/INFO]: targetX: 1765.0/targetY: 27.0
[14:20:28] [Client/GameBox/updateTarget/INFO]: receive Package 000C(角色目标)
[14:20:28] [Client/GameBox/updateTarget/INFO]: targetX: 1749/targetY -233
[14:20:28] [Client/GameBox/sendTargetPos/INFO]: package 000B(角色移动意图) send!
[14:20:28] [Client/GameBox/sendTargetPos/INFO]: targetX: 1749.0/targetY: -233.0
[14:20:28] [Client/GameBox/updateTarget/INFO]: receive Package 000C(角色目标)
[14:20:29] [Client/GameBox/updateTarget/INFO]: targetX: 1709/targetY 137
[14:20:29] [Client/GameBox/sendTargetPos/INFO]: package 000B(角色移动意图) send!
[14:20:29] [Client/GameBox/sendTargetPos/INFO]: targetX: 1709.0/targetY: 137.0
[14:20:29] [Client/GameBox/updateTarget/INFO]: receive Package 000C(角色目标)
[14:20:29] [Client/GameBox/updateTarget/INFO]: targetX: 1768/targetY -221
[14:20:29] [Client/GameBox/sendTargetPos/INFO]: package 000B(角色移动意图) send!
[14:20:29] [Client/GameBox/sendTargetPos/INFO]: targetX: 1768.0/targetY: -221.0
[14:20:29] [Client/GameBox/updateTarget/INFO]: receive Package 000C(角色目标)
[14:20:29] [Client/GameBox/updateTarget/INFO]: targetX: 1724/targetY 95
[14:20:30] [Client/GameBox/sendTargetPos/INFO]: package 000B(角色移动意图) send!
[14:20:30] [Client/GameBox/sendTargetPos/INFO]: targetX: 1724.0/targetY: 95.0
[14:20:30] [Client/GameBox/updateTarget/INFO]: receive Package 000C(角色目标)
[14:20:30] [Client/GameBox/updateTarget/INFO]: targetX: 1715/targetY -124
[14:20:30] [Client/GameBox/sendTargetPos/INFO]: package 000B(角色移动意图) send!
[14:20:30] [Client/GameBox/sendTargetPos/INFO]: targetX: 1715.0/targetY: -124.0
[14:20:30] [Client/GameBox/updateTarget/INFO]: receive Package 000C(角色目标)
[14:20:31] [Client/GameBox/updateTarget/INFO]: targetX: 1735/targetY 130
[14:20:31] [Client/GameBox/sendTargetPos/INFO]: package 000B(角色移动意图) send!
[14:20:31] [Client/GameBox/sendTargetPos/INFO]: targetX: 1735.0/targetY: 130.0
[14:20:31] [Client/GameBox/updateTarget/INFO]: receive Package 000C(角色目标)
[14:20:31] [Client/GameBox/updateTarget/INFO]: targetX: 1757/targetY -123
[14:20:31] [Client/GameBox/sendTargetPos/INFO]: package 000B(角色移动意图) send!
[14:20:31] [Client/GameBox/sendTargetPos/INFO]: targetX: 1757.0/targetY: -123.0
[14:20:45] [Client/GameBox/updateTarget/INFO]: receive Package 000C(角色目标)
[14:20:45] [Client/GameBox/updateTarget/INFO]: targetX: 1882/targetY 288
[14:20:45] [Client/GameBox/sendTargetPos/INFO]: package 000B(角色移动意图) send!
[14:20:45] [Client/GameBox/sendTargetPos/INFO]: targetX: 1882.0/targetY: 288.0
