[21:48:05] [ClientServer/ClientMain/KERNEL]: 0.开始建立网络连接…………
[21:48:06] [ClientServer/ClientMain/KERNEL]: 1.网络连接成功!
[21:48:06] [ClientServer/ClientMain/KERNEL]: 2.发送0000包，确认对方是否为服务器Gate端
[21:48:06] [ClientServer/ClientDecoder/INFO]: Receive a package 0001(回应连接请求)
[21:48:06] [ClientServer/ClientDecoder/INFO]: package 0001: 1
[21:48:06] [ClientSever/LoginBox/serverState/INFO]: Receive a package 0001(回应连接请求)
[21:48:06] [ClientSever/LoginBox/serverState/INFO]: package 0001: 1
[21:48:06] [ClientServer/ClientMain/KERNEL]: 3.收到0001包，确认对方为服务器Gate端
[21:48:06] [ClientServer/ClientMain/KERNEL]: 4.初始化loginBox登陆界面
[21:48:09] [ClientServer/LoginBox/INFO]: package 0004(注册信息) send!
[21:48:10] [ClientServer/ClientDecoder/INFO]: Receive a package 0005(注册结果)
[21:48:10] [ClientServer/ClientDecoder/INFO]: package 0005: true
[21:48:10] [ClientServer/LoginBox/onRegistResponse/INFO]: Receive a package 0005(注册结果)
[21:48:10] [ClientServer/LoginBox/onRegistResponse/INFO]: package 0005: true
[21:48:12] [ClientServer/LoginBox/INFO]: package 0002(登陆信息) send!
[21:48:13] [ClientServer/ClientDecoder/INFO]: Receive a package 0003(登陆反馈)
[21:48:13] [ClientServer/ClientDecoder/INFO]: package 0003: true
[21:48:13] [ClientServer/LoginBox/onLoginResponse/INFO]: Receive a package 0003(登陆反馈)
[21:48:13] [ClientServer/LoginBox/onLoginResponse/INFO]: package 0003: true
[21:48:14] [ClientServer/ClientDecoder/INFO]: Receive a package 0006(角色预加载――空包)
[21:48:14] [ClientServer/LoginBox/noMorePackage/INFO]: Receive a package 0006(角色预加载: 这是最后一个空包
[21:48:19] [ClientServer/LoginBox/INFO]: package 0008(创建角色) send!
[21:48:19] [ClientServer/LoginBox/INFO]: userID: 1name: 123
[21:48:20] [ClientServer/ClientDecoder/INFO]: Receive a package 0009(角色创建结果)
[21:48:20] [ClientServer/ClientDecoder/INFO]: package 0009: true
[21:48:21] [ClientServer/LoginBox/onCreatResponse/INFO]: Receive a package 0009(角色创建结果)
[21:48:22] [ClientServer/ClientDecoder/INFO]: Receive a package 0006(角色预加载)
[21:48:22] [ClientServer/ClientDecoder/INFO]: package 0006: /id: 10/name: 123/level: 1/gender: 1
[21:48:22] [ClientSever/LoginBox/addCharacter/INFO]: Receive a package 0006(角色预加载)
[21:48:29] [ClientServer/LoginBox/INFO]: package 0007(角色选择) send!
[21:48:29] [ClientServer/ClientMain/KERNEL]: 5.登陆结束
[21:48:29] [ClientServer/ClientMain/KERNEL]: 6.开始游戏，启动gameBox
[21:48:29] [ClientServer/ClientDecoder/INFO]: Receive a package 000A(游戏中所有玩家信息)
[21:48:29] [ClientServer/ClientDecoder/INFO]: package 000A: /id: 10/name: 123       /level: 1/gender: 1/posX: 0/posY: 0
[21:48:30] [ClientServer/GameBox/startGame/KERNEL]: 接收主角详细信息(000A):关闭加载窗口,开始游戏!
[21:48:31] [Client/GameBox/updateTarget/INFO]: receive Package 000C(角色目标)
[21:48:31] [Client/GameBox/updateTarget/INFO]: targetX: 485/targetY 268
[21:48:31] [Client/GameBox/sendTargetPos/INFO]: package 000B(角色移动意图) send!
[21:48:31] [Client/GameBox/sendTargetPos/INFO]: targetX: 485.0/targetY: 268.0
[21:48:34] [Client/GameBox/updateTarget/INFO]: receive Package 000C(角色目标)
[21:48:34] [Client/GameBox/updateTarget/INFO]: targetX: 1112/targetY 497
[21:48:34] [Client/GameBox/sendTargetPos/INFO]: package 000B(角色移动意图) send!
[21:48:34] [Client/GameBox/sendTargetPos/INFO]: targetX: 1112.0/targetY: 497.0
[21:48:36] [Client/GameBox/updateTarget/INFO]: receive Package 000C(角色目标)
[21:48:36] [Client/GameBox/updateTarget/INFO]: targetX: 1568/targetY 442
[21:48:36] [Client/GameBox/sendTargetPos/INFO]: package 000B(角色移动意图) send!
[21:48:36] [Client/GameBox/sendTargetPos/INFO]: targetX: 1568.0/targetY: 442.0
[21:48:38] [Client/GameBox/updateTarget/INFO]: receive Package 000C(角色目标)
[21:48:38] [Client/GameBox/updateTarget/INFO]: targetX: 1722/targetY 659
[21:48:38] [Client/GameBox/sendTargetPos/INFO]: package 000B(角色移动意图) send!
[21:48:38] [Client/GameBox/sendTargetPos/INFO]: targetX: 1722.0/targetY: 659.0
[21:48:40] [Client/GameBox/updateTarget/INFO]: receive Package 000C(角色目标)
[21:48:40] [Client/GameBox/updateTarget/INFO]: targetX: 1282/targetY 636
[21:48:40] [Client/GameBox/sendTargetPos/INFO]: package 000B(角色移动意图) send!
[21:48:40] [Client/GameBox/sendTargetPos/INFO]: targetX: 1282.0/targetY: 636.0
[21:48:42] [Client/GameBox/updateTarget/INFO]: receive Package 000C(角色目标)
[21:48:42] [Client/GameBox/updateTarget/INFO]: targetX: 893/targetY 619
[21:48:42] [Client/GameBox/sendTargetPos/INFO]: package 000B(角色移动意图) send!
[21:48:42] [Client/GameBox/sendTargetPos/INFO]: targetX: 893.0/targetY: 619.0
[21:48:45] [Client/GameBox/updateTarget/INFO]: receive Package 000C(角色目标)
[21:48:45] [Client/GameBox/updateTarget/INFO]: targetX: 1269/targetY 333
[21:48:45] [Client/GameBox/sendTargetPos/INFO]: package 000B(角色移动意图) send!
[21:48:45] [Client/GameBox/sendTargetPos/INFO]: targetX: 1269.0/targetY: 333.0
[21:48:49] [Client/GameBox/updateTarget/INFO]: receive Package 000C(角色目标)
[21:48:49] [Client/GameBox/updateTarget/INFO]: targetX: 1713/targetY 138
[21:48:49] [Client/GameBox/sendTargetPos/INFO]: package 000B(角色移动意图) send!
[21:48:49] [Client/GameBox/sendTargetPos/INFO]: targetX: 1713.0/targetY: 138.0
[21:48:53] [Client/GameBox/updateTarget/INFO]: receive Package 000C(角色目标)
[21:48:53] [Client/GameBox/updateTarget/INFO]: targetX: 2201/targetY 339
[21:48:53] [Client/GameBox/sendTargetPos/INFO]: package 000B(角色移动意图) send!
[21:48:53] [Client/GameBox/sendTargetPos/INFO]: targetX: 2201.0/targetY: 339.0
[21:48:58] [Client/GameBox/updateTarget/INFO]: receive Package 000C(角色目标)
[21:48:58] [Client/GameBox/updateTarget/INFO]: targetX: 2375/targetY 623
[21:48:58] [Client/GameBox/sendTargetPos/INFO]: package 000B(角色移动意图) send!
[21:48:58] [Client/GameBox/sendTargetPos/INFO]: targetX: 2375.0/targetY: 623.0
[21:48:59] [Client/GameBox/updateTarget/INFO]: receive Package 000C(角色目标)
[21:48:59] [Client/GameBox/updateTarget/INFO]: targetX: 1742/targetY 580
[21:48:59] [Client/GameBox/sendTargetPos/INFO]: package 000B(角色移动意图) send!
[21:48:59] [Client/GameBox/sendTargetPos/INFO]: targetX: 1742.0/targetY: 580.0
[21:49:01] [Client/GameBox/updateTarget/INFO]: receive Package 000C(角色目标)
[21:49:01] [Client/GameBox/updateTarget/INFO]: targetX: 1270/targetY 635
[21:49:01] [Client/GameBox/sendTargetPos/INFO]: package 000B(角色移动意图) send!
[21:49:01] [Client/GameBox/sendTargetPos/INFO]: targetX: 1270.0/targetY: 635.0
[21:49:05] [ClientServer/ClientDecoder/INFO]: Receive a package 000F(全局喇叭信息)
[21:49:05] [ClientServer/ClientDecoder/INFO]: speakerID: 10/message: 123123
[21:49:09] [Client/GameBox/updateTarget/INFO]: receive Package 000C(角色目标)
[21:49:09] [Client/GameBox/updateTarget/INFO]: targetX: 1569/targetY 392
[21:49:09] [Client/GameBox/sendTargetPos/INFO]: package 000B(角色移动意图) send!
[21:49:09] [Client/GameBox/sendTargetPos/INFO]: targetX: 1569.0/targetY: 392.0
[21:49:11] [Client/GameBox/updateTarget/INFO]: receive Package 000C(角色目标)
[21:49:11] [Client/GameBox/updateTarget/INFO]: targetX: 1846/targetY 271
[21:49:11] [Client/GameBox/sendTargetPos/INFO]: package 000B(角色移动意图) send!
[21:49:11] [Client/GameBox/sendTargetPos/INFO]: targetX: 1846.0/targetY: 271.0
[21:49:12] [Client/GameBox/updateTarget/INFO]: receive Package 000C(角色目标)
[21:49:12] [Client/GameBox/updateTarget/INFO]: targetX: 1957/targetY 377
[21:49:12] [Client/GameBox/sendTargetPos/INFO]: package 000B(角色移动意图) send!
[21:49:12] [Client/GameBox/sendTargetPos/INFO]: targetX: 1957.0/targetY: 377.0
[21:49:18] [ClientServer/ClientDecoder/INFO]: Receive a package 000F(全局喇叭信息)
[21:49:18] [ClientServer/ClientDecoder/INFO]: speakerID: 10/message: 附近的开发进度款
[21:49:27] [ClientServer/ClientDecoder/INFO]: Receive a package 000F(全局喇叭信息)
[21:49:27] [ClientServer/ClientDecoder/INFO]: speakerID: 10/message: 哈哈哈
[21:49:36] [ClientServer/ClientDecoder/INFO]: Receive a package 000F(全局喇叭信息)
[21:49:36] [ClientServer/ClientDecoder/INFO]: speakerID: 10/message: 尼玛
[21:50:14] [Client/GameBox/updateTarget/INFO]: receive Package 000C(角色目标)
[21:50:14] [Client/GameBox/updateTarget/INFO]: targetX: 1584/targetY 355
[21:50:14] [Client/GameBox/sendTargetPos/INFO]: package 000B(角色移动意图) send!
[21:50:14] [Client/GameBox/sendTargetPos/INFO]: targetX: 1584.0/targetY: 355.0
[21:50:15] [Client/GameBox/updateTarget/INFO]: receive Package 000C(角色目标)
[21:50:15] [Client/GameBox/updateTarget/INFO]: targetX: 1296/targetY 389
[21:50:15] [Client/GameBox/sendTargetPos/INFO]: package 000B(角色移动意图) send!
[21:50:15] [Client/GameBox/sendTargetPos/INFO]: targetX: 1296.0/targetY: 389.0
[21:50:19] [Client/GameBox/updateTarget/INFO]: receive Package 000C(角色目标)
[21:50:19] [Client/GameBox/updateTarget/INFO]: targetX: 1802/targetY 482
[21:50:19] [Client/GameBox/sendTargetPos/INFO]: package 000B(角色移动意图) send!
[21:50:20] [Client/GameBox/sendTargetPos/INFO]: targetX: 1802.0/targetY: 482.0
[21:50:21] [Client/GameBox/updateTarget/INFO]: receive Package 000C(角色目标)
[21:50:21] [Client/GameBox/updateTarget/INFO]: targetX: 1910/targetY 724
[21:50:21] [Client/GameBox/sendTargetPos/INFO]: package 000B(角色移动意图) send!
[21:50:21] [Client/GameBox/sendTargetPos/INFO]: targetX: 1910.0/targetY: 724.0
[21:50:23] [Client/GameBox/updateTarget/INFO]: receive Package 000C(角色目标)
[21:50:23] [Client/GameBox/updateTarget/INFO]: targetX: 1413/targetY 747
[21:50:23] [Client/GameBox/sendTargetPos/INFO]: package 000B(角色移动意图) send!
[21:50:23] [Client/GameBox/sendTargetPos/INFO]: targetX: 1413.0/targetY: 747.0
[21:50:25] [Client/GameBox/updateTarget/INFO]: receive Package 000C(角色目标)
[21:50:25] [Client/GameBox/updateTarget/INFO]: targetX: 875/targetY 775
[21:50:25] [Client/GameBox/sendTargetPos/INFO]: package 000B(角色移动意图) send!
[21:50:25] [Client/GameBox/sendTargetPos/INFO]: targetX: 875.0/targetY: 775.0
[21:50:28] [Client/GameBox/updateTarget/INFO]: receive Package 000C(角色目标)
[21:50:28] [Client/GameBox/updateTarget/INFO]: targetX: 1096/targetY 1033
[21:50:28] [Client/GameBox/sendTargetPos/INFO]: package 000B(角色移动意图) send!
[21:50:28] [Client/GameBox/sendTargetPos/INFO]: targetX: 1096.0/targetY: 1033.0
[21:50:30] [Client/GameBox/updateTarget/INFO]: receive Package 000C(角色目标)
[21:50:30] [Client/GameBox/updateTarget/INFO]: targetX: 1446/targetY 885
[21:50:30] [Client/GameBox/sendTargetPos/INFO]: package 000B(角色移动意图) send!
[21:50:30] [Client/GameBox/sendTargetPos/INFO]: targetX: 1446.0/targetY: 885.0
[21:50:32] [Client/GameBox/updateTarget/INFO]: receive Package 000C(角色目标)
[21:50:32] [Client/GameBox/updateTarget/INFO]: targetX: 1717/targetY 599
[21:50:32] [Client/GameBox/sendTargetPos/INFO]: package 000B(角色移动意图) send!
[21:50:32] [Client/GameBox/sendTargetPos/INFO]: targetX: 1717.0/targetY: 599.0
[21:50:36] [ClientServer/ClientDecoder/INFO]: Receive a package 000F(全局喇叭信息)
[21:50:36] [ClientServer/ClientDecoder/INFO]: speakerID: 10/message: 尼玛
[21:50:43] [ClientServer/ClientDecoder/INFO]: Receive a package 000A(游戏中所有玩家信息)
[21:50:43] [ClientServer/ClientDecoder/INFO]: package 000A: /id: 11/name: wp1       /level: 1/gender: 1/posX: 0/posY: 0
[21:50:51] [Client/GameBox/updateTarget/INFO]: receive Package 000C(角色目标)
[21:50:51] [Client/GameBox/updateTarget/INFO]: targetX: 1358/targetY 490
[21:50:51] [Client/GameBox/sendTargetPos/INFO]: package 000B(角色移动意图) send!
[21:50:51] [Client/GameBox/sendTargetPos/INFO]: targetX: 1358.0/targetY: 490.0
[21:50:53] [Client/GameBox/updateTarget/INFO]: receive Package 000C(角色目标)
[21:50:53] [Client/GameBox/updateTarget/INFO]: targetX: 987/targetY 350
[21:50:53] [Client/GameBox/sendTargetPos/INFO]: package 000B(角色移动意图) send!
[21:50:53] [Client/GameBox/sendTargetPos/INFO]: targetX: 987.0/targetY: 350.0
[21:50:54] [Client/GameBox/updateTarget/INFO]: receive Package 000C(角色目标)
[21:50:54] [Client/GameBox/updateTarget/INFO]: targetX: 744/targetY 232
[21:50:54] [Client/GameBox/sendTargetPos/INFO]: package 000B(角色移动意图) send!
[21:50:54] [Client/GameBox/sendTargetPos/INFO]: targetX: 744.0/targetY: 232.0
[21:50:56] [Client/GameBox/updateTarget/INFO]: receive Package 000C(角色目标)
[21:50:56] [Client/GameBox/updateTarget/INFO]: targetX: 289/targetY 135
[21:50:56] [Client/GameBox/sendTargetPos/INFO]: package 000B(角色移动意图) send!
[21:50:56] [Client/GameBox/sendTargetPos/INFO]: targetX: 289.0/targetY: 135.0
[21:52:01] [Client/GameBox/updateTarget/INFO]: receive Package 000C(角色目标)
[21:52:02] [Client/GameBox/updateTarget/INFO]: targetX: 583/targetY 103
[21:52:02] [Client/GameBox/sendTargetPos/INFO]: package 000B(角色移动意图) send!
[21:52:02] [Client/GameBox/sendTargetPos/INFO]: targetX: 583.0/targetY: 103.0
[21:52:03] [Client/GameBox/updateTarget/INFO]: receive Package 000C(角色目标)
[21:52:03] [Client/GameBox/updateTarget/INFO]: targetX: 130/targetY 138
[21:52:03] [Client/GameBox/sendTargetPos/INFO]: package 000B(角色移动意图) send!
[21:52:03] [Client/GameBox/sendTargetPos/INFO]: targetX: 130.0/targetY: 138.0
[21:52:04] [Client/GameBox/updateTarget/INFO]: receive Package 000C(角色目标)
[21:52:04] [Client/GameBox/updateTarget/INFO]: targetX: 11/targetY 213
[21:52:04] [Client/GameBox/sendTargetPos/INFO]: package 000B(角色移动意图) send!
[21:52:04] [Client/GameBox/sendTargetPos/INFO]: targetX: 11.0/targetY: 213.0
[21:52:05] [Client/GameBox/updateTarget/INFO]: receive Package 000C(角色目标)
[21:52:05] [Client/GameBox/updateTarget/INFO]: targetX: 205/targetY 434
[21:52:05] [Client/GameBox/sendTargetPos/INFO]: package 000B(角色移动意图) send!
[21:52:05] [Client/GameBox/sendTargetPos/INFO]: targetX: 205.0/targetY: 434.0
[21:52:06] [Client/GameBox/updateTarget/INFO]: receive Package 000C(角色目标)
[21:52:06] [Client/GameBox/updateTarget/INFO]: targetX: 573/targetY 297
[21:52:06] [Client/GameBox/sendTargetPos/INFO]: package 000B(角色移动意图) send!
[21:52:06] [Client/GameBox/sendTargetPos/INFO]: targetX: 573.0/targetY: 297.0
[21:52:07] [Client/GameBox/updateTarget/INFO]: receive Package 000C(角色目标)
[21:52:07] [Client/GameBox/updateTarget/INFO]: targetX: 810/targetY 192
[21:52:07] [Client/GameBox/sendTargetPos/INFO]: package 000B(角色移动意图) send!
[21:52:07] [Client/GameBox/sendTargetPos/INFO]: targetX: 810.0/targetY: 192.0
[21:52:08] [Client/GameBox/updateTarget/INFO]: receive Package 000C(角色目标)
[21:52:08] [Client/GameBox/updateTarget/INFO]: targetX: 566/targetY 18
[21:52:08] [Client/GameBox/sendTargetPos/INFO]: package 000B(角色移动意图) send!
[21:52:08] [Client/GameBox/sendTargetPos/INFO]: targetX: 566.0/targetY: 18.0
[21:52:09] [Client/GameBox/updateTarget/INFO]: receive Package 000C(角色目标)
[21:52:09] [Client/GameBox/updateTarget/INFO]: targetX: 146/targetY 112
[21:52:09] [Client/GameBox/sendTargetPos/INFO]: package 000B(角色移动意图) send!
[21:52:09] [Client/GameBox/sendTargetPos/INFO]: targetX: 146.0/targetY: 112.0
[21:52:10] [Client/GameBox/updateTarget/INFO]: receive Package 000C(角色目标)
[21:52:10] [Client/GameBox/updateTarget/INFO]: targetX: 406/targetY 378
[21:52:10] [Client/GameBox/sendTargetPos/INFO]: package 000B(角色移动意图) send!
[21:52:10] [Client/GameBox/sendTargetPos/INFO]: targetX: 406.0/targetY: 378.0
[21:52:18] [Client/GameBox/updateTarget/INFO]: receive Package 000C(角色目标)
[21:52:18] [Client/GameBox/updateTarget/INFO]: targetX: 723/targetY 194
[21:52:18] [Client/GameBox/sendTargetPos/INFO]: package 000B(角色移动意图) send!
[21:52:18] [Client/GameBox/sendTargetPos/INFO]: targetX: 723.0/targetY: 194.0
[21:52:19] [Client/GameBox/updateTarget/INFO]: receive Package 000C(角色目标)
[21:52:19] [Client/GameBox/updateTarget/INFO]: targetX: 1092/targetY 195
[21:52:19] [Client/GameBox/sendTargetPos/INFO]: package 000B(角色移动意图) send!
[21:52:19] [Client/GameBox/sendTargetPos/INFO]: targetX: 1092.0/targetY: 195.0
[21:52:20] [Client/GameBox/updateTarget/INFO]: receive Package 000C(角色目标)
[21:52:20] [Client/GameBox/updateTarget/INFO]: targetX: 1284/targetY 279
[21:52:20] [Client/GameBox/sendTargetPos/INFO]: package 000B(角色移动意图) send!
[21:52:20] [Client/GameBox/sendTargetPos/INFO]: targetX: 1284.0/targetY: 279.0
[21:52:21] [Client/GameBox/updateTarget/INFO]: receive Package 000C(角色目标)
[21:52:21] [Client/GameBox/updateTarget/INFO]: targetX: 1322/targetY 438
[21:52:21] [Client/GameBox/sendTargetPos/INFO]: package 000B(角色移动意图) send!
[21:52:21] [Client/GameBox/sendTargetPos/INFO]: targetX: 1322.0/targetY: 438.0
[21:52:22] [Client/GameBox/updateTarget/INFO]: receive Package 000C(角色目标)
[21:52:22] [Client/GameBox/updateTarget/INFO]: targetX: 603/targetY 353
[21:52:22] [Client/GameBox/sendTargetPos/INFO]: package 000B(角色移动意图) send!
[21:52:22] [Client/GameBox/sendTargetPos/INFO]: targetX: 603.0/targetY: 353.0
[21:52:22] [Client/GameBox/updateTarget/INFO]: receive Package 000C(角色目标)
[21:52:23] [Client/GameBox/updateTarget/INFO]: targetX: 514/targetY 346
[21:52:23] [Client/GameBox/sendTargetPos/INFO]: package 000B(角色移动意图) send!
[21:52:23] [Client/GameBox/sendTargetPos/INFO]: targetX: 514.0/targetY: 346.0
[21:52:25] [Client/GameBox/updateTarget/INFO]: receive Package 000C(角色目标)
[21:52:25] [Client/GameBox/updateTarget/INFO]: targetX: 243/targetY 127
[21:52:25] [Client/GameBox/sendTargetPos/INFO]: package 000B(角色移动意图) send!
[21:52:25] [Client/GameBox/sendTargetPos/INFO]: targetX: 243.0/targetY: 127.0
[21:52:50] [Client/GameBox/updateTarget/INFO]: receive Package 000C(角色目标)
[21:52:50] [Client/GameBox/updateTarget/INFO]: targetX: 63/targetY 184
[21:52:50] [Client/GameBox/sendTargetPos/INFO]: package 000B(角色移动意图) send!
[21:52:50] [Client/GameBox/sendTargetPos/INFO]: targetX: 63.0/targetY: 184.0
[21:52:52] [Client/GameBox/updateTarget/INFO]: receive Package 000C(角色目标)
[21:52:52] [Client/GameBox/updateTarget/INFO]: targetX: 464/targetY 256
[21:52:52] [Client/GameBox/sendTargetPos/INFO]: package 000B(角色移动意图) send!
[21:52:52] [Client/GameBox/sendTargetPos/INFO]: targetX: 464.0/targetY: 256.0
[21:52:53] [Client/GameBox/updateTarget/INFO]: receive Package 000C(角色目标)
[21:52:53] [Client/GameBox/updateTarget/INFO]: targetX: 294/targetY 26
[21:52:53] [Client/GameBox/sendTargetPos/INFO]: package 000B(角色移动意图) send!
[21:52:53] [Client/GameBox/sendTargetPos/INFO]: targetX: 294.0/targetY: 26.0
[21:52:54] [Client/GameBox/updateTarget/INFO]: receive Package 000C(角色目标)
[21:52:54] [Client/GameBox/updateTarget/INFO]: targetX: 50/targetY 137
[21:52:54] [Client/GameBox/sendTargetPos/INFO]: package 000B(角色移动意图) send!
[21:52:54] [Client/GameBox/sendTargetPos/INFO]: targetX: 50.0/targetY: 137.0
[21:52:55] [Client/GameBox/updateTarget/INFO]: receive Package 000C(角色目标)
[21:52:55] [Client/GameBox/updateTarget/INFO]: targetX: 249/targetY 349
[21:52:55] [Client/GameBox/sendTargetPos/INFO]: package 000B(角色移动意图) send!
[21:52:55] [Client/GameBox/sendTargetPos/INFO]: targetX: 249.0/targetY: 349.0
[21:52:56] [Client/GameBox/updateTarget/INFO]: receive Package 000C(角色目标)
[21:52:56] [Client/GameBox/updateTarget/INFO]: targetX: 145/targetY 85
[21:52:56] [Client/GameBox/sendTargetPos/INFO]: package 000B(角色移动意图) send!
[21:52:56] [Client/GameBox/sendTargetPos/INFO]: targetX: 145.0/targetY: 85.0
[21:52:59] [Client/GameBox/updateTarget/INFO]: receive Package 000C(角色目标)
[21:52:59] [Client/GameBox/updateTarget/INFO]: targetX: -52/targetY -52
[21:52:59] [Client/GameBox/sendTargetPos/INFO]: package 000B(角色移动意图) send!
[21:52:59] [Client/GameBox/sendTargetPos/INFO]: targetX: -52.0/targetY: -52.0
[21:53:01] [Client/GameBox/updateTarget/INFO]: receive Package 000C(角色目标)
[21:53:01] [Client/GameBox/updateTarget/INFO]: targetX: 107/targetY 109
[21:53:01] [Client/GameBox/sendTargetPos/INFO]: package 000B(角色移动意图) send!
[21:53:01] [Client/GameBox/sendTargetPos/INFO]: targetX: 107.0/targetY: 109.0
[21:53:29] [Client/GameBox/updateTarget/INFO]: receive Package 000C(角色目标)
[21:53:29] [Client/GameBox/updateTarget/INFO]: targetX: 346/targetY 117
[21:53:29] [Client/GameBox/sendTargetPos/INFO]: package 000B(角色移动意图) send!
[21:53:29] [Client/GameBox/sendTargetPos/INFO]: targetX: 346.0/targetY: 117.0
[21:53:32] [Client/GameBox/updateTarget/INFO]: receive Package 000C(角色目标)
[21:53:32] [Client/GameBox/updateTarget/INFO]: targetX: 48/targetY 122
[21:53:32] [Client/GameBox/sendTargetPos/INFO]: package 000B(角色移动意图) send!
[21:53:32] [Client/GameBox/sendTargetPos/INFO]: targetX: 48.0/targetY: 122.0
[21:53:34] [Client/GameBox/updateTarget/INFO]: receive Package 000C(角色目标)
[21:53:34] [Client/GameBox/updateTarget/INFO]: targetX: 424/targetY 377
[21:53:34] [Client/GameBox/sendTargetPos/INFO]: package 000B(角色移动意图) send!
[21:53:34] [Client/GameBox/sendTargetPos/INFO]: targetX: 424.0/targetY: 377.0
[21:53:36] [Client/GameBox/updateTarget/INFO]: receive Package 000C(角色目标)
[21:53:36] [Client/GameBox/updateTarget/INFO]: targetX: 376/targetY 105
[21:53:37] [Client/GameBox/sendTargetPos/INFO]: package 000B(角色移动意图) send!
[21:53:37] [Client/GameBox/sendTargetPos/INFO]: targetX: 376.0/targetY: 105.0
[21:53:38] [Client/GameBox/updateTarget/INFO]: receive Package 000C(角色目标)
[21:53:38] [Client/GameBox/updateTarget/INFO]: targetX: 377/targetY -136
[21:53:38] [Client/GameBox/sendTargetPos/INFO]: package 000B(角色移动意图) send!
[21:53:38] [Client/GameBox/sendTargetPos/INFO]: targetX: 377.0/targetY: -136.0
[21:53:40] [Client/GameBox/updateTarget/INFO]: receive Package 000C(角色目标)
[21:53:40] [Client/GameBox/updateTarget/INFO]: targetX: 567/targetY 128
[21:53:40] [Client/GameBox/sendTargetPos/INFO]: package 000B(角色移动意图) send!
[21:53:40] [Client/GameBox/sendTargetPos/INFO]: targetX: 567.0/targetY: 128.0
[21:53:41] [Client/GameBox/updateTarget/INFO]: receive Package 000C(角色目标)
[21:53:41] [Client/GameBox/updateTarget/INFO]: targetX: 110/targetY 196
[21:53:41] [Client/GameBox/sendTargetPos/INFO]: package 000B(角色移动意图) send!
[21:53:41] [Client/GameBox/sendTargetPos/INFO]: targetX: 110.0/targetY: 196.0
[21:53:44] [Client/GameBox/updateTarget/INFO]: receive Package 000C(角色目标)
[21:53:44] [Client/GameBox/updateTarget/INFO]: targetX: -205/targetY 202
[21:53:44] [Client/GameBox/sendTargetPos/INFO]: package 000B(角色移动意图) send!
[21:53:44] [Client/GameBox/sendTargetPos/INFO]: targetX: -205.0/targetY: 202.0
[21:53:46] [Client/GameBox/updateTarget/INFO]: receive Package 000C(角色目标)
[21:53:46] [Client/GameBox/updateTarget/INFO]: targetX: 385/targetY 209
[21:53:46] [Client/GameBox/sendTargetPos/INFO]: package 000B(角色移动意图) send!
[21:53:46] [Client/GameBox/sendTargetPos/INFO]: targetX: 385.0/targetY: 209.0
[21:53:48] [Client/GameBox/updateTarget/INFO]: receive Package 000C(角色目标)
[21:53:48] [Client/GameBox/updateTarget/INFO]: targetX: 786/targetY 166
[21:53:48] [Client/GameBox/sendTargetPos/INFO]: package 000B(角色移动意图) send!
[21:53:48] [Client/GameBox/sendTargetPos/INFO]: targetX: 786.0/targetY: 166.0
[21:53:49] [Client/GameBox/updateTarget/INFO]: receive Package 000C(角色目标)
[21:53:49] [Client/GameBox/updateTarget/INFO]: targetX: 1080/targetY 431
[21:53:50] [Client/GameBox/sendTargetPos/INFO]: package 000B(角色移动意图) send!
[21:53:50] [Client/GameBox/sendTargetPos/INFO]: targetX: 1080.0/targetY: 431.0
[21:53:50] [Client/GameBox/updateTarget/INFO]: receive Package 000C(角色目标)
[21:53:50] [Client/GameBox/updateTarget/INFO]: targetX: 1204/targetY 507
[21:53:50] [Client/GameBox/sendTargetPos/INFO]: package 000B(角色移动意图) send!
[21:53:50] [Client/GameBox/sendTargetPos/INFO]: targetX: 1204.0/targetY: 507.0
[21:53:51] [Client/GameBox/updateTarget/INFO]: receive Package 000C(角色目标)
[21:53:51] [Client/GameBox/updateTarget/INFO]: targetX: 603/targetY 404
[21:53:51] [Client/GameBox/sendTargetPos/INFO]: package 000B(角色移动意图) send!
[21:53:51] [Client/GameBox/sendTargetPos/INFO]: targetX: 603.0/targetY: 404.0
[21:53:51] [Client/GameBox/updateTarget/INFO]: receive Package 000C(角色目标)
[21:53:51] [Client/GameBox/updateTarget/INFO]: targetX: 337/targetY 400
[21:53:51] [Client/GameBox/sendTargetPos/INFO]: package 000B(角色移动意图) send!
[21:53:52] [Client/GameBox/sendTargetPos/INFO]: targetX: 337.0/targetY: 400.0
[21:53:52] [Client/GameBox/updateTarget/INFO]: receive Package 000C(角色目标)
[21:53:52] [Client/GameBox/updateTarget/INFO]: targetX: 189/targetY 385
[21:53:52] [Client/GameBox/sendTargetPos/INFO]: package 000B(角色移动意图) send!
[21:53:52] [Client/GameBox/sendTargetPos/INFO]: targetX: 189.0/targetY: 385.0
[21:53:53] [Client/GameBox/updateTarget/INFO]: receive Package 000C(角色目标)
[21:53:53] [Client/GameBox/updateTarget/INFO]: targetX: 460/targetY 160
[21:53:53] [Client/GameBox/sendTargetPos/INFO]: package 000B(角色移动意图) send!
[21:53:54] [Client/GameBox/sendTargetPos/INFO]: targetX: 460.0/targetY: 160.0
[21:53:55] [Client/GameBox/updateTarget/INFO]: receive Package 000C(角色目标)
[21:53:55] [Client/GameBox/updateTarget/INFO]: targetX: 861/targetY 183
[21:53:55] [Client/GameBox/sendTargetPos/INFO]: package 000B(角色移动意图) send!
[21:53:55] [Client/GameBox/sendTargetPos/INFO]: targetX: 861.0/targetY: 183.0
[21:53:56] [Client/GameBox/updateTarget/INFO]: receive Package 000C(角色目标)
[21:53:56] [Client/GameBox/updateTarget/INFO]: targetX: 1004/targetY 443
[21:53:56] [Client/GameBox/sendTargetPos/INFO]: package 000B(角色移动意图) send!
[21:53:56] [Client/GameBox/sendTargetPos/INFO]: targetX: 1004.0/targetY: 443.0
[21:53:57] [Client/GameBox/updateTarget/INFO]: receive Package 000C(角色目标)
[21:53:57] [Client/GameBox/updateTarget/INFO]: targetX: 400/targetY 403
[21:53:57] [Client/GameBox/sendTargetPos/INFO]: package 000B(角色移动意图) send!
[21:53:57] [Client/GameBox/sendTargetPos/INFO]: targetX: 400.0/targetY: 403.0
[21:53:58] [Client/GameBox/updateTarget/INFO]: receive Package 000C(角色目标)
[21:53:58] [Client/GameBox/updateTarget/INFO]: targetX: 225/targetY 388
[21:53:58] [Client/GameBox/sendTargetPos/INFO]: package 000B(角色移动意图) send!
[21:53:58] [Client/GameBox/sendTargetPos/INFO]: targetX: 225.0/targetY: 388.0
[21:54:00] [Client/GameBox/updateTarget/INFO]: receive Package 000C(角色目标)
[21:54:00] [Client/GameBox/updateTarget/INFO]: targetX: 204/targetY 62
[21:54:00] [Client/GameBox/sendTargetPos/INFO]: package 000B(角色移动意图) send!
[21:54:00] [Client/GameBox/sendTargetPos/INFO]: targetX: 204.0/targetY: 62.0
[21:54:01] [Client/GameBox/updateTarget/INFO]: receive Package 000C(角色目标)
[21:54:01] [Client/GameBox/updateTarget/INFO]: targetX: 1/targetY 21
[21:54:01] [Client/GameBox/sendTargetPos/INFO]: package 000B(角色移动意图) send!
[21:54:01] [Client/GameBox/sendTargetPos/INFO]: targetX: 1.0/targetY: 21.0
[21:54:07] [Client/GameBox/updateTarget/INFO]: receive Package 000C(角色目标)
[21:54:07] [Client/GameBox/updateTarget/INFO]: targetX: 149/targetY 116
[21:54:07] [Client/GameBox/sendTargetPos/INFO]: package 000B(角色移动意图) send!
[21:54:07] [Client/GameBox/sendTargetPos/INFO]: targetX: 149.0/targetY: 116.0
[21:54:14] [Client/GameBox/updateTarget/INFO]: receive Package 000C(角色目标)
[21:54:14] [Client/GameBox/updateTarget/INFO]: targetX: 513/targetY 276
[21:54:14] [Client/GameBox/sendTargetPos/INFO]: package 000B(角色移动意图) send!
[21:54:14] [Client/GameBox/sendTargetPos/INFO]: targetX: 513.0/targetY: 276.0
[21:54:17] [Client/GameBox/updateTarget/INFO]: receive Package 000C(角色目标)
[21:54:17] [Client/GameBox/updateTarget/INFO]: targetX: 134/targetY 289
[21:54:17] [Client/GameBox/sendTargetPos/INFO]: package 000B(角色移动意图) send!
[21:54:17] [Client/GameBox/sendTargetPos/INFO]: targetX: 134.0/targetY: 289.0
[21:54:31] [Client/GameBox/updateTarget/INFO]: receive Package 000C(角色目标)
[21:54:31] [Client/GameBox/updateTarget/INFO]: targetX: 245/targetY 29
[21:54:31] [Client/GameBox/sendTargetPos/INFO]: package 000B(角色移动意图) send!
[21:54:31] [Client/GameBox/sendTargetPos/INFO]: targetX: 245.0/targetY: 29.0
[21:54:36] [Client/GameBox/updateTarget/INFO]: receive Package 000C(角色目标)
[21:54:36] [Client/GameBox/updateTarget/INFO]: targetX: 494/targetY -166
[21:54:36] [Client/GameBox/sendTargetPos/INFO]: package 000B(角色移动意图) send!
[21:54:36] [Client/GameBox/sendTargetPos/INFO]: targetX: 494.0/targetY: -166.0
[21:54:37] [Client/GameBox/updateTarget/INFO]: receive Package 000C(角色目标)
[21:54:37] [Client/GameBox/updateTarget/INFO]: targetX: 398/targetY -416
[21:54:37] [Client/GameBox/sendTargetPos/INFO]: package 000B(角色移动意图) send!
[21:54:38] [Client/GameBox/sendTargetPos/INFO]: targetX: 398.0/targetY: -416.0
[21:54:39] [Client/GameBox/updateTarget/INFO]: receive Package 000C(角色目标)
[21:54:39] [Client/GameBox/updateTarget/INFO]: targetX: 581/targetY -83
[21:54:39] [Client/GameBox/sendTargetPos/INFO]: package 000B(角色移动意图) send!
[21:54:39] [Client/GameBox/sendTargetPos/INFO]: targetX: 581.0/targetY: -83.0
[21:54:40] [Client/GameBox/updateTarget/INFO]: receive Package 000C(角色目标)
[21:54:40] [Client/GameBox/updateTarget/INFO]: targetX: 658/targetY 148
[21:54:40] [Client/GameBox/sendTargetPos/INFO]: package 000B(角色移动意图) send!
[21:54:40] [Client/GameBox/sendTargetPos/INFO]: targetX: 658.0/targetY: 148.0
[21:54:41] [Client/GameBox/updateTarget/INFO]: receive Package 000C(角色目标)
[21:54:41] [Client/GameBox/updateTarget/INFO]: targetX: 740/targetY 382
[21:54:41] [Client/GameBox/sendTargetPos/INFO]: package 000B(角色移动意图) send!
[21:54:41] [Client/GameBox/sendTargetPos/INFO]: targetX: 740.0/targetY: 382.0
[21:54:42] [Client/GameBox/updateTarget/INFO]: receive Package 000C(角色目标)
[21:54:42] [Client/GameBox/updateTarget/INFO]: targetX: 268/targetY 425
[21:54:42] [Client/GameBox/sendTargetPos/INFO]: package 000B(角色移动意图) send!
[21:54:42] [Client/GameBox/sendTargetPos/INFO]: targetX: 268.0/targetY: 425.0
[21:55:01] [Client/GameBox/updateTarget/INFO]: receive Package 000C(角色目标)
[21:55:01] [Client/GameBox/updateTarget/INFO]: targetX: 507/targetY 568
[21:55:01] [Client/GameBox/sendTargetPos/INFO]: package 000B(角色移动意图) send!
[21:55:01] [Client/GameBox/sendTargetPos/INFO]: targetX: 507.0/targetY: 568.0
[21:55:05] [Client/GameBox/updateTarget/INFO]: receive Package 000C(角色目标)
[21:55:05] [Client/GameBox/updateTarget/INFO]: targetX: 983/targetY 679
[21:55:05] [Client/GameBox/sendTargetPos/INFO]: package 000B(角色移动意图) send!
[21:55:05] [Client/GameBox/sendTargetPos/INFO]: targetX: 983.0/targetY: 679.0
[21:55:06] [Client/GameBox/updateTarget/INFO]: receive Package 000C(角色目标)
[21:55:06] [Client/GameBox/updateTarget/INFO]: targetX: 1426/targetY 461
[21:55:06] [Client/GameBox/sendTargetPos/INFO]: package 000B(角色移动意图) send!
[21:55:06] [Client/GameBox/sendTargetPos/INFO]: targetX: 1426.0/targetY: 461.0
[21:55:08] [Client/GameBox/updateTarget/INFO]: receive Package 000C(角色目标)
[21:55:08] [Client/GameBox/updateTarget/INFO]: targetX: 1814/targetY 300
[21:55:08] [Client/GameBox/sendTargetPos/INFO]: package 000B(角色移动意图) send!
[21:55:08] [Client/GameBox/sendTargetPos/INFO]: targetX: 1814.0/targetY: 300.0
[21:55:09] [Client/GameBox/updateTarget/INFO]: receive Package 000C(角色目标)
[21:55:09] [Client/GameBox/updateTarget/INFO]: targetX: 1144/targetY 356
[21:55:09] [Client/GameBox/sendTargetPos/INFO]: package 000B(角色移动意图) send!
[21:55:09] [Client/GameBox/sendTargetPos/INFO]: targetX: 1144.0/targetY: 356.0
[21:55:11] [Client/GameBox/updateTarget/INFO]: receive Package 000C(角色目标)
[21:55:11] [Client/GameBox/updateTarget/INFO]: targetX: 682/targetY 329
[21:55:11] [Client/GameBox/sendTargetPos/INFO]: package 000B(角色移动意图) send!
[21:55:11] [Client/GameBox/sendTargetPos/INFO]: targetX: 682.0/targetY: 329.0
[21:55:13] [Client/GameBox/updateTarget/INFO]: receive Package 000C(角色目标)
[21:55:13] [Client/GameBox/updateTarget/INFO]: targetX: 197/targetY 300
[21:55:13] [Client/GameBox/sendTargetPos/INFO]: package 000B(角色移动意图) send!
[21:55:13] [Client/GameBox/sendTargetPos/INFO]: targetX: 197.0/targetY: 300.0
[21:55:14] [Client/GameBox/updateTarget/INFO]: receive Package 000C(角色目标)
[21:55:15] [Client/GameBox/updateTarget/INFO]: targetX: 35/targetY 22
[21:55:15] [Client/GameBox/sendTargetPos/INFO]: package 000B(角色移动意图) send!
[21:55:15] [Client/GameBox/sendTargetPos/INFO]: targetX: 35.0/targetY: 22.0
[21:55:18] [Client/GameBox/updateTarget/INFO]: receive Package 000C(角色目标)
[21:55:18] [Client/GameBox/updateTarget/INFO]: targetX: 298/targetY 330
[21:55:18] [Client/GameBox/sendTargetPos/INFO]: package 000B(角色移动意图) send!
[21:55:18] [Client/GameBox/sendTargetPos/INFO]: targetX: 298.0/targetY: 330.0
[21:55:19] [Client/GameBox/updateTarget/INFO]: receive Package 000C(角色目标)
[21:55:19] [Client/GameBox/updateTarget/INFO]: targetX: 39/targetY 35
[21:55:19] [Client/GameBox/sendTargetPos/INFO]: package 000B(角色移动意图) send!
[21:55:19] [Client/GameBox/sendTargetPos/INFO]: targetX: 39.0/targetY: 35.0
[21:55:22] [Client/GameBox/updateTarget/INFO]: receive Package 000C(角色目标)
[21:55:22] [Client/GameBox/updateTarget/INFO]: targetX: -92/targetY -85
[21:55:22] [Client/GameBox/sendTargetPos/INFO]: package 000B(角色移动意图) send!
[21:55:22] [Client/GameBox/sendTargetPos/INFO]: targetX: -92.0/targetY: -85.0
[21:55:23] [Client/GameBox/updateTarget/INFO]: receive Package 000C(角色目标)
[21:55:24] [Client/GameBox/updateTarget/INFO]: targetX: 135/targetY 119
[21:55:24] [Client/GameBox/sendTargetPos/INFO]: package 000B(角色移动意图) send!
[21:55:24] [Client/GameBox/sendTargetPos/INFO]: targetX: 135.0/targetY: 119.0
[21:55:25] [Client/GameBox/updateTarget/INFO]: receive Package 000C(角色目标)
[21:55:25] [Client/GameBox/updateTarget/INFO]: targetX: -161/targetY -100
[21:55:25] [Client/GameBox/sendTargetPos/INFO]: package 000B(角色移动意图) send!
[21:55:25] [Client/GameBox/sendTargetPos/INFO]: targetX: -161.0/targetY: -100.0
[21:55:26] [Client/GameBox/updateTarget/INFO]: receive Package 000C(角色目标)
[21:55:26] [Client/GameBox/updateTarget/INFO]: targetX: 130/targetY 193
[21:55:26] [Client/GameBox/sendTargetPos/INFO]: package 000B(角色移动意图) send!
[21:55:26] [Client/GameBox/sendTargetPos/INFO]: targetX: 130.0/targetY: 193.0
[21:55:28] [Client/GameBox/updateTarget/INFO]: receive Package 000C(角色目标)
[21:55:28] [Client/GameBox/updateTarget/INFO]: targetX: 28/targetY -75
[21:55:28] [Client/GameBox/sendTargetPos/INFO]: package 000B(角色移动意图) send!
[21:55:28] [Client/GameBox/sendTargetPos/INFO]: targetX: 28.0/targetY: -75.0
[21:55:29] [Client/GameBox/updateTarget/INFO]: receive Package 000C(角色目标)
[21:55:29] [Client/GameBox/updateTarget/INFO]: targetX: 277/targetY 183
[21:55:29] [Client/GameBox/sendTargetPos/INFO]: package 000B(角色移动意图) send!
[21:55:29] [Client/GameBox/sendTargetPos/INFO]: targetX: 277.0/targetY: 183.0
[21:55:31] [Client/GameBox/updateTarget/INFO]: receive Package 000C(角色目标)
[21:55:31] [Client/GameBox/updateTarget/INFO]: targetX: 768/targetY 324
[21:55:31] [Client/GameBox/sendTargetPos/INFO]: package 000B(角色移动意图) send!
[21:55:31] [Client/GameBox/sendTargetPos/INFO]: targetX: 768.0/targetY: 324.0
[21:55:32] [Client/GameBox/updateTarget/INFO]: receive Package 000C(角色目标)
[21:55:32] [Client/GameBox/updateTarget/INFO]: targetX: 170/targetY 318
[21:55:32] [Client/GameBox/sendTargetPos/INFO]: package 000B(角色移动意图) send!
[21:55:32] [Client/GameBox/sendTargetPos/INFO]: targetX: 170.0/targetY: 318.0
[21:55:35] [Client/GameBox/updateTarget/INFO]: receive Package 000C(角色目标)
[21:55:35] [Client/GameBox/updateTarget/INFO]: targetX: 12/targetY 338
[21:55:35] [Client/GameBox/sendTargetPos/INFO]: package 000B(角色移动意图) send!
[21:55:35] [Client/GameBox/sendTargetPos/INFO]: targetX: 12.0/targetY: 338.0
[21:55:36] [Client/GameBox/updateTarget/INFO]: receive Package 000C(角色目标)
[21:55:36] [Client/GameBox/updateTarget/INFO]: targetX: 148/targetY 546
[21:55:36] [Client/GameBox/sendTargetPos/INFO]: package 000B(角色移动意图) send!
[21:55:36] [Client/GameBox/sendTargetPos/INFO]: targetX: 148.0/targetY: 546.0
[21:55:37] [Client/GameBox/updateTarget/INFO]: receive Package 000C(角色目标)
[21:55:37] [Client/GameBox/updateTarget/INFO]: targetX: 262/targetY 801
[21:55:37] [Client/GameBox/sendTargetPos/INFO]: package 000B(角色移动意图) send!
[21:55:37] [Client/GameBox/sendTargetPos/INFO]: targetX: 262.0/targetY: 801.0
[21:55:38] [Client/GameBox/updateTarget/INFO]: receive Package 000C(角色目标)
[21:55:38] [Client/GameBox/updateTarget/INFO]: targetX: 311/targetY 976
[21:55:38] [Client/GameBox/sendTargetPos/INFO]: package 000B(角色移动意图) send!
[21:55:38] [Client/GameBox/sendTargetPos/INFO]: targetX: 311.0/targetY: 976.0
[21:55:38] [Client/GameBox/updateTarget/INFO]: receive Package 000C(角色目标)
[21:55:38] [Client/GameBox/updateTarget/INFO]: targetX: 127/targetY 899
[21:55:39] [Client/GameBox/sendTargetPos/INFO]: package 000B(角色移动意图) send!
[21:55:39] [Client/GameBox/sendTargetPos/INFO]: targetX: 127.0/targetY: 899.0
[21:55:40] [Client/GameBox/updateTarget/INFO]: receive Package 000C(角色目标)
[21:55:40] [Client/GameBox/updateTarget/INFO]: targetX: 166/targetY 1010
[21:55:40] [Client/GameBox/sendTargetPos/INFO]: package 000B(角色移动意图) send!
[21:55:40] [Client/GameBox/sendTargetPos/INFO]: targetX: 166.0/targetY: 1010.0
[21:55:41] [Client/GameBox/updateTarget/INFO]: receive Package 000C(角色目标)
[21:55:41] [Client/GameBox/updateTarget/INFO]: targetX: 359/targetY 1227
[21:55:41] [Client/GameBox/sendTargetPos/INFO]: package 000B(角色移动意图) send!
[21:55:42] [AioModule/Write/Failed/WARNING]: Failed to send to sessionnull. java.nio.channels.ClosedChannelException
[21:55:42] [Client/GameBox/sendTargetPos/INFO]: targetX: 359.0/targetY: 1227.0
[21:55:43] [Client/GameBox/updateTarget/INFO]: receive Package 000C(角色目标)
[21:55:43] [Client/GameBox/updateTarget/INFO]: targetX: 730/targetY 1356
[21:55:43] [Client/GameBox/sendTargetPos/INFO]: package 000B(角色移动意图) send!
[21:55:43] [Client/GameBox/sendTargetPos/INFO]: targetX: 730.0/targetY: 1356.0
